<?xml version="1.0" encoding="UTF-8"?>
<testsuites name="Register" time="922" tests="47" failures="0" errors="0">
   <testsuite name="Register" tests="47" failures="0" errors="0" time="922" timestamp="2561-04-01 12:52:20" hostname="Administrator - SUPHISIT" id="Test Suites/RegisterV/Register">
      <properties>
         <property name="deviceName" value=""/>
         <property name="devicePlatform" value=""/>
         <property name="logFolder" value="C:\\Users\\Administrator\\Desktop\\Practice Test\\Reports\\RegisterV\\Register\\25610401_125214"/>
         <property name="logFiles" value="C:\\Users\\Administrator\\Desktop\\Practice Test\\Reports\\RegisterV\\Register\\25610401_125214\\execution0.log"/>
         <property name="attachments" value=""/>
         <property name="hostName" value="Administrator - SUPHISIT"/>
         <property name="os" value="Windows 10 64bit"/>
         <property name="katalonVersion" value="5.3.1.1"/>
         <property name="browser" value="Chrome 65.0.3325.181"/>
         <property name="hostAddress" value="192.168.219.1"/>
         <property name="sessionId" value="c62e4d68685b3e909b27b93bee898b87"/>
         <property name="seleniumVersion" value="3.7.1"/>
         <property name="proxyInformation" value="ProxyInformation{proxyOption=NO_PROXY, proxyServerType=HTTP, password=, proxyServerAddress=, proxyServerPort=0}"/>
         <property name="platform" value="Windows 10"/>
      </properties>
      <testcase name="Test Cases/Register volunteer/Register01" classname="Test Cases/Register volunteer/Register01" status="PASSED">
         <system-out><![CDATA[2561-04-01 12:52:21 - [TEST_CASE][PASSED] - Test Cases/Register volunteer/Register01: Test Cases/Register volunteer/Register01

2561-04-01 12:52:22 - [TEST_STEP][PASSED] - Statement - randomString = CustomKeywords.generateEmail.genEmail.randomString("abcdefghijklmnopqrstuvwxty123456789", 10): generateEmail.genEmail.randomString is PASSED

2561-04-01 12:52:22 - [MESSAGE][PASSED] - generateEmail.genEmail.randomString is PASSED

2561-04-01 12:52:22 - [TEST_STEP][PASSED] - openBrowser: Browser is opened with url: ''

2561-04-01 12:52:32 - [MESSAGE][PASSED] - Browser is opened with url: ''

2561-04-01 12:52:32 - [TEST_STEP][PASSED] - navigateToUrl: Navigate to 'http://vivblind.play2pay.me/' successfully

2561-04-01 12:52:36 - [MESSAGE][PASSED] - Navigate to 'http://vivblind.play2pay.me/' successfully

2561-04-01 12:52:36 - [TEST_STEP][PASSED] - click: Object: 'Object Repository/Register_Page/a_' is clicked on

2561-04-01 12:52:36 - [MESSAGE][PASSED] - Object: 'Object Repository/Register_Page/a_' is clicked on

2561-04-01 12:52:36 - [TEST_STEP][PASSED] - setText: Text 'a9d6nnft68@gmail.com' is set on object 'Object Repository/Register_Page/input_EMAIL (1)'

2561-04-01 12:52:37 - [MESSAGE][PASSED] - Text 'a9d6nnft68@gmail.com' is set on object 'Object Repository/Register_Page/input_EMAIL (1)'

2561-04-01 12:52:37 - [TEST_STEP][PASSED] - setText: Text '0857098359' is set on object 'Object Repository/Register_Page/input_PASSWORD'

2561-04-01 12:52:37 - [MESSAGE][PASSED] - Text '0857098359' is set on object 'Object Repository/Register_Page/input_PASSWORD'

2561-04-01 12:52:37 - [TEST_STEP][PASSED] - setText: Text '0857098359' is set on object 'Object Repository/Register_Page/input_password_confirmation'

2561-04-01 12:52:37 - [MESSAGE][PASSED] - Text '0857098359' is set on object 'Object Repository/Register_Page/input_password_confirmation'

2561-04-01 12:52:37 - [TEST_STEP][PASSED] - uploadFile: File 'C:\Users\Administrator\Desktop\Test.jpg' sent to object: 'Object Repository/Register_Page/Upload File'

2561-04-01 12:52:38 - [MESSAGE][PASSED] - File 'C:\Users\Administrator\Desktop\Test.jpg' sent to object: 'Object Repository/Register_Page/Upload File'

2561-04-01 12:52:38 - [TEST_STEP][PASSED] - setText: Text 'ศุภิสิทธิ์ ' is set on object 'Object Repository/Register_Page/input_FIRST_NAME_TH'

2561-04-01 12:52:38 - [MESSAGE][PASSED] - Text 'ศุภิสิทธิ์ ' is set on object 'Object Repository/Register_Page/input_FIRST_NAME_TH'

2561-04-01 12:52:38 - [TEST_STEP][PASSED] - setText: Text 'ไข่กา' is set on object 'Object Repository/Register_Page/input_LAST_NAME_TH'

2561-04-01 12:52:38 - [MESSAGE][PASSED] - Text 'ไข่กา' is set on object 'Object Repository/Register_Page/input_LAST_NAME_TH'

2561-04-01 12:52:38 - [TEST_STEP][PASSED] - setText: Text 'Suphisit' is set on object 'Object Repository/Register_Page/input_FIRST_NAME_EN'

2561-04-01 12:52:38 - [MESSAGE][PASSED] - Text 'Suphisit' is set on object 'Object Repository/Register_Page/input_FIRST_NAME_EN'

2561-04-01 12:52:38 - [TEST_STEP][PASSED] - setText: Text 'Khaika' is set on object 'Object Repository/Register_Page/input_LAST_NAME_EN'

2561-04-01 12:52:39 - [MESSAGE][PASSED] - Text 'Khaika' is set on object 'Object Repository/Register_Page/input_LAST_NAME_EN'

2561-04-01 12:52:39 - [TEST_STEP][PASSED] - setText: Text '13/10/1994' is set on object 'Object Repository/Register_Page/input_BIRTH_DATE'

2561-04-01 12:52:39 - [MESSAGE][PASSED] - Text '13/10/1994' is set on object 'Object Repository/Register_Page/input_BIRTH_DATE'

2561-04-01 12:52:39 - [TEST_STEP][PASSED] - selectOptionByValue: All options with value 'พุทธ' are selected in object 'Object Repository/Register_Page/select_'  using regular expression

2561-04-01 12:52:40 - [MESSAGE][PASSED] - All options with value 'พุทธ' are selected in object 'Object Repository/Register_Page/select_'  using regular expression

2561-04-01 12:52:40 - [TEST_STEP][PASSED] - selectOptionByValue: All options with value 'ปริญญาตรี' are selected in object 'Object Repository/Register_Page/select__1'  using regular expression

2561-04-01 12:52:40 - [MESSAGE][PASSED] - All options with value 'ปริญญาตรี' are selected in object 'Object Repository/Register_Page/select__1'  using regular expression

2561-04-01 12:52:40 - [TEST_STEP][PASSED] - selectOptionByValue: All options with value 'อื่นๆ' are selected in object 'Object Repository/Register_Page/select__2'  using regular expression

2561-04-01 12:52:40 - [MESSAGE][PASSED] - All options with value 'อื่นๆ' are selected in object 'Object Repository/Register_Page/select__2'  using regular expression

2561-04-01 12:52:40 - [TEST_STEP][PASSED] - setText: Text '3' is set on object 'Object Repository/Register_Page/input_ADDRESS_NO'

2561-04-01 12:52:41 - [MESSAGE][PASSED] - Text '3' is set on object 'Object Repository/Register_Page/input_ADDRESS_NO'

2561-04-01 12:52:41 - [TEST_STEP][PASSED] - setText: Text '10' is set on object 'Object Repository/Register_Page/input_ADDRESS_MOO'

2561-04-01 12:52:41 - [MESSAGE][PASSED] - Text '10' is set on object 'Object Repository/Register_Page/input_ADDRESS_MOO'

2561-04-01 12:52:41 - [TEST_STEP][PASSED] - setText: Text 'พหลโยธิน' is set on object 'Object Repository/Register_Page/input_ADDRESS_ROAD'

2561-04-01 12:52:41 - [MESSAGE][PASSED] - Text 'พหลโยธิน' is set on object 'Object Repository/Register_Page/input_ADDRESS_ROAD'

2561-04-01 12:52:41 - [TEST_STEP][PASSED] - delay: Delayed 2 second(s)

2561-04-01 12:52:43 - [MESSAGE][PASSED] - Delayed 2 second(s)

2561-04-01 12:52:43 - [TEST_STEP][PASSED] - selectOptionByValue: All options with value '45' are selected in object 'Object Repository/Register_Page/ADDRESS_PROVINCE' 

2561-04-01 12:52:43 - [MESSAGE][PASSED] - All options with value '45' are selected in object 'Object Repository/Register_Page/ADDRESS_PROVINCE' 

2561-04-01 12:52:43 - [TEST_STEP][PASSED] - delay: Delayed 2 second(s)

2561-04-01 12:52:45 - [MESSAGE][PASSED] - Delayed 2 second(s)

2561-04-01 12:52:45 - [TEST_STEP][PASSED] - selectOptionByValue: All options with value '665' are selected in object 'Object Repository/Register_Page/ADDRESS_DISTRICT' 

2561-04-01 12:52:46 - [MESSAGE][PASSED] - All options with value '665' are selected in object 'Object Repository/Register_Page/ADDRESS_DISTRICT' 

2561-04-01 12:52:46 - [TEST_STEP][PASSED] - delay: Delayed 2 second(s)

2561-04-01 12:52:48 - [MESSAGE][PASSED] - Delayed 2 second(s)

2561-04-01 12:52:48 - [TEST_STEP][PASSED] - selectOptionByValue: All options with value '14726' are selected in object 'Object Repository/Register_Page/ADDRESS_SUBDISTRICT' 

2561-04-01 12:52:48 - [MESSAGE][PASSED] - All options with value '14726' are selected in object 'Object Repository/Register_Page/ADDRESS_SUBDISTRICT' 

2561-04-01 12:52:48 - [TEST_STEP][PASSED] - setText: Text '57130' is set on object 'Object Repository/Register_Page/input_ADDRESS_POSTCODE'

2561-04-01 12:52:48 - [MESSAGE][PASSED] - Text '57130' is set on object 'Object Repository/Register_Page/input_ADDRESS_POSTCODE'

2561-04-01 12:52:48 - [TEST_STEP][PASSED] - selectOptionByValue: All options with value 'กำลังทำงาน' are selected in object 'Object Repository/Register_Page/select__3'  using regular expression

2561-04-01 12:52:48 - [MESSAGE][PASSED] - All options with value 'กำลังทำงาน' are selected in object 'Object Repository/Register_Page/select__3'  using regular expression

2561-04-01 12:52:48 - [TEST_STEP][PASSED] - setText: Text '3 หมู่ที่ 10 ต.โป่งผา อ.แม่สาย จ.เชียงราย' is set on object 'Object Repository/Register_Page/input_ADDRESS_ALL'

2561-04-01 12:52:49 - [MESSAGE][PASSED] - Text '3 หมู่ที่ 10 ต.โป่งผา อ.แม่สาย จ.เชียงราย' is set on object 'Object Repository/Register_Page/input_ADDRESS_ALL'

2561-04-01 12:52:49 - [TEST_STEP][PASSED] - setText: Text '053646789' is set on object 'Object Repository/Register_Page/input_PHONE'

2561-04-01 12:52:49 - [MESSAGE][PASSED] - Text '053646789' is set on object 'Object Repository/Register_Page/input_PHONE'

2561-04-01 12:52:49 - [TEST_STEP][PASSED] - setText: Text '0827975510' is set on object 'Object Repository/Register_Page/input_CELL_PHONE'

2561-04-01 12:52:49 - [MESSAGE][PASSED] - Text '0827975510' is set on object 'Object Repository/Register_Page/input_CELL_PHONE'

2561-04-01 12:52:49 - [TEST_STEP][PASSED] - setText: Text '025445687' is set on object 'Object Repository/Register_Page/input_FAX'

2561-04-01 12:52:49 - [MESSAGE][PASSED] - Text '025445687' is set on object 'Object Repository/Register_Page/input_FAX'

2561-04-01 12:52:49 - [TEST_STEP][PASSED] - click: Object: 'Object Repository/Register_Page/input_submit (1)' is clicked on

2561-04-01 12:52:54 - [MESSAGE][PASSED] - Object: 'Object Repository/Register_Page/input_submit (1)' is clicked on

2561-04-01 12:52:54 - [TEST_STEP][PASSED] - verifyTextPresent: Text 'ขอบคุณสำหรับการลงทะเบียนโปรดตรวจสอบที่อีเมลของท่านเพื่อทำการระบุตัวตน' is present on page 

2561-04-01 12:52:54 - [MESSAGE][PASSED] - Text 'ขอบคุณสำหรับการลงทะเบียนโปรดตรวจสอบที่อีเมลของท่านเพื่อทำการระบุตัวตน' is present on page 

2561-04-01 12:52:54 - [TEST_STEP][PASSED] - closeBrowser: Browser is closed

2561-04-01 12:52:55 - [MESSAGE][PASSED] - Browser is closed]]></system-out>
         <system-err><![CDATA[]]></system-err>
      </testcase>
      <testcase name="Test Cases/Register volunteer/Register02" classname="Test Cases/Register volunteer/Register02" status="PASSED">
         <system-out><![CDATA[2561-04-01 12:52:55 - [TEST_CASE][PASSED] - Test Cases/Register volunteer/Register02: Test Cases/Register volunteer/Register02

2561-04-01 12:52:55 - [TEST_STEP][PASSED] - openBrowser: Browser is opened with url: ''

2561-04-01 12:52:59 - [MESSAGE][PASSED] - Browser is opened with url: ''

2561-04-01 12:52:59 - [TEST_STEP][PASSED] - navigateToUrl: Navigate to 'http://vivblind.play2pay.me/' successfully

2561-04-01 12:53:03 - [MESSAGE][PASSED] - Navigate to 'http://vivblind.play2pay.me/' successfully

2561-04-01 12:53:03 - [TEST_STEP][PASSED] - click: Object: 'Object Repository/Register_Page/a_' is clicked on

2561-04-01 12:53:04 - [MESSAGE][PASSED] - Object: 'Object Repository/Register_Page/a_' is clicked on

2561-04-01 12:53:04 - [TEST_STEP][PASSED] - setText: Text 'suphisit1@gmail.com' is set on object 'Object Repository/Register_Page/input_EMAIL (1)'

2561-04-01 12:53:04 - [MESSAGE][PASSED] - Text 'suphisit1@gmail.com' is set on object 'Object Repository/Register_Page/input_EMAIL (1)'

2561-04-01 12:53:04 - [TEST_STEP][PASSED] - setText: Text '0857098359' is set on object 'Object Repository/Register_Page/input_PASSWORD'

2561-04-01 12:53:04 - [MESSAGE][PASSED] - Text '0857098359' is set on object 'Object Repository/Register_Page/input_PASSWORD'

2561-04-01 12:53:04 - [TEST_STEP][PASSED] - setText: Text '1234567890' is set on object 'Object Repository/Register_Page/input_password_confirmation'

2561-04-01 12:53:04 - [MESSAGE][PASSED] - Text '1234567890' is set on object 'Object Repository/Register_Page/input_password_confirmation'

2561-04-01 12:53:04 - [TEST_STEP][PASSED] - uploadFile: File 'C:\Users\Administrator\Desktop\Test.jpg' sent to object: 'Object Repository/Register_Page/Upload File'

2561-04-01 12:53:04 - [MESSAGE][PASSED] - File 'C:\Users\Administrator\Desktop\Test.jpg' sent to object: 'Object Repository/Register_Page/Upload File'

2561-04-01 12:53:04 - [TEST_STEP][PASSED] - setText: Text 'ศุภิสิทธิ์ ' is set on object 'Object Repository/Register_Page/input_FIRST_NAME_TH'

2561-04-01 12:53:05 - [MESSAGE][PASSED] - Text 'ศุภิสิทธิ์ ' is set on object 'Object Repository/Register_Page/input_FIRST_NAME_TH'

2561-04-01 12:53:05 - [TEST_STEP][PASSED] - setText: Text 'ไข่กา' is set on object 'Object Repository/Register_Page/input_LAST_NAME_TH'

2561-04-01 12:53:05 - [MESSAGE][PASSED] - Text 'ไข่กา' is set on object 'Object Repository/Register_Page/input_LAST_NAME_TH'

2561-04-01 12:53:05 - [TEST_STEP][PASSED] - setText: Text 'Suphisit' is set on object 'Object Repository/Register_Page/input_FIRST_NAME_EN'

2561-04-01 12:53:05 - [MESSAGE][PASSED] - Text 'Suphisit' is set on object 'Object Repository/Register_Page/input_FIRST_NAME_EN'

2561-04-01 12:53:05 - [TEST_STEP][PASSED] - setText: Text 'Khaika' is set on object 'Object Repository/Register_Page/input_LAST_NAME_EN'

2561-04-01 12:53:05 - [MESSAGE][PASSED] - Text 'Khaika' is set on object 'Object Repository/Register_Page/input_LAST_NAME_EN'

2561-04-01 12:53:05 - [TEST_STEP][PASSED] - setText: Text '13/10/1994' is set on object 'Object Repository/Register_Page/input_BIRTH_DATE'

2561-04-01 12:53:05 - [MESSAGE][PASSED] - Text '13/10/1994' is set on object 'Object Repository/Register_Page/input_BIRTH_DATE'

2561-04-01 12:53:05 - [TEST_STEP][PASSED] - selectOptionByValue: All options with value 'พุทธ' are selected in object 'Object Repository/Register_Page/select_'  using regular expression

2561-04-01 12:53:06 - [MESSAGE][PASSED] - All options with value 'พุทธ' are selected in object 'Object Repository/Register_Page/select_'  using regular expression

2561-04-01 12:53:06 - [TEST_STEP][PASSED] - selectOptionByValue: All options with value 'ปริญญาตรี' are selected in object 'Object Repository/Register_Page/select__1'  using regular expression

2561-04-01 12:53:06 - [MESSAGE][PASSED] - All options with value 'ปริญญาตรี' are selected in object 'Object Repository/Register_Page/select__1'  using regular expression

2561-04-01 12:53:06 - [TEST_STEP][PASSED] - selectOptionByValue: All options with value 'อื่นๆ' are selected in object 'Object Repository/Register_Page/select__2'  using regular expression

2561-04-01 12:53:06 - [MESSAGE][PASSED] - All options with value 'อื่นๆ' are selected in object 'Object Repository/Register_Page/select__2'  using regular expression

2561-04-01 12:53:06 - [TEST_STEP][PASSED] - setText: Text '3' is set on object 'Object Repository/Register_Page/input_ADDRESS_NO'

2561-04-01 12:53:07 - [MESSAGE][PASSED] - Text '3' is set on object 'Object Repository/Register_Page/input_ADDRESS_NO'

2561-04-01 12:53:07 - [TEST_STEP][PASSED] - setText: Text '10' is set on object 'Object Repository/Register_Page/input_ADDRESS_MOO'

2561-04-01 12:53:07 - [MESSAGE][PASSED] - Text '10' is set on object 'Object Repository/Register_Page/input_ADDRESS_MOO'

2561-04-01 12:53:07 - [TEST_STEP][PASSED] - setText: Text 'พหลโยธิน' is set on object 'Object Repository/Register_Page/input_ADDRESS_ROAD'

2561-04-01 12:53:07 - [MESSAGE][PASSED] - Text 'พหลโยธิน' is set on object 'Object Repository/Register_Page/input_ADDRESS_ROAD'

2561-04-01 12:53:07 - [TEST_STEP][PASSED] - delay: Delayed 2 second(s)

2561-04-01 12:53:09 - [MESSAGE][PASSED] - Delayed 2 second(s)

2561-04-01 12:53:09 - [TEST_STEP][PASSED] - selectOptionByValue: All options with value '45' are selected in object 'Object Repository/Register_Page/ADDRESS_PROVINCE' 

2561-04-01 12:53:09 - [MESSAGE][PASSED] - All options with value '45' are selected in object 'Object Repository/Register_Page/ADDRESS_PROVINCE' 

2561-04-01 12:53:09 - [TEST_STEP][PASSED] - delay: Delayed 2 second(s)

2561-04-01 12:53:11 - [MESSAGE][PASSED] - Delayed 2 second(s)

2561-04-01 12:53:11 - [TEST_STEP][PASSED] - selectOptionByValue: All options with value '665' are selected in object 'Object Repository/Register_Page/ADDRESS_DISTRICT' 

2561-04-01 12:53:11 - [MESSAGE][PASSED] - All options with value '665' are selected in object 'Object Repository/Register_Page/ADDRESS_DISTRICT' 

2561-04-01 12:53:11 - [TEST_STEP][PASSED] - delay: Delayed 2 second(s)

2561-04-01 12:53:13 - [MESSAGE][PASSED] - Delayed 2 second(s)

2561-04-01 12:53:13 - [TEST_STEP][PASSED] - selectOptionByValue: All options with value '14726' are selected in object 'Object Repository/Register_Page/ADDRESS_SUBDISTRICT' 

2561-04-01 12:53:14 - [MESSAGE][PASSED] - All options with value '14726' are selected in object 'Object Repository/Register_Page/ADDRESS_SUBDISTRICT' 

2561-04-01 12:53:14 - [TEST_STEP][PASSED] - setText: Text '57130' is set on object 'Object Repository/Register_Page/input_ADDRESS_POSTCODE'

2561-04-01 12:53:14 - [MESSAGE][PASSED] - Text '57130' is set on object 'Object Repository/Register_Page/input_ADDRESS_POSTCODE'

2561-04-01 12:53:14 - [TEST_STEP][PASSED] - selectOptionByValue: All options with value 'กำลังทำงาน' are selected in object 'Object Repository/Register_Page/select__3'  using regular expression

2561-04-01 12:53:14 - [MESSAGE][PASSED] - All options with value 'กำลังทำงาน' are selected in object 'Object Repository/Register_Page/select__3'  using regular expression

2561-04-01 12:53:14 - [TEST_STEP][PASSED] - setText: Text '3 หมู่ที่ 10 ต.โป่งผา อ.แม่สาย จ.เชียงราย' is set on object 'Object Repository/Register_Page/input_ADDRESS_ALL'

2561-04-01 12:53:15 - [MESSAGE][PASSED] - Text '3 หมู่ที่ 10 ต.โป่งผา อ.แม่สาย จ.เชียงราย' is set on object 'Object Repository/Register_Page/input_ADDRESS_ALL'

2561-04-01 12:53:15 - [TEST_STEP][PASSED] - setText: Text '053646789' is set on object 'Object Repository/Register_Page/input_PHONE'

2561-04-01 12:53:15 - [MESSAGE][PASSED] - Text '053646789' is set on object 'Object Repository/Register_Page/input_PHONE'

2561-04-01 12:53:15 - [TEST_STEP][PASSED] - setText: Text '0827975510' is set on object 'Object Repository/Register_Page/input_CELL_PHONE'

2561-04-01 12:53:15 - [MESSAGE][PASSED] - Text '0827975510' is set on object 'Object Repository/Register_Page/input_CELL_PHONE'

2561-04-01 12:53:15 - [TEST_STEP][PASSED] - setText: Text '025445687' is set on object 'Object Repository/Register_Page/input_FAX'

2561-04-01 12:53:15 - [MESSAGE][PASSED] - Text '025445687' is set on object 'Object Repository/Register_Page/input_FAX'

2561-04-01 12:53:15 - [TEST_STEP][PASSED] - click: Object: 'Object Repository/Register_Page/input_submit (1)' is clicked on

2561-04-01 12:53:16 - [MESSAGE][PASSED] - Object: 'Object Repository/Register_Page/input_submit (1)' is clicked on

2561-04-01 12:53:16 - [TEST_STEP][PASSED] - verifyTextPresent: Text 'รหัสผ่านของท่านไม่ตรงกัน' is present on page 

2561-04-01 12:53:16 - [MESSAGE][PASSED] - Text 'รหัสผ่านของท่านไม่ตรงกัน' is present on page 

2561-04-01 12:53:16 - [TEST_STEP][PASSED] - closeBrowser: Browser is closed

2561-04-01 12:53:17 - [MESSAGE][PASSED] - Browser is closed]]></system-out>
         <system-err><![CDATA[]]></system-err>
      </testcase>
      <testcase name="Test Cases/Register volunteer/Register03" classname="Test Cases/Register volunteer/Register03" status="PASSED">
         <system-out><![CDATA[2561-04-01 12:53:17 - [TEST_CASE][PASSED] - Test Cases/Register volunteer/Register03: Test Cases/Register volunteer/Register03

2561-04-01 12:53:17 - [TEST_STEP][PASSED] - openBrowser: Browser is opened with url: ''

2561-04-01 12:53:21 - [MESSAGE][PASSED] - Browser is opened with url: ''

2561-04-01 12:53:21 - [TEST_STEP][PASSED] - navigateToUrl: Navigate to 'http://vivblind.play2pay.me/' successfully

2561-04-01 12:53:24 - [MESSAGE][PASSED] - Navigate to 'http://vivblind.play2pay.me/' successfully

2561-04-01 12:53:24 - [TEST_STEP][PASSED] - click: Object: 'Object Repository/Register_Page/a_' is clicked on

2561-04-01 12:53:25 - [MESSAGE][PASSED] - Object: 'Object Repository/Register_Page/a_' is clicked on

2561-04-01 12:53:25 - [TEST_STEP][PASSED] - setText: Text 'suphisit1@gmail.com' is set on object 'Object Repository/Register_Page/input_EMAIL (1)'

2561-04-01 12:53:25 - [MESSAGE][PASSED] - Text 'suphisit1@gmail.com' is set on object 'Object Repository/Register_Page/input_EMAIL (1)'

2561-04-01 12:53:25 - [TEST_STEP][PASSED] - setText: Text '012' is set on object 'Object Repository/Register_Page/input_PASSWORD'

2561-04-01 12:53:26 - [MESSAGE][PASSED] - Text '012' is set on object 'Object Repository/Register_Page/input_PASSWORD'

2561-04-01 12:53:26 - [TEST_STEP][PASSED] - setText: Text '012' is set on object 'Object Repository/Register_Page/input_password_confirmation'

2561-04-01 12:53:26 - [MESSAGE][PASSED] - Text '012' is set on object 'Object Repository/Register_Page/input_password_confirmation'

2561-04-01 12:53:26 - [TEST_STEP][PASSED] - uploadFile: File 'C:\Users\Administrator\Desktop\Test.jpg' sent to object: 'Object Repository/Register_Page/Upload File'

2561-04-01 12:53:26 - [MESSAGE][PASSED] - File 'C:\Users\Administrator\Desktop\Test.jpg' sent to object: 'Object Repository/Register_Page/Upload File'

2561-04-01 12:53:26 - [TEST_STEP][PASSED] - setText: Text 'ศุภิสิทธิ์ ' is set on object 'Object Repository/Register_Page/input_FIRST_NAME_TH'

2561-04-01 12:53:26 - [MESSAGE][PASSED] - Text 'ศุภิสิทธิ์ ' is set on object 'Object Repository/Register_Page/input_FIRST_NAME_TH'

2561-04-01 12:53:26 - [TEST_STEP][PASSED] - setText: Text 'ไข่กา' is set on object 'Object Repository/Register_Page/input_LAST_NAME_TH'

2561-04-01 12:53:26 - [MESSAGE][PASSED] - Text 'ไข่กา' is set on object 'Object Repository/Register_Page/input_LAST_NAME_TH'

2561-04-01 12:53:26 - [TEST_STEP][PASSED] - setText: Text 'Suphisit' is set on object 'Object Repository/Register_Page/input_FIRST_NAME_EN'

2561-04-01 12:53:26 - [MESSAGE][PASSED] - Text 'Suphisit' is set on object 'Object Repository/Register_Page/input_FIRST_NAME_EN'

2561-04-01 12:53:26 - [TEST_STEP][PASSED] - setText: Text 'Khaika' is set on object 'Object Repository/Register_Page/input_LAST_NAME_EN'

2561-04-01 12:53:26 - [MESSAGE][PASSED] - Text 'Khaika' is set on object 'Object Repository/Register_Page/input_LAST_NAME_EN'

2561-04-01 12:53:26 - [TEST_STEP][PASSED] - setText: Text '13/10/1994' is set on object 'Object Repository/Register_Page/input_BIRTH_DATE'

2561-04-01 12:53:27 - [MESSAGE][PASSED] - Text '13/10/1994' is set on object 'Object Repository/Register_Page/input_BIRTH_DATE'

2561-04-01 12:53:27 - [TEST_STEP][PASSED] - selectOptionByValue: All options with value 'พุทธ' are selected in object 'Object Repository/Register_Page/select_'  using regular expression

2561-04-01 12:53:27 - [MESSAGE][PASSED] - All options with value 'พุทธ' are selected in object 'Object Repository/Register_Page/select_'  using regular expression

2561-04-01 12:53:27 - [TEST_STEP][PASSED] - selectOptionByValue: All options with value 'ปริญญาตรี' are selected in object 'Object Repository/Register_Page/select__1'  using regular expression

2561-04-01 12:53:27 - [MESSAGE][PASSED] - All options with value 'ปริญญาตรี' are selected in object 'Object Repository/Register_Page/select__1'  using regular expression

2561-04-01 12:53:27 - [TEST_STEP][PASSED] - selectOptionByValue: All options with value 'อื่นๆ' are selected in object 'Object Repository/Register_Page/select__2'  using regular expression

2561-04-01 12:53:28 - [MESSAGE][PASSED] - All options with value 'อื่นๆ' are selected in object 'Object Repository/Register_Page/select__2'  using regular expression

2561-04-01 12:53:28 - [TEST_STEP][PASSED] - setText: Text '3' is set on object 'Object Repository/Register_Page/input_ADDRESS_NO'

2561-04-01 12:53:28 - [MESSAGE][PASSED] - Text '3' is set on object 'Object Repository/Register_Page/input_ADDRESS_NO'

2561-04-01 12:53:28 - [TEST_STEP][PASSED] - setText: Text '10' is set on object 'Object Repository/Register_Page/input_ADDRESS_MOO'

2561-04-01 12:53:28 - [MESSAGE][PASSED] - Text '10' is set on object 'Object Repository/Register_Page/input_ADDRESS_MOO'

2561-04-01 12:53:28 - [TEST_STEP][PASSED] - setText: Text 'พหลโยธิน' is set on object 'Object Repository/Register_Page/input_ADDRESS_ROAD'

2561-04-01 12:53:28 - [MESSAGE][PASSED] - Text 'พหลโยธิน' is set on object 'Object Repository/Register_Page/input_ADDRESS_ROAD'

2561-04-01 12:53:28 - [TEST_STEP][PASSED] - delay: Delayed 2 second(s)

2561-04-01 12:53:30 - [MESSAGE][PASSED] - Delayed 2 second(s)

2561-04-01 12:53:30 - [TEST_STEP][PASSED] - selectOptionByValue: All options with value '45' are selected in object 'Object Repository/Register_Page/ADDRESS_PROVINCE' 

2561-04-01 12:53:31 - [MESSAGE][PASSED] - All options with value '45' are selected in object 'Object Repository/Register_Page/ADDRESS_PROVINCE' 

2561-04-01 12:53:31 - [TEST_STEP][PASSED] - delay: Delayed 2 second(s)

2561-04-01 12:53:33 - [MESSAGE][PASSED] - Delayed 2 second(s)

2561-04-01 12:53:33 - [TEST_STEP][PASSED] - selectOptionByValue: All options with value '665' are selected in object 'Object Repository/Register_Page/ADDRESS_DISTRICT' 

2561-04-01 12:53:33 - [MESSAGE][PASSED] - All options with value '665' are selected in object 'Object Repository/Register_Page/ADDRESS_DISTRICT' 

2561-04-01 12:53:33 - [TEST_STEP][PASSED] - delay: Delayed 2 second(s)

2561-04-01 12:53:35 - [MESSAGE][PASSED] - Delayed 2 second(s)

2561-04-01 12:53:35 - [TEST_STEP][PASSED] - selectOptionByValue: All options with value '14726' are selected in object 'Object Repository/Register_Page/ADDRESS_SUBDISTRICT' 

2561-04-01 12:53:35 - [MESSAGE][PASSED] - All options with value '14726' are selected in object 'Object Repository/Register_Page/ADDRESS_SUBDISTRICT' 

2561-04-01 12:53:35 - [TEST_STEP][PASSED] - setText: Text '57130' is set on object 'Object Repository/Register_Page/input_ADDRESS_POSTCODE'

2561-04-01 12:53:35 - [MESSAGE][PASSED] - Text '57130' is set on object 'Object Repository/Register_Page/input_ADDRESS_POSTCODE'

2561-04-01 12:53:35 - [TEST_STEP][PASSED] - selectOptionByValue: All options with value 'กำลังทำงาน' are selected in object 'Object Repository/Register_Page/select__3'  using regular expression

2561-04-01 12:53:35 - [MESSAGE][PASSED] - All options with value 'กำลังทำงาน' are selected in object 'Object Repository/Register_Page/select__3'  using regular expression

2561-04-01 12:53:35 - [TEST_STEP][PASSED] - setText: Text '3 หมู่ที่ 10 ต.โป่งผา อ.แม่สาย จ.เชียงราย' is set on object 'Object Repository/Register_Page/input_ADDRESS_ALL'

2561-04-01 12:53:36 - [MESSAGE][PASSED] - Text '3 หมู่ที่ 10 ต.โป่งผา อ.แม่สาย จ.เชียงราย' is set on object 'Object Repository/Register_Page/input_ADDRESS_ALL'

2561-04-01 12:53:36 - [TEST_STEP][PASSED] - setText: Text '053646789' is set on object 'Object Repository/Register_Page/input_PHONE'

2561-04-01 12:53:36 - [MESSAGE][PASSED] - Text '053646789' is set on object 'Object Repository/Register_Page/input_PHONE'

2561-04-01 12:53:36 - [TEST_STEP][PASSED] - setText: Text '0827975510' is set on object 'Object Repository/Register_Page/input_CELL_PHONE'

2561-04-01 12:53:36 - [MESSAGE][PASSED] - Text '0827975510' is set on object 'Object Repository/Register_Page/input_CELL_PHONE'

2561-04-01 12:53:36 - [TEST_STEP][PASSED] - setText: Text '025445687' is set on object 'Object Repository/Register_Page/input_FAX'

2561-04-01 12:53:36 - [MESSAGE][PASSED] - Text '025445687' is set on object 'Object Repository/Register_Page/input_FAX'

2561-04-01 12:53:36 - [TEST_STEP][PASSED] - click: Object: 'Object Repository/Register_Page/input_submit (1)' is clicked on

2561-04-01 12:53:37 - [MESSAGE][PASSED] - Object: 'Object Repository/Register_Page/input_submit (1)' is clicked on

2561-04-01 12:53:37 - [TEST_STEP][PASSED] - verifyTextPresent: Text 'กรุณากรอกรหัสผ่านของท่านอย่างน้อย4ตัว' is present on page 

2561-04-01 12:53:37 - [MESSAGE][PASSED] - Text 'กรุณากรอกรหัสผ่านของท่านอย่างน้อย4ตัว' is present on page 

2561-04-01 12:53:37 - [TEST_STEP][PASSED] - closeBrowser: Browser is closed

2561-04-01 12:53:38 - [MESSAGE][PASSED] - Browser is closed]]></system-out>
         <system-err><![CDATA[]]></system-err>
      </testcase>
      <testcase name="Test Cases/Register volunteer/Register04" classname="Test Cases/Register volunteer/Register04" status="PASSED">
         <system-out><![CDATA[2561-04-01 12:53:38 - [TEST_CASE][PASSED] - Test Cases/Register volunteer/Register04: Test Cases/Register volunteer/Register04

2561-04-01 12:53:38 - [TEST_STEP][PASSED] - openBrowser: Browser is opened with url: ''

2561-04-01 12:53:42 - [MESSAGE][PASSED] - Browser is opened with url: ''

2561-04-01 12:53:42 - [TEST_STEP][PASSED] - navigateToUrl: Navigate to 'http://vivblind.play2pay.me/' successfully

2561-04-01 12:53:45 - [MESSAGE][PASSED] - Navigate to 'http://vivblind.play2pay.me/' successfully

2561-04-01 12:53:45 - [TEST_STEP][PASSED] - click: Object: 'Object Repository/Register_Page/a_' is clicked on

2561-04-01 12:53:46 - [MESSAGE][PASSED] - Object: 'Object Repository/Register_Page/a_' is clicked on

2561-04-01 12:53:46 - [TEST_STEP][PASSED] - setText: Text 'suphisit1@gmail.com' is set on object 'Object Repository/Register_Page/input_EMAIL (1)'

2561-04-01 12:53:46 - [MESSAGE][PASSED] - Text 'suphisit1@gmail.com' is set on object 'Object Repository/Register_Page/input_EMAIL (1)'

2561-04-01 12:53:46 - [TEST_STEP][PASSED] - setText: Text '' is set on object 'Object Repository/Register_Page/input_PASSWORD'

2561-04-01 12:53:46 - [MESSAGE][PASSED] - Text '' is set on object 'Object Repository/Register_Page/input_PASSWORD'

2561-04-01 12:53:46 - [TEST_STEP][PASSED] - setText: Text '' is set on object 'Object Repository/Register_Page/input_password_confirmation'

2561-04-01 12:53:46 - [MESSAGE][PASSED] - Text '' is set on object 'Object Repository/Register_Page/input_password_confirmation'

2561-04-01 12:53:46 - [TEST_STEP][PASSED] - uploadFile: File 'C:\Users\Administrator\Desktop\Test.jpg' sent to object: 'Object Repository/Register_Page/Upload File'

2561-04-01 12:53:46 - [MESSAGE][PASSED] - File 'C:\Users\Administrator\Desktop\Test.jpg' sent to object: 'Object Repository/Register_Page/Upload File'

2561-04-01 12:53:46 - [TEST_STEP][PASSED] - setText: Text 'ศุภิสิทธิ์ ' is set on object 'Object Repository/Register_Page/input_FIRST_NAME_TH'

2561-04-01 12:53:46 - [MESSAGE][PASSED] - Text 'ศุภิสิทธิ์ ' is set on object 'Object Repository/Register_Page/input_FIRST_NAME_TH'

2561-04-01 12:53:46 - [TEST_STEP][PASSED] - setText: Text 'ไข่กา' is set on object 'Object Repository/Register_Page/input_LAST_NAME_TH'

2561-04-01 12:53:47 - [MESSAGE][PASSED] - Text 'ไข่กา' is set on object 'Object Repository/Register_Page/input_LAST_NAME_TH'

2561-04-01 12:53:47 - [TEST_STEP][PASSED] - setText: Text 'Suphisit' is set on object 'Object Repository/Register_Page/input_FIRST_NAME_EN'

2561-04-01 12:53:47 - [MESSAGE][PASSED] - Text 'Suphisit' is set on object 'Object Repository/Register_Page/input_FIRST_NAME_EN'

2561-04-01 12:53:47 - [TEST_STEP][PASSED] - setText: Text 'Khaika' is set on object 'Object Repository/Register_Page/input_LAST_NAME_EN'

2561-04-01 12:53:47 - [MESSAGE][PASSED] - Text 'Khaika' is set on object 'Object Repository/Register_Page/input_LAST_NAME_EN'

2561-04-01 12:53:47 - [TEST_STEP][PASSED] - setText: Text '13/10/1994' is set on object 'Object Repository/Register_Page/input_BIRTH_DATE'

2561-04-01 12:53:47 - [MESSAGE][PASSED] - Text '13/10/1994' is set on object 'Object Repository/Register_Page/input_BIRTH_DATE'

2561-04-01 12:53:47 - [TEST_STEP][PASSED] - selectOptionByValue: All options with value 'พุทธ' are selected in object 'Object Repository/Register_Page/select_'  using regular expression

2561-04-01 12:53:48 - [MESSAGE][PASSED] - All options with value 'พุทธ' are selected in object 'Object Repository/Register_Page/select_'  using regular expression

2561-04-01 12:53:48 - [TEST_STEP][PASSED] - selectOptionByValue: All options with value 'ปริญญาตรี' are selected in object 'Object Repository/Register_Page/select__1'  using regular expression

2561-04-01 12:53:48 - [MESSAGE][PASSED] - All options with value 'ปริญญาตรี' are selected in object 'Object Repository/Register_Page/select__1'  using regular expression

2561-04-01 12:53:48 - [TEST_STEP][PASSED] - selectOptionByValue: All options with value 'อื่นๆ' are selected in object 'Object Repository/Register_Page/select__2'  using regular expression

2561-04-01 12:53:48 - [MESSAGE][PASSED] - All options with value 'อื่นๆ' are selected in object 'Object Repository/Register_Page/select__2'  using regular expression

2561-04-01 12:53:48 - [TEST_STEP][PASSED] - setText: Text '3' is set on object 'Object Repository/Register_Page/input_ADDRESS_NO'

2561-04-01 12:53:48 - [MESSAGE][PASSED] - Text '3' is set on object 'Object Repository/Register_Page/input_ADDRESS_NO'

2561-04-01 12:53:48 - [TEST_STEP][PASSED] - setText: Text '10' is set on object 'Object Repository/Register_Page/input_ADDRESS_MOO'

2561-04-01 12:53:49 - [MESSAGE][PASSED] - Text '10' is set on object 'Object Repository/Register_Page/input_ADDRESS_MOO'

2561-04-01 12:53:49 - [TEST_STEP][PASSED] - setText: Text 'พหลโยธิน' is set on object 'Object Repository/Register_Page/input_ADDRESS_ROAD'

2561-04-01 12:53:49 - [MESSAGE][PASSED] - Text 'พหลโยธิน' is set on object 'Object Repository/Register_Page/input_ADDRESS_ROAD'

2561-04-01 12:53:49 - [TEST_STEP][PASSED] - delay: Delayed 2 second(s)

2561-04-01 12:53:51 - [MESSAGE][PASSED] - Delayed 2 second(s)

2561-04-01 12:53:51 - [TEST_STEP][PASSED] - selectOptionByValue: All options with value '45' are selected in object 'Object Repository/Register_Page/ADDRESS_PROVINCE' 

2561-04-01 12:53:51 - [MESSAGE][PASSED] - All options with value '45' are selected in object 'Object Repository/Register_Page/ADDRESS_PROVINCE' 

2561-04-01 12:53:51 - [TEST_STEP][PASSED] - delay: Delayed 2 second(s)

2561-04-01 12:53:53 - [MESSAGE][PASSED] - Delayed 2 second(s)

2561-04-01 12:53:53 - [TEST_STEP][PASSED] - selectOptionByValue: All options with value '665' are selected in object 'Object Repository/Register_Page/ADDRESS_DISTRICT' 

2561-04-01 12:53:53 - [MESSAGE][PASSED] - All options with value '665' are selected in object 'Object Repository/Register_Page/ADDRESS_DISTRICT' 

2561-04-01 12:53:53 - [TEST_STEP][PASSED] - delay: Delayed 2 second(s)

2561-04-01 12:53:55 - [MESSAGE][PASSED] - Delayed 2 second(s)

2561-04-01 12:53:55 - [TEST_STEP][PASSED] - selectOptionByValue: All options with value '14726' are selected in object 'Object Repository/Register_Page/ADDRESS_SUBDISTRICT' 

2561-04-01 12:53:55 - [MESSAGE][PASSED] - All options with value '14726' are selected in object 'Object Repository/Register_Page/ADDRESS_SUBDISTRICT' 

2561-04-01 12:53:55 - [TEST_STEP][PASSED] - setText: Text '57130' is set on object 'Object Repository/Register_Page/input_ADDRESS_POSTCODE'

2561-04-01 12:53:56 - [MESSAGE][PASSED] - Text '57130' is set on object 'Object Repository/Register_Page/input_ADDRESS_POSTCODE'

2561-04-01 12:53:56 - [TEST_STEP][PASSED] - selectOptionByValue: All options with value 'กำลังทำงาน' are selected in object 'Object Repository/Register_Page/select__3'  using regular expression

2561-04-01 12:53:56 - [MESSAGE][PASSED] - All options with value 'กำลังทำงาน' are selected in object 'Object Repository/Register_Page/select__3'  using regular expression

2561-04-01 12:53:56 - [TEST_STEP][PASSED] - setText: Text '3 หมู่ที่ 10 ต.โป่งผา อ.แม่สาย จ.เชียงราย' is set on object 'Object Repository/Register_Page/input_ADDRESS_ALL'

2561-04-01 12:53:56 - [MESSAGE][PASSED] - Text '3 หมู่ที่ 10 ต.โป่งผา อ.แม่สาย จ.เชียงราย' is set on object 'Object Repository/Register_Page/input_ADDRESS_ALL'

2561-04-01 12:53:56 - [TEST_STEP][PASSED] - setText: Text '053646789' is set on object 'Object Repository/Register_Page/input_PHONE'

2561-04-01 12:53:56 - [MESSAGE][PASSED] - Text '053646789' is set on object 'Object Repository/Register_Page/input_PHONE'

2561-04-01 12:53:56 - [TEST_STEP][PASSED] - setText: Text '0827975510' is set on object 'Object Repository/Register_Page/input_CELL_PHONE'

2561-04-01 12:53:57 - [MESSAGE][PASSED] - Text '0827975510' is set on object 'Object Repository/Register_Page/input_CELL_PHONE'

2561-04-01 12:53:57 - [TEST_STEP][PASSED] - setText: Text '025445687' is set on object 'Object Repository/Register_Page/input_FAX'

2561-04-01 12:53:57 - [MESSAGE][PASSED] - Text '025445687' is set on object 'Object Repository/Register_Page/input_FAX'

2561-04-01 12:53:57 - [TEST_STEP][PASSED] - click: Object: 'Object Repository/Register_Page/input_submit (1)' is clicked on

2561-04-01 12:53:58 - [MESSAGE][PASSED] - Object: 'Object Repository/Register_Page/input_submit (1)' is clicked on

2561-04-01 12:53:58 - [TEST_STEP][PASSED] - verifyTextPresent: Text 'กรุณากรอกรหัสผ่าน' is present on page 

2561-04-01 12:53:58 - [MESSAGE][PASSED] - Text 'กรุณากรอกรหัสผ่าน' is present on page 

2561-04-01 12:53:58 - [TEST_STEP][PASSED] - verifyTextPresent: Text 'กรุณายืนยันรหัสผ่านของท่าน' is present on page 

2561-04-01 12:53:58 - [MESSAGE][PASSED] - Text 'กรุณายืนยันรหัสผ่านของท่าน' is present on page 

2561-04-01 12:53:58 - [TEST_STEP][PASSED] - closeBrowser: Browser is closed

2561-04-01 12:53:59 - [MESSAGE][PASSED] - Browser is closed]]></system-out>
         <system-err><![CDATA[]]></system-err>
      </testcase>
      <testcase name="Test Cases/Register volunteer/Register05" classname="Test Cases/Register volunteer/Register05" status="PASSED">
         <system-out><![CDATA[2561-04-01 12:53:59 - [TEST_CASE][PASSED] - Test Cases/Register volunteer/Register05: Test Cases/Register volunteer/Register05

2561-04-01 12:53:59 - [TEST_STEP][PASSED] - openBrowser: Browser is opened with url: ''

2561-04-01 12:54:03 - [MESSAGE][PASSED] - Browser is opened with url: ''

2561-04-01 12:54:03 - [TEST_STEP][PASSED] - navigateToUrl: Navigate to 'http://vivblind.play2pay.me/' successfully

2561-04-01 12:54:06 - [MESSAGE][PASSED] - Navigate to 'http://vivblind.play2pay.me/' successfully

2561-04-01 12:54:06 - [TEST_STEP][PASSED] - click: Object: 'Object Repository/Register_Page/a_' is clicked on

2561-04-01 12:54:07 - [MESSAGE][PASSED] - Object: 'Object Repository/Register_Page/a_' is clicked on

2561-04-01 12:54:07 - [TEST_STEP][PASSED] - setText: Text 'suphisit1@gmail.com' is set on object 'Object Repository/Register_Page/input_EMAIL (1)'

2561-04-01 12:54:07 - [MESSAGE][PASSED] - Text 'suphisit1@gmail.com' is set on object 'Object Repository/Register_Page/input_EMAIL (1)'

2561-04-01 12:54:07 - [TEST_STEP][PASSED] - setText: Text '0857098359' is set on object 'Object Repository/Register_Page/input_PASSWORD'

2561-04-01 12:54:07 - [MESSAGE][PASSED] - Text '0857098359' is set on object 'Object Repository/Register_Page/input_PASSWORD'

2561-04-01 12:54:07 - [TEST_STEP][PASSED] - setText: Text '0857098359' is set on object 'Object Repository/Register_Page/input_password_confirmation'

2561-04-01 12:54:07 - [MESSAGE][PASSED] - Text '0857098359' is set on object 'Object Repository/Register_Page/input_password_confirmation'

2561-04-01 12:54:07 - [TEST_STEP][PASSED] - setText: Text 'ศุภิสิทธิ์ ' is set on object 'Object Repository/Register_Page/input_FIRST_NAME_TH'

2561-04-01 12:54:08 - [MESSAGE][PASSED] - Text 'ศุภิสิทธิ์ ' is set on object 'Object Repository/Register_Page/input_FIRST_NAME_TH'

2561-04-01 12:54:08 - [TEST_STEP][PASSED] - setText: Text 'ไข่กา' is set on object 'Object Repository/Register_Page/input_LAST_NAME_TH'

2561-04-01 12:54:08 - [MESSAGE][PASSED] - Text 'ไข่กา' is set on object 'Object Repository/Register_Page/input_LAST_NAME_TH'

2561-04-01 12:54:08 - [TEST_STEP][PASSED] - setText: Text 'Suphisit' is set on object 'Object Repository/Register_Page/input_FIRST_NAME_EN'

2561-04-01 12:54:08 - [MESSAGE][PASSED] - Text 'Suphisit' is set on object 'Object Repository/Register_Page/input_FIRST_NAME_EN'

2561-04-01 12:54:08 - [TEST_STEP][PASSED] - setText: Text 'Khaika' is set on object 'Object Repository/Register_Page/input_LAST_NAME_EN'

2561-04-01 12:54:08 - [MESSAGE][PASSED] - Text 'Khaika' is set on object 'Object Repository/Register_Page/input_LAST_NAME_EN'

2561-04-01 12:54:08 - [TEST_STEP][PASSED] - setText: Text '13/10/1994' is set on object 'Object Repository/Register_Page/input_BIRTH_DATE'

2561-04-01 12:54:08 - [MESSAGE][PASSED] - Text '13/10/1994' is set on object 'Object Repository/Register_Page/input_BIRTH_DATE'

2561-04-01 12:54:08 - [TEST_STEP][PASSED] - selectOptionByValue: All options with value 'พุทธ' are selected in object 'Object Repository/Register_Page/select_'  using regular expression

2561-04-01 12:54:09 - [MESSAGE][PASSED] - All options with value 'พุทธ' are selected in object 'Object Repository/Register_Page/select_'  using regular expression

2561-04-01 12:54:09 - [TEST_STEP][PASSED] - selectOptionByValue: All options with value 'ปริญญาตรี' are selected in object 'Object Repository/Register_Page/select__1'  using regular expression

2561-04-01 12:54:09 - [MESSAGE][PASSED] - All options with value 'ปริญญาตรี' are selected in object 'Object Repository/Register_Page/select__1'  using regular expression

2561-04-01 12:54:09 - [TEST_STEP][PASSED] - selectOptionByValue: All options with value 'อื่นๆ' are selected in object 'Object Repository/Register_Page/select__2'  using regular expression

2561-04-01 12:54:09 - [MESSAGE][PASSED] - All options with value 'อื่นๆ' are selected in object 'Object Repository/Register_Page/select__2'  using regular expression

2561-04-01 12:54:09 - [TEST_STEP][PASSED] - setText: Text '3' is set on object 'Object Repository/Register_Page/input_ADDRESS_NO'

2561-04-01 12:54:09 - [MESSAGE][PASSED] - Text '3' is set on object 'Object Repository/Register_Page/input_ADDRESS_NO'

2561-04-01 12:54:09 - [TEST_STEP][PASSED] - setText: Text '10' is set on object 'Object Repository/Register_Page/input_ADDRESS_MOO'

2561-04-01 12:54:10 - [MESSAGE][PASSED] - Text '10' is set on object 'Object Repository/Register_Page/input_ADDRESS_MOO'

2561-04-01 12:54:10 - [TEST_STEP][PASSED] - setText: Text 'พหลโยธิน' is set on object 'Object Repository/Register_Page/input_ADDRESS_ROAD'

2561-04-01 12:54:10 - [MESSAGE][PASSED] - Text 'พหลโยธิน' is set on object 'Object Repository/Register_Page/input_ADDRESS_ROAD'

2561-04-01 12:54:10 - [TEST_STEP][PASSED] - delay: Delayed 2 second(s)

2561-04-01 12:54:12 - [MESSAGE][PASSED] - Delayed 2 second(s)

2561-04-01 12:54:12 - [TEST_STEP][PASSED] - selectOptionByValue: All options with value '45' are selected in object 'Object Repository/Register_Page/ADDRESS_PROVINCE' 

2561-04-01 12:54:12 - [MESSAGE][PASSED] - All options with value '45' are selected in object 'Object Repository/Register_Page/ADDRESS_PROVINCE' 

2561-04-01 12:54:12 - [TEST_STEP][PASSED] - delay: Delayed 2 second(s)

2561-04-01 12:54:14 - [MESSAGE][PASSED] - Delayed 2 second(s)

2561-04-01 12:54:14 - [TEST_STEP][PASSED] - selectOptionByValue: All options with value '665' are selected in object 'Object Repository/Register_Page/ADDRESS_DISTRICT' 

2561-04-01 12:54:14 - [MESSAGE][PASSED] - All options with value '665' are selected in object 'Object Repository/Register_Page/ADDRESS_DISTRICT' 

2561-04-01 12:54:14 - [TEST_STEP][PASSED] - delay: Delayed 2 second(s)

2561-04-01 12:54:16 - [MESSAGE][PASSED] - Delayed 2 second(s)

2561-04-01 12:54:16 - [TEST_STEP][PASSED] - selectOptionByValue: All options with value '14726' are selected in object 'Object Repository/Register_Page/ADDRESS_SUBDISTRICT' 

2561-04-01 12:54:16 - [MESSAGE][PASSED] - All options with value '14726' are selected in object 'Object Repository/Register_Page/ADDRESS_SUBDISTRICT' 

2561-04-01 12:54:16 - [TEST_STEP][PASSED] - setText: Text '57130' is set on object 'Object Repository/Register_Page/input_ADDRESS_POSTCODE'

2561-04-01 12:54:16 - [MESSAGE][PASSED] - Text '57130' is set on object 'Object Repository/Register_Page/input_ADDRESS_POSTCODE'

2561-04-01 12:54:16 - [TEST_STEP][PASSED] - selectOptionByValue: All options with value 'กำลังทำงาน' are selected in object 'Object Repository/Register_Page/select__3'  using regular expression

2561-04-01 12:54:17 - [MESSAGE][PASSED] - All options with value 'กำลังทำงาน' are selected in object 'Object Repository/Register_Page/select__3'  using regular expression

2561-04-01 12:54:17 - [TEST_STEP][PASSED] - setText: Text '3 หมู่ที่ 10 ต.โป่งผา อ.แม่สาย จ.เชียงราย' is set on object 'Object Repository/Register_Page/input_ADDRESS_ALL'

2561-04-01 12:54:17 - [MESSAGE][PASSED] - Text '3 หมู่ที่ 10 ต.โป่งผา อ.แม่สาย จ.เชียงราย' is set on object 'Object Repository/Register_Page/input_ADDRESS_ALL'

2561-04-01 12:54:17 - [TEST_STEP][PASSED] - setText: Text '053646789' is set on object 'Object Repository/Register_Page/input_PHONE'

2561-04-01 12:54:17 - [MESSAGE][PASSED] - Text '053646789' is set on object 'Object Repository/Register_Page/input_PHONE'

2561-04-01 12:54:17 - [TEST_STEP][PASSED] - setText: Text '0827975510' is set on object 'Object Repository/Register_Page/input_CELL_PHONE'

2561-04-01 12:54:18 - [MESSAGE][PASSED] - Text '0827975510' is set on object 'Object Repository/Register_Page/input_CELL_PHONE'

2561-04-01 12:54:18 - [TEST_STEP][PASSED] - setText: Text '025445687' is set on object 'Object Repository/Register_Page/input_FAX'

2561-04-01 12:54:18 - [MESSAGE][PASSED] - Text '025445687' is set on object 'Object Repository/Register_Page/input_FAX'

2561-04-01 12:54:18 - [TEST_STEP][PASSED] - click: Object: 'Object Repository/Register_Page/input_submit (1)' is clicked on

2561-04-01 12:54:19 - [MESSAGE][PASSED] - Object: 'Object Repository/Register_Page/input_submit (1)' is clicked on

2561-04-01 12:54:19 - [TEST_STEP][PASSED] - closeBrowser: Browser is closed

2561-04-01 12:54:19 - [MESSAGE][PASSED] - Browser is closed]]></system-out>
         <system-err><![CDATA[]]></system-err>
      </testcase>
      <testcase name="Test Cases/Register volunteer/Register06" classname="Test Cases/Register volunteer/Register06" status="PASSED">
         <system-out><![CDATA[2561-04-01 12:54:19 - [TEST_CASE][PASSED] - Test Cases/Register volunteer/Register06: Test Cases/Register volunteer/Register06

2561-04-01 12:54:19 - [TEST_STEP][PASSED] - openBrowser: Browser is opened with url: ''

2561-04-01 12:54:23 - [MESSAGE][PASSED] - Browser is opened with url: ''

2561-04-01 12:54:23 - [TEST_STEP][PASSED] - navigateToUrl: Navigate to 'http://vivblind.play2pay.me/' successfully

2561-04-01 12:54:27 - [MESSAGE][PASSED] - Navigate to 'http://vivblind.play2pay.me/' successfully

2561-04-01 12:54:27 - [TEST_STEP][PASSED] - click: Object: 'Object Repository/Register_Page/a_' is clicked on

2561-04-01 12:54:27 - [MESSAGE][PASSED] - Object: 'Object Repository/Register_Page/a_' is clicked on

2561-04-01 12:54:27 - [TEST_STEP][PASSED] - setText: Text 'suphisit1@gmail.com' is set on object 'Object Repository/Register_Page/input_EMAIL (1)'

2561-04-01 12:54:27 - [MESSAGE][PASSED] - Text 'suphisit1@gmail.com' is set on object 'Object Repository/Register_Page/input_EMAIL (1)'

2561-04-01 12:54:27 - [TEST_STEP][PASSED] - setText: Text '0857098359' is set on object 'Object Repository/Register_Page/input_PASSWORD'

2561-04-01 12:54:28 - [MESSAGE][PASSED] - Text '0857098359' is set on object 'Object Repository/Register_Page/input_PASSWORD'

2561-04-01 12:54:28 - [TEST_STEP][PASSED] - setText: Text '0857098359' is set on object 'Object Repository/Register_Page/input_password_confirmation'

2561-04-01 12:54:28 - [MESSAGE][PASSED] - Text '0857098359' is set on object 'Object Repository/Register_Page/input_password_confirmation'

2561-04-01 12:54:28 - [TEST_STEP][PASSED] - uploadFile: File 'C:\Users\Administrator\Desktop\Test.jpg' sent to object: 'Object Repository/Register_Page/Upload File'

2561-04-01 12:54:28 - [MESSAGE][PASSED] - File 'C:\Users\Administrator\Desktop\Test.jpg' sent to object: 'Object Repository/Register_Page/Upload File'

2561-04-01 12:54:28 - [TEST_STEP][PASSED] - setText: Text '' is set on object 'Object Repository/Register_Page/input_FIRST_NAME_TH'

2561-04-01 12:54:28 - [MESSAGE][PASSED] - Text '' is set on object 'Object Repository/Register_Page/input_FIRST_NAME_TH'

2561-04-01 12:54:28 - [TEST_STEP][PASSED] - setText: Text '' is set on object 'Object Repository/Register_Page/input_LAST_NAME_TH'

2561-04-01 12:54:28 - [MESSAGE][PASSED] - Text '' is set on object 'Object Repository/Register_Page/input_LAST_NAME_TH'

2561-04-01 12:54:28 - [TEST_STEP][PASSED] - setText: Text 'Suphisit' is set on object 'Object Repository/Register_Page/input_FIRST_NAME_EN'

2561-04-01 12:54:28 - [MESSAGE][PASSED] - Text 'Suphisit' is set on object 'Object Repository/Register_Page/input_FIRST_NAME_EN'

2561-04-01 12:54:28 - [TEST_STEP][PASSED] - setText: Text 'Khaika' is set on object 'Object Repository/Register_Page/input_LAST_NAME_EN'

2561-04-01 12:54:28 - [MESSAGE][PASSED] - Text 'Khaika' is set on object 'Object Repository/Register_Page/input_LAST_NAME_EN'

2561-04-01 12:54:28 - [TEST_STEP][PASSED] - setText: Text '13/10/1994' is set on object 'Object Repository/Register_Page/input_BIRTH_DATE'

2561-04-01 12:54:29 - [MESSAGE][PASSED] - Text '13/10/1994' is set on object 'Object Repository/Register_Page/input_BIRTH_DATE'

2561-04-01 12:54:29 - [TEST_STEP][PASSED] - selectOptionByValue: All options with value 'พุทธ' are selected in object 'Object Repository/Register_Page/select_'  using regular expression

2561-04-01 12:54:29 - [MESSAGE][PASSED] - All options with value 'พุทธ' are selected in object 'Object Repository/Register_Page/select_'  using regular expression

2561-04-01 12:54:29 - [TEST_STEP][PASSED] - selectOptionByValue: All options with value 'ปริญญาตรี' are selected in object 'Object Repository/Register_Page/select__1'  using regular expression

2561-04-01 12:54:29 - [MESSAGE][PASSED] - All options with value 'ปริญญาตรี' are selected in object 'Object Repository/Register_Page/select__1'  using regular expression

2561-04-01 12:54:29 - [TEST_STEP][PASSED] - selectOptionByValue: All options with value 'อื่นๆ' are selected in object 'Object Repository/Register_Page/select__2'  using regular expression

2561-04-01 12:54:30 - [MESSAGE][PASSED] - All options with value 'อื่นๆ' are selected in object 'Object Repository/Register_Page/select__2'  using regular expression

2561-04-01 12:54:30 - [TEST_STEP][PASSED] - setText: Text '3' is set on object 'Object Repository/Register_Page/input_ADDRESS_NO'

2561-04-01 12:54:30 - [MESSAGE][PASSED] - Text '3' is set on object 'Object Repository/Register_Page/input_ADDRESS_NO'

2561-04-01 12:54:30 - [TEST_STEP][PASSED] - setText: Text '10' is set on object 'Object Repository/Register_Page/input_ADDRESS_MOO'

2561-04-01 12:54:30 - [MESSAGE][PASSED] - Text '10' is set on object 'Object Repository/Register_Page/input_ADDRESS_MOO'

2561-04-01 12:54:30 - [TEST_STEP][PASSED] - setText: Text 'พหลโยธิน' is set on object 'Object Repository/Register_Page/input_ADDRESS_ROAD'

2561-04-01 12:54:30 - [MESSAGE][PASSED] - Text 'พหลโยธิน' is set on object 'Object Repository/Register_Page/input_ADDRESS_ROAD'

2561-04-01 12:54:30 - [TEST_STEP][PASSED] - delay: Delayed 2 second(s)

2561-04-01 12:54:32 - [MESSAGE][PASSED] - Delayed 2 second(s)

2561-04-01 12:54:32 - [TEST_STEP][PASSED] - selectOptionByValue: All options with value '45' are selected in object 'Object Repository/Register_Page/ADDRESS_PROVINCE' 

2561-04-01 12:54:32 - [MESSAGE][PASSED] - All options with value '45' are selected in object 'Object Repository/Register_Page/ADDRESS_PROVINCE' 

2561-04-01 12:54:32 - [TEST_STEP][PASSED] - delay: Delayed 2 second(s)

2561-04-01 12:54:34 - [MESSAGE][PASSED] - Delayed 2 second(s)

2561-04-01 12:54:34 - [TEST_STEP][PASSED] - selectOptionByValue: All options with value '665' are selected in object 'Object Repository/Register_Page/ADDRESS_DISTRICT' 

2561-04-01 12:54:34 - [MESSAGE][PASSED] - All options with value '665' are selected in object 'Object Repository/Register_Page/ADDRESS_DISTRICT' 

2561-04-01 12:54:34 - [TEST_STEP][PASSED] - delay: Delayed 2 second(s)

2561-04-01 12:54:36 - [MESSAGE][PASSED] - Delayed 2 second(s)

2561-04-01 12:54:36 - [TEST_STEP][PASSED] - selectOptionByValue: All options with value '14726' are selected in object 'Object Repository/Register_Page/ADDRESS_SUBDISTRICT' 

2561-04-01 12:54:37 - [MESSAGE][PASSED] - All options with value '14726' are selected in object 'Object Repository/Register_Page/ADDRESS_SUBDISTRICT' 

2561-04-01 12:54:37 - [TEST_STEP][PASSED] - setText: Text '57130' is set on object 'Object Repository/Register_Page/input_ADDRESS_POSTCODE'

2561-04-01 12:54:37 - [MESSAGE][PASSED] - Text '57130' is set on object 'Object Repository/Register_Page/input_ADDRESS_POSTCODE'

2561-04-01 12:54:37 - [TEST_STEP][PASSED] - selectOptionByValue: All options with value 'กำลังทำงาน' are selected in object 'Object Repository/Register_Page/select__3'  using regular expression

2561-04-01 12:54:37 - [MESSAGE][PASSED] - All options with value 'กำลังทำงาน' are selected in object 'Object Repository/Register_Page/select__3'  using regular expression

2561-04-01 12:54:37 - [TEST_STEP][PASSED] - setText: Text '3 หมู่ที่ 10 ต.โป่งผา อ.แม่สาย จ.เชียงราย' is set on object 'Object Repository/Register_Page/input_ADDRESS_ALL'

2561-04-01 12:54:37 - [MESSAGE][PASSED] - Text '3 หมู่ที่ 10 ต.โป่งผา อ.แม่สาย จ.เชียงราย' is set on object 'Object Repository/Register_Page/input_ADDRESS_ALL'

2561-04-01 12:54:37 - [TEST_STEP][PASSED] - setText: Text '053646789' is set on object 'Object Repository/Register_Page/input_PHONE'

2561-04-01 12:54:37 - [MESSAGE][PASSED] - Text '053646789' is set on object 'Object Repository/Register_Page/input_PHONE'

2561-04-01 12:54:37 - [TEST_STEP][PASSED] - setText: Text '0827975510' is set on object 'Object Repository/Register_Page/input_CELL_PHONE'

2561-04-01 12:54:38 - [MESSAGE][PASSED] - Text '0827975510' is set on object 'Object Repository/Register_Page/input_CELL_PHONE'

2561-04-01 12:54:38 - [TEST_STEP][PASSED] - setText: Text '025445687' is set on object 'Object Repository/Register_Page/input_FAX'

2561-04-01 12:54:38 - [MESSAGE][PASSED] - Text '025445687' is set on object 'Object Repository/Register_Page/input_FAX'

2561-04-01 12:54:38 - [TEST_STEP][PASSED] - click: Object: 'Object Repository/Register_Page/input_submit (1)' is clicked on

2561-04-01 12:54:39 - [MESSAGE][PASSED] - Object: 'Object Repository/Register_Page/input_submit (1)' is clicked on

2561-04-01 12:54:39 - [TEST_STEP][PASSED] - verifyTextPresent: Text 'กรุณากรอกชื่อ' is present on page 

2561-04-01 12:54:39 - [MESSAGE][PASSED] - Text 'กรุณากรอกชื่อ' is present on page 

2561-04-01 12:54:39 - [TEST_STEP][PASSED] - verifyTextPresent: Text 'กรุณากรอกนามสกุล' is present on page 

2561-04-01 12:54:39 - [MESSAGE][PASSED] - Text 'กรุณากรอกนามสกุล' is present on page 

2561-04-01 12:54:39 - [TEST_STEP][PASSED] - closeBrowser: Browser is closed

2561-04-01 12:54:40 - [MESSAGE][PASSED] - Browser is closed]]></system-out>
         <system-err><![CDATA[]]></system-err>
      </testcase>
      <testcase name="Test Cases/Register volunteer/Register07" classname="Test Cases/Register volunteer/Register07" status="PASSED">
         <system-out><![CDATA[2561-04-01 12:54:40 - [TEST_CASE][PASSED] - Test Cases/Register volunteer/Register07: Test Cases/Register volunteer/Register07

2561-04-01 12:54:40 - [TEST_STEP][PASSED] - openBrowser: Browser is opened with url: ''

2561-04-01 12:54:44 - [MESSAGE][PASSED] - Browser is opened with url: ''

2561-04-01 12:54:44 - [TEST_STEP][PASSED] - navigateToUrl: Navigate to 'http://vivblind.play2pay.me/' successfully

2561-04-01 12:54:50 - [MESSAGE][PASSED] - Navigate to 'http://vivblind.play2pay.me/' successfully

2561-04-01 12:54:50 - [TEST_STEP][PASSED] - click: Object: 'Object Repository/Register_Page/a_' is clicked on

2561-04-01 12:54:50 - [MESSAGE][PASSED] - Object: 'Object Repository/Register_Page/a_' is clicked on

2561-04-01 12:54:50 - [TEST_STEP][PASSED] - setText: Text 'suphisit1@gmail.com' is set on object 'Object Repository/Register_Page/input_EMAIL (1)'

2561-04-01 12:54:51 - [MESSAGE][PASSED] - Text 'suphisit1@gmail.com' is set on object 'Object Repository/Register_Page/input_EMAIL (1)'

2561-04-01 12:54:51 - [TEST_STEP][PASSED] - setText: Text '0857098359' is set on object 'Object Repository/Register_Page/input_PASSWORD'

2561-04-01 12:54:51 - [MESSAGE][PASSED] - Text '0857098359' is set on object 'Object Repository/Register_Page/input_PASSWORD'

2561-04-01 12:54:51 - [TEST_STEP][PASSED] - setText: Text '0857098359' is set on object 'Object Repository/Register_Page/input_password_confirmation'

2561-04-01 12:54:51 - [MESSAGE][PASSED] - Text '0857098359' is set on object 'Object Repository/Register_Page/input_password_confirmation'

2561-04-01 12:54:51 - [TEST_STEP][PASSED] - uploadFile: File 'C:\Users\Administrator\Desktop\Test.jpg' sent to object: 'Object Repository/Register_Page/Upload File'

2561-04-01 12:54:51 - [MESSAGE][PASSED] - File 'C:\Users\Administrator\Desktop\Test.jpg' sent to object: 'Object Repository/Register_Page/Upload File'

2561-04-01 12:54:51 - [TEST_STEP][PASSED] - setText: Text '' is set on object 'Object Repository/Register_Page/input_FIRST_NAME_TH'

2561-04-01 12:54:51 - [MESSAGE][PASSED] - Text '' is set on object 'Object Repository/Register_Page/input_FIRST_NAME_TH'

2561-04-01 12:54:51 - [TEST_STEP][PASSED] - setText: Text 'ไข่กา' is set on object 'Object Repository/Register_Page/input_LAST_NAME_TH'

2561-04-01 12:54:52 - [MESSAGE][PASSED] - Text 'ไข่กา' is set on object 'Object Repository/Register_Page/input_LAST_NAME_TH'

2561-04-01 12:54:52 - [TEST_STEP][PASSED] - setText: Text 'Suphisit' is set on object 'Object Repository/Register_Page/input_FIRST_NAME_EN'

2561-04-01 12:54:52 - [MESSAGE][PASSED] - Text 'Suphisit' is set on object 'Object Repository/Register_Page/input_FIRST_NAME_EN'

2561-04-01 12:54:52 - [TEST_STEP][PASSED] - setText: Text 'Khaika' is set on object 'Object Repository/Register_Page/input_LAST_NAME_EN'

2561-04-01 12:54:52 - [MESSAGE][PASSED] - Text 'Khaika' is set on object 'Object Repository/Register_Page/input_LAST_NAME_EN'

2561-04-01 12:54:52 - [TEST_STEP][PASSED] - setText: Text '13/10/1994' is set on object 'Object Repository/Register_Page/input_BIRTH_DATE'

2561-04-01 12:54:52 - [MESSAGE][PASSED] - Text '13/10/1994' is set on object 'Object Repository/Register_Page/input_BIRTH_DATE'

2561-04-01 12:54:52 - [TEST_STEP][PASSED] - selectOptionByValue: All options with value 'พุทธ' are selected in object 'Object Repository/Register_Page/select_'  using regular expression

2561-04-01 12:54:52 - [MESSAGE][PASSED] - All options with value 'พุทธ' are selected in object 'Object Repository/Register_Page/select_'  using regular expression

2561-04-01 12:54:53 - [TEST_STEP][PASSED] - selectOptionByValue: All options with value 'ปริญญาตรี' are selected in object 'Object Repository/Register_Page/select__1'  using regular expression

2561-04-01 12:54:53 - [MESSAGE][PASSED] - All options with value 'ปริญญาตรี' are selected in object 'Object Repository/Register_Page/select__1'  using regular expression

2561-04-01 12:54:53 - [TEST_STEP][PASSED] - selectOptionByValue: All options with value 'อื่นๆ' are selected in object 'Object Repository/Register_Page/select__2'  using regular expression

2561-04-01 12:54:53 - [MESSAGE][PASSED] - All options with value 'อื่นๆ' are selected in object 'Object Repository/Register_Page/select__2'  using regular expression

2561-04-01 12:54:53 - [TEST_STEP][PASSED] - setText: Text '3' is set on object 'Object Repository/Register_Page/input_ADDRESS_NO'

2561-04-01 12:54:53 - [MESSAGE][PASSED] - Text '3' is set on object 'Object Repository/Register_Page/input_ADDRESS_NO'

2561-04-01 12:54:53 - [TEST_STEP][PASSED] - setText: Text '10' is set on object 'Object Repository/Register_Page/input_ADDRESS_MOO'

2561-04-01 12:54:53 - [MESSAGE][PASSED] - Text '10' is set on object 'Object Repository/Register_Page/input_ADDRESS_MOO'

2561-04-01 12:54:53 - [TEST_STEP][PASSED] - setText: Text 'พหลโยธิน' is set on object 'Object Repository/Register_Page/input_ADDRESS_ROAD'

2561-04-01 12:54:54 - [MESSAGE][PASSED] - Text 'พหลโยธิน' is set on object 'Object Repository/Register_Page/input_ADDRESS_ROAD'

2561-04-01 12:54:54 - [TEST_STEP][PASSED] - delay: Delayed 2 second(s)

2561-04-01 12:54:56 - [MESSAGE][PASSED] - Delayed 2 second(s)

2561-04-01 12:54:56 - [TEST_STEP][PASSED] - selectOptionByValue: All options with value '45' are selected in object 'Object Repository/Register_Page/ADDRESS_PROVINCE' 

2561-04-01 12:54:56 - [MESSAGE][PASSED] - All options with value '45' are selected in object 'Object Repository/Register_Page/ADDRESS_PROVINCE' 

2561-04-01 12:54:56 - [TEST_STEP][PASSED] - delay: Delayed 2 second(s)

2561-04-01 12:54:58 - [MESSAGE][PASSED] - Delayed 2 second(s)

2561-04-01 12:54:58 - [TEST_STEP][PASSED] - selectOptionByValue: All options with value '665' are selected in object 'Object Repository/Register_Page/ADDRESS_DISTRICT' 

2561-04-01 12:54:58 - [MESSAGE][PASSED] - All options with value '665' are selected in object 'Object Repository/Register_Page/ADDRESS_DISTRICT' 

2561-04-01 12:54:58 - [TEST_STEP][PASSED] - delay: Delayed 2 second(s)

2561-04-01 12:55:00 - [MESSAGE][PASSED] - Delayed 2 second(s)

2561-04-01 12:55:00 - [TEST_STEP][PASSED] - selectOptionByValue: All options with value '14726' are selected in object 'Object Repository/Register_Page/ADDRESS_SUBDISTRICT' 

2561-04-01 12:55:00 - [MESSAGE][PASSED] - All options with value '14726' are selected in object 'Object Repository/Register_Page/ADDRESS_SUBDISTRICT' 

2561-04-01 12:55:00 - [TEST_STEP][PASSED] - setText: Text '57130' is set on object 'Object Repository/Register_Page/input_ADDRESS_POSTCODE'

2561-04-01 12:55:00 - [MESSAGE][PASSED] - Text '57130' is set on object 'Object Repository/Register_Page/input_ADDRESS_POSTCODE'

2561-04-01 12:55:00 - [TEST_STEP][PASSED] - selectOptionByValue: All options with value 'กำลังทำงาน' are selected in object 'Object Repository/Register_Page/select__3'  using regular expression

2561-04-01 12:55:00 - [MESSAGE][PASSED] - All options with value 'กำลังทำงาน' are selected in object 'Object Repository/Register_Page/select__3'  using regular expression

2561-04-01 12:55:00 - [TEST_STEP][PASSED] - setText: Text '3 หมู่ที่ 10 ต.โป่งผา อ.แม่สาย จ.เชียงราย' is set on object 'Object Repository/Register_Page/input_ADDRESS_ALL'

2561-04-01 12:55:01 - [MESSAGE][PASSED] - Text '3 หมู่ที่ 10 ต.โป่งผา อ.แม่สาย จ.เชียงราย' is set on object 'Object Repository/Register_Page/input_ADDRESS_ALL'

2561-04-01 12:55:01 - [TEST_STEP][PASSED] - setText: Text '053646789' is set on object 'Object Repository/Register_Page/input_PHONE'

2561-04-01 12:55:01 - [MESSAGE][PASSED] - Text '053646789' is set on object 'Object Repository/Register_Page/input_PHONE'

2561-04-01 12:55:01 - [TEST_STEP][PASSED] - setText: Text '0827975510' is set on object 'Object Repository/Register_Page/input_CELL_PHONE'

2561-04-01 12:55:01 - [MESSAGE][PASSED] - Text '0827975510' is set on object 'Object Repository/Register_Page/input_CELL_PHONE'

2561-04-01 12:55:01 - [TEST_STEP][PASSED] - setText: Text '025445687' is set on object 'Object Repository/Register_Page/input_FAX'

2561-04-01 12:55:01 - [MESSAGE][PASSED] - Text '025445687' is set on object 'Object Repository/Register_Page/input_FAX'

2561-04-01 12:55:01 - [TEST_STEP][PASSED] - click: Object: 'Object Repository/Register_Page/input_submit (1)' is clicked on

2561-04-01 12:55:02 - [MESSAGE][PASSED] - Object: 'Object Repository/Register_Page/input_submit (1)' is clicked on

2561-04-01 12:55:02 - [TEST_STEP][PASSED] - verifyTextPresent: Text 'กรุณากรอกชื่อ' is present on page 

2561-04-01 12:55:03 - [MESSAGE][PASSED] - Text 'กรุณากรอกชื่อ' is present on page 

2561-04-01 12:55:03 - [TEST_STEP][PASSED] - closeBrowser: Browser is closed

2561-04-01 12:55:03 - [MESSAGE][PASSED] - Browser is closed]]></system-out>
         <system-err><![CDATA[]]></system-err>
      </testcase>
      <testcase name="Test Cases/Register volunteer/Register08" classname="Test Cases/Register volunteer/Register08" status="PASSED">
         <system-out><![CDATA[2561-04-01 12:55:03 - [TEST_CASE][PASSED] - Test Cases/Register volunteer/Register08: Test Cases/Register volunteer/Register08

2561-04-01 12:55:04 - [TEST_STEP][PASSED] - openBrowser: Browser is opened with url: ''

2561-04-01 12:55:07 - [MESSAGE][PASSED] - Browser is opened with url: ''

2561-04-01 12:55:07 - [TEST_STEP][PASSED] - navigateToUrl: Navigate to 'http://vivblind.play2pay.me/' successfully

2561-04-01 12:55:14 - [MESSAGE][PASSED] - Navigate to 'http://vivblind.play2pay.me/' successfully

2561-04-01 12:55:14 - [TEST_STEP][PASSED] - click: Object: 'Object Repository/Register_Page/a_' is clicked on

2561-04-01 12:55:15 - [MESSAGE][PASSED] - Object: 'Object Repository/Register_Page/a_' is clicked on

2561-04-01 12:55:15 - [TEST_STEP][PASSED] - setText: Text 'suphisit1@gmail.com' is set on object 'Object Repository/Register_Page/input_EMAIL (1)'

2561-04-01 12:55:15 - [MESSAGE][PASSED] - Text 'suphisit1@gmail.com' is set on object 'Object Repository/Register_Page/input_EMAIL (1)'

2561-04-01 12:55:15 - [TEST_STEP][PASSED] - setText: Text '0857098359' is set on object 'Object Repository/Register_Page/input_PASSWORD'

2561-04-01 12:55:15 - [MESSAGE][PASSED] - Text '0857098359' is set on object 'Object Repository/Register_Page/input_PASSWORD'

2561-04-01 12:55:15 - [TEST_STEP][PASSED] - setText: Text '0857098359' is set on object 'Object Repository/Register_Page/input_password_confirmation'

2561-04-01 12:55:15 - [MESSAGE][PASSED] - Text '0857098359' is set on object 'Object Repository/Register_Page/input_password_confirmation'

2561-04-01 12:55:15 - [TEST_STEP][PASSED] - uploadFile: File 'C:\Users\Administrator\Desktop\Test.jpg' sent to object: 'Object Repository/Register_Page/Upload File'

2561-04-01 12:55:15 - [MESSAGE][PASSED] - File 'C:\Users\Administrator\Desktop\Test.jpg' sent to object: 'Object Repository/Register_Page/Upload File'

2561-04-01 12:55:15 - [TEST_STEP][PASSED] - setText: Text 'ศุภิสิทธิ์' is set on object 'Object Repository/Register_Page/input_FIRST_NAME_TH'

2561-04-01 12:55:15 - [MESSAGE][PASSED] - Text 'ศุภิสิทธิ์' is set on object 'Object Repository/Register_Page/input_FIRST_NAME_TH'

2561-04-01 12:55:15 - [TEST_STEP][PASSED] - setText: Text '' is set on object 'Object Repository/Register_Page/input_LAST_NAME_TH'

2561-04-01 12:55:16 - [MESSAGE][PASSED] - Text '' is set on object 'Object Repository/Register_Page/input_LAST_NAME_TH'

2561-04-01 12:55:16 - [TEST_STEP][PASSED] - setText: Text 'Suphisit' is set on object 'Object Repository/Register_Page/input_FIRST_NAME_EN'

2561-04-01 12:55:16 - [MESSAGE][PASSED] - Text 'Suphisit' is set on object 'Object Repository/Register_Page/input_FIRST_NAME_EN'

2561-04-01 12:55:16 - [TEST_STEP][PASSED] - setText: Text 'Khaika' is set on object 'Object Repository/Register_Page/input_LAST_NAME_EN'

2561-04-01 12:55:16 - [MESSAGE][PASSED] - Text 'Khaika' is set on object 'Object Repository/Register_Page/input_LAST_NAME_EN'

2561-04-01 12:55:16 - [TEST_STEP][PASSED] - setText: Text '13/10/1994' is set on object 'Object Repository/Register_Page/input_BIRTH_DATE'

2561-04-01 12:55:16 - [MESSAGE][PASSED] - Text '13/10/1994' is set on object 'Object Repository/Register_Page/input_BIRTH_DATE'

2561-04-01 12:55:16 - [TEST_STEP][PASSED] - selectOptionByValue: All options with value 'พุทธ' are selected in object 'Object Repository/Register_Page/select_'  using regular expression

2561-04-01 12:55:17 - [MESSAGE][PASSED] - All options with value 'พุทธ' are selected in object 'Object Repository/Register_Page/select_'  using regular expression

2561-04-01 12:55:17 - [TEST_STEP][PASSED] - selectOptionByValue: All options with value 'ปริญญาตรี' are selected in object 'Object Repository/Register_Page/select__1'  using regular expression

2561-04-01 12:55:17 - [MESSAGE][PASSED] - All options with value 'ปริญญาตรี' are selected in object 'Object Repository/Register_Page/select__1'  using regular expression

2561-04-01 12:55:17 - [TEST_STEP][PASSED] - selectOptionByValue: All options with value 'อื่นๆ' are selected in object 'Object Repository/Register_Page/select__2'  using regular expression

2561-04-01 12:55:17 - [MESSAGE][PASSED] - All options with value 'อื่นๆ' are selected in object 'Object Repository/Register_Page/select__2'  using regular expression

2561-04-01 12:55:17 - [TEST_STEP][PASSED] - setText: Text '3' is set on object 'Object Repository/Register_Page/input_ADDRESS_NO'

2561-04-01 12:55:17 - [MESSAGE][PASSED] - Text '3' is set on object 'Object Repository/Register_Page/input_ADDRESS_NO'

2561-04-01 12:55:17 - [TEST_STEP][PASSED] - setText: Text '10' is set on object 'Object Repository/Register_Page/input_ADDRESS_MOO'

2561-04-01 12:55:17 - [MESSAGE][PASSED] - Text '10' is set on object 'Object Repository/Register_Page/input_ADDRESS_MOO'

2561-04-01 12:55:17 - [TEST_STEP][PASSED] - setText: Text 'พหลโยธิน' is set on object 'Object Repository/Register_Page/input_ADDRESS_ROAD'

2561-04-01 12:55:18 - [MESSAGE][PASSED] - Text 'พหลโยธิน' is set on object 'Object Repository/Register_Page/input_ADDRESS_ROAD'

2561-04-01 12:55:18 - [TEST_STEP][PASSED] - delay: Delayed 2 second(s)

2561-04-01 12:55:20 - [MESSAGE][PASSED] - Delayed 2 second(s)

2561-04-01 12:55:20 - [TEST_STEP][PASSED] - selectOptionByValue: All options with value '45' are selected in object 'Object Repository/Register_Page/ADDRESS_PROVINCE' 

2561-04-01 12:55:20 - [MESSAGE][PASSED] - All options with value '45' are selected in object 'Object Repository/Register_Page/ADDRESS_PROVINCE' 

2561-04-01 12:55:20 - [TEST_STEP][PASSED] - delay: Delayed 2 second(s)

2561-04-01 12:55:22 - [MESSAGE][PASSED] - Delayed 2 second(s)

2561-04-01 12:55:22 - [TEST_STEP][PASSED] - selectOptionByValue: All options with value '665' are selected in object 'Object Repository/Register_Page/ADDRESS_DISTRICT' 

2561-04-01 12:55:22 - [MESSAGE][PASSED] - All options with value '665' are selected in object 'Object Repository/Register_Page/ADDRESS_DISTRICT' 

2561-04-01 12:55:22 - [TEST_STEP][PASSED] - delay: Delayed 2 second(s)

2561-04-01 12:55:24 - [MESSAGE][PASSED] - Delayed 2 second(s)

2561-04-01 12:55:24 - [TEST_STEP][PASSED] - selectOptionByValue: All options with value '14726' are selected in object 'Object Repository/Register_Page/ADDRESS_SUBDISTRICT' 

2561-04-01 12:55:24 - [MESSAGE][PASSED] - All options with value '14726' are selected in object 'Object Repository/Register_Page/ADDRESS_SUBDISTRICT' 

2561-04-01 12:55:24 - [TEST_STEP][PASSED] - setText: Text '57130' is set on object 'Object Repository/Register_Page/input_ADDRESS_POSTCODE'

2561-04-01 12:55:24 - [MESSAGE][PASSED] - Text '57130' is set on object 'Object Repository/Register_Page/input_ADDRESS_POSTCODE'

2561-04-01 12:55:24 - [TEST_STEP][PASSED] - selectOptionByValue: All options with value 'กำลังทำงาน' are selected in object 'Object Repository/Register_Page/select__3'  using regular expression

2561-04-01 12:55:25 - [MESSAGE][PASSED] - All options with value 'กำลังทำงาน' are selected in object 'Object Repository/Register_Page/select__3'  using regular expression

2561-04-01 12:55:25 - [TEST_STEP][PASSED] - setText: Text '3 หมู่ที่ 10 ต.โป่งผา อ.แม่สาย จ.เชียงราย' is set on object 'Object Repository/Register_Page/input_ADDRESS_ALL'

2561-04-01 12:55:25 - [MESSAGE][PASSED] - Text '3 หมู่ที่ 10 ต.โป่งผา อ.แม่สาย จ.เชียงราย' is set on object 'Object Repository/Register_Page/input_ADDRESS_ALL'

2561-04-01 12:55:25 - [TEST_STEP][PASSED] - setText: Text '053646789' is set on object 'Object Repository/Register_Page/input_PHONE'

2561-04-01 12:55:25 - [MESSAGE][PASSED] - Text '053646789' is set on object 'Object Repository/Register_Page/input_PHONE'

2561-04-01 12:55:25 - [TEST_STEP][PASSED] - setText: Text '0827975510' is set on object 'Object Repository/Register_Page/input_CELL_PHONE'

2561-04-01 12:55:25 - [MESSAGE][PASSED] - Text '0827975510' is set on object 'Object Repository/Register_Page/input_CELL_PHONE'

2561-04-01 12:55:25 - [TEST_STEP][PASSED] - setText: Text '025445687' is set on object 'Object Repository/Register_Page/input_FAX'

2561-04-01 12:55:26 - [MESSAGE][PASSED] - Text '025445687' is set on object 'Object Repository/Register_Page/input_FAX'

2561-04-01 12:55:26 - [TEST_STEP][PASSED] - click: Object: 'Object Repository/Register_Page/input_submit (1)' is clicked on

2561-04-01 12:55:26 - [MESSAGE][PASSED] - Object: 'Object Repository/Register_Page/input_submit (1)' is clicked on

2561-04-01 12:55:26 - [TEST_STEP][PASSED] - verifyTextPresent: Text 'กรุณากรอกนามสกุล' is present on page 

2561-04-01 12:55:27 - [MESSAGE][PASSED] - Text 'กรุณากรอกนามสกุล' is present on page 

2561-04-01 12:55:27 - [TEST_STEP][PASSED] - closeBrowser: Browser is closed

2561-04-01 12:55:27 - [MESSAGE][PASSED] - Browser is closed]]></system-out>
         <system-err><![CDATA[]]></system-err>
      </testcase>
      <testcase name="Test Cases/Register volunteer/Register09" classname="Test Cases/Register volunteer/Register09" status="PASSED">
         <system-out><![CDATA[2561-04-01 12:55:27 - [TEST_CASE][PASSED] - Test Cases/Register volunteer/Register09: Test Cases/Register volunteer/Register09

2561-04-01 12:55:27 - [TEST_STEP][PASSED] - openBrowser: Browser is opened with url: ''

2561-04-01 12:55:30 - [MESSAGE][PASSED] - Browser is opened with url: ''

2561-04-01 12:55:30 - [TEST_STEP][PASSED] - navigateToUrl: Navigate to 'http://vivblind.play2pay.me/' successfully

2561-04-01 12:55:35 - [MESSAGE][PASSED] - Navigate to 'http://vivblind.play2pay.me/' successfully

2561-04-01 12:55:35 - [TEST_STEP][PASSED] - click: Object: 'Object Repository/Register_Page/a_' is clicked on

2561-04-01 12:55:35 - [MESSAGE][PASSED] - Object: 'Object Repository/Register_Page/a_' is clicked on

2561-04-01 12:55:35 - [TEST_STEP][PASSED] - setText: Text 'suphisit1@gmail.com' is set on object 'Object Repository/Register_Page/input_EMAIL (1)'

2561-04-01 12:55:35 - [MESSAGE][PASSED] - Text 'suphisit1@gmail.com' is set on object 'Object Repository/Register_Page/input_EMAIL (1)'

2561-04-01 12:55:35 - [TEST_STEP][PASSED] - setText: Text '0857098359' is set on object 'Object Repository/Register_Page/input_PASSWORD'

2561-04-01 12:55:36 - [MESSAGE][PASSED] - Text '0857098359' is set on object 'Object Repository/Register_Page/input_PASSWORD'

2561-04-01 12:55:36 - [TEST_STEP][PASSED] - setText: Text '0857098359' is set on object 'Object Repository/Register_Page/input_password_confirmation'

2561-04-01 12:55:36 - [MESSAGE][PASSED] - Text '0857098359' is set on object 'Object Repository/Register_Page/input_password_confirmation'

2561-04-01 12:55:36 - [TEST_STEP][PASSED] - uploadFile: File 'C:\Users\Administrator\Desktop\Test.jpg' sent to object: 'Object Repository/Register_Page/Upload File'

2561-04-01 12:55:36 - [MESSAGE][PASSED] - File 'C:\Users\Administrator\Desktop\Test.jpg' sent to object: 'Object Repository/Register_Page/Upload File'

2561-04-01 12:55:36 - [TEST_STEP][PASSED] - setText: Text 'ศุภิสิทธิ์' is set on object 'Object Repository/Register_Page/input_FIRST_NAME_TH'

2561-04-01 12:55:36 - [MESSAGE][PASSED] - Text 'ศุภิสิทธิ์' is set on object 'Object Repository/Register_Page/input_FIRST_NAME_TH'

2561-04-01 12:55:36 - [TEST_STEP][PASSED] - setText: Text 'ไข่กา' is set on object 'Object Repository/Register_Page/input_LAST_NAME_TH'

2561-04-01 12:55:36 - [MESSAGE][PASSED] - Text 'ไข่กา' is set on object 'Object Repository/Register_Page/input_LAST_NAME_TH'

2561-04-01 12:55:36 - [TEST_STEP][PASSED] - setText: Text '' is set on object 'Object Repository/Register_Page/input_FIRST_NAME_EN'

2561-04-01 12:55:36 - [MESSAGE][PASSED] - Text '' is set on object 'Object Repository/Register_Page/input_FIRST_NAME_EN'

2561-04-01 12:55:36 - [TEST_STEP][PASSED] - setText: Text '' is set on object 'Object Repository/Register_Page/input_LAST_NAME_EN'

2561-04-01 12:55:37 - [MESSAGE][PASSED] - Text '' is set on object 'Object Repository/Register_Page/input_LAST_NAME_EN'

2561-04-01 12:55:37 - [TEST_STEP][PASSED] - setText: Text '13/10/1994' is set on object 'Object Repository/Register_Page/input_BIRTH_DATE'

2561-04-01 12:55:37 - [MESSAGE][PASSED] - Text '13/10/1994' is set on object 'Object Repository/Register_Page/input_BIRTH_DATE'

2561-04-01 12:55:37 - [TEST_STEP][PASSED] - selectOptionByValue: All options with value 'พุทธ' are selected in object 'Object Repository/Register_Page/select_'  using regular expression

2561-04-01 12:55:37 - [MESSAGE][PASSED] - All options with value 'พุทธ' are selected in object 'Object Repository/Register_Page/select_'  using regular expression

2561-04-01 12:55:37 - [TEST_STEP][PASSED] - selectOptionByValue: All options with value 'ปริญญาตรี' are selected in object 'Object Repository/Register_Page/select__1'  using regular expression

2561-04-01 12:55:37 - [MESSAGE][PASSED] - All options with value 'ปริญญาตรี' are selected in object 'Object Repository/Register_Page/select__1'  using regular expression

2561-04-01 12:55:37 - [TEST_STEP][PASSED] - selectOptionByValue: All options with value 'อื่นๆ' are selected in object 'Object Repository/Register_Page/select__2'  using regular expression

2561-04-01 12:55:38 - [MESSAGE][PASSED] - All options with value 'อื่นๆ' are selected in object 'Object Repository/Register_Page/select__2'  using regular expression

2561-04-01 12:55:38 - [TEST_STEP][PASSED] - setText: Text '3' is set on object 'Object Repository/Register_Page/input_ADDRESS_NO'

2561-04-01 12:55:38 - [MESSAGE][PASSED] - Text '3' is set on object 'Object Repository/Register_Page/input_ADDRESS_NO'

2561-04-01 12:55:38 - [TEST_STEP][PASSED] - setText: Text '10' is set on object 'Object Repository/Register_Page/input_ADDRESS_MOO'

2561-04-01 12:55:38 - [MESSAGE][PASSED] - Text '10' is set on object 'Object Repository/Register_Page/input_ADDRESS_MOO'

2561-04-01 12:55:38 - [TEST_STEP][PASSED] - setText: Text 'พหลโยธิน' is set on object 'Object Repository/Register_Page/input_ADDRESS_ROAD'

2561-04-01 12:55:38 - [MESSAGE][PASSED] - Text 'พหลโยธิน' is set on object 'Object Repository/Register_Page/input_ADDRESS_ROAD'

2561-04-01 12:55:38 - [TEST_STEP][PASSED] - delay: Delayed 2 second(s)

2561-04-01 12:55:40 - [MESSAGE][PASSED] - Delayed 2 second(s)

2561-04-01 12:55:40 - [TEST_STEP][PASSED] - selectOptionByValue: All options with value '45' are selected in object 'Object Repository/Register_Page/ADDRESS_PROVINCE' 

2561-04-01 12:55:41 - [MESSAGE][PASSED] - All options with value '45' are selected in object 'Object Repository/Register_Page/ADDRESS_PROVINCE' 

2561-04-01 12:55:41 - [TEST_STEP][PASSED] - delay: Delayed 2 second(s)

2561-04-01 12:55:43 - [MESSAGE][PASSED] - Delayed 2 second(s)

2561-04-01 12:55:43 - [TEST_STEP][PASSED] - selectOptionByValue: All options with value '665' are selected in object 'Object Repository/Register_Page/ADDRESS_DISTRICT' 

2561-04-01 12:55:43 - [MESSAGE][PASSED] - All options with value '665' are selected in object 'Object Repository/Register_Page/ADDRESS_DISTRICT' 

2561-04-01 12:55:43 - [TEST_STEP][PASSED] - delay: Delayed 2 second(s)

2561-04-01 12:55:45 - [MESSAGE][PASSED] - Delayed 2 second(s)

[...]

2561-04-01 13:07:09 - [TEST_STEP][PASSED] - click: Object: 'Object Repository/Register_Page/input_submit (1)' is clicked on

2561-04-01 13:07:10 - [MESSAGE][PASSED] - Object: 'Object Repository/Register_Page/input_submit (1)' is clicked on

2561-04-01 13:07:10 - [TEST_STEP][PASSED] - verifyTextPresent: Text 'กรุณากรอกเบอร์มือถือ' is present on page 

2561-04-01 13:07:10 - [MESSAGE][PASSED] - Text 'กรุณากรอกเบอร์มือถือ' is present on page 

2561-04-01 13:07:10 - [TEST_STEP][PASSED] - closeBrowser: Browser is closed

2561-04-01 13:07:11 - [MESSAGE][PASSED] - Browser is closed]]></system-out>
         <system-err><![CDATA[]]></system-err>
      </testcase>
      <testcase name="Test Cases/Register volunteer/Register46" classname="Test Cases/Register volunteer/Register46" status="PASSED">
         <system-out><![CDATA[2561-04-01 13:07:11 - [TEST_CASE][PASSED] - Test Cases/Register volunteer/Register46: Test Cases/Register volunteer/Register46

2561-04-01 13:07:11 - [TEST_STEP][PASSED] - openBrowser: Browser is opened with url: ''

2561-04-01 13:07:13 - [MESSAGE][PASSED] - Browser is opened with url: ''

2561-04-01 13:07:13 - [TEST_STEP][PASSED] - navigateToUrl: Navigate to 'http://vivblind.play2pay.me/' successfully

2561-04-01 13:07:17 - [MESSAGE][PASSED] - Navigate to 'http://vivblind.play2pay.me/' successfully

2561-04-01 13:07:17 - [TEST_STEP][PASSED] - click: Object: 'Object Repository/Register_Page/a_' is clicked on

2561-04-01 13:07:18 - [MESSAGE][PASSED] - Object: 'Object Repository/Register_Page/a_' is clicked on

2561-04-01 13:07:18 - [TEST_STEP][PASSED] - setText: Text 'suphisit1@gmail.com' is set on object 'Object Repository/Register_Page/input_EMAIL (1)'

2561-04-01 13:07:18 - [MESSAGE][PASSED] - Text 'suphisit1@gmail.com' is set on object 'Object Repository/Register_Page/input_EMAIL (1)'

2561-04-01 13:07:18 - [TEST_STEP][PASSED] - setText: Text '0857098359' is set on object 'Object Repository/Register_Page/input_PASSWORD'

2561-04-01 13:07:18 - [MESSAGE][PASSED] - Text '0857098359' is set on object 'Object Repository/Register_Page/input_PASSWORD'

2561-04-01 13:07:18 - [TEST_STEP][PASSED] - setText: Text '0857098359' is set on object 'Object Repository/Register_Page/input_password_confirmation'

2561-04-01 13:07:18 - [MESSAGE][PASSED] - Text '0857098359' is set on object 'Object Repository/Register_Page/input_password_confirmation'

2561-04-01 13:07:18 - [TEST_STEP][PASSED] - uploadFile: File 'C:\Users\Administrator\Desktop\Test.jpg' sent to object: 'Object Repository/Register_Page/Upload File'

2561-04-01 13:07:19 - [MESSAGE][PASSED] - File 'C:\Users\Administrator\Desktop\Test.jpg' sent to object: 'Object Repository/Register_Page/Upload File'

2561-04-01 13:07:19 - [TEST_STEP][PASSED] - setText: Text 'ศุภิสิทธิ์ ' is set on object 'Object Repository/Register_Page/input_FIRST_NAME_TH'

2561-04-01 13:07:19 - [MESSAGE][PASSED] - Text 'ศุภิสิทธิ์ ' is set on object 'Object Repository/Register_Page/input_FIRST_NAME_TH'

2561-04-01 13:07:19 - [TEST_STEP][PASSED] - setText: Text 'ไข่กา' is set on object 'Object Repository/Register_Page/input_LAST_NAME_TH'

2561-04-01 13:07:19 - [MESSAGE][PASSED] - Text 'ไข่กา' is set on object 'Object Repository/Register_Page/input_LAST_NAME_TH'

2561-04-01 13:07:19 - [TEST_STEP][PASSED] - setText: Text 'Suphisit' is set on object 'Object Repository/Register_Page/input_FIRST_NAME_EN'

2561-04-01 13:07:19 - [MESSAGE][PASSED] - Text 'Suphisit' is set on object 'Object Repository/Register_Page/input_FIRST_NAME_EN'

2561-04-01 13:07:19 - [TEST_STEP][PASSED] - setText: Text 'Khaika' is set on object 'Object Repository/Register_Page/input_LAST_NAME_EN'

2561-04-01 13:07:19 - [MESSAGE][PASSED] - Text 'Khaika' is set on object 'Object Repository/Register_Page/input_LAST_NAME_EN'

2561-04-01 13:07:19 - [TEST_STEP][PASSED] - setText: Text '13/10/1994' is set on object 'Object Repository/Register_Page/input_BIRTH_DATE'

2561-04-01 13:07:19 - [MESSAGE][PASSED] - Text '13/10/1994' is set on object 'Object Repository/Register_Page/input_BIRTH_DATE'

2561-04-01 13:07:19 - [TEST_STEP][PASSED] - selectOptionByValue: All options with value 'อื่นๆ' are selected in object 'Object Repository/Register_Page/select_'  using regular expression

2561-04-01 13:07:20 - [MESSAGE][PASSED] - All options with value 'อื่นๆ' are selected in object 'Object Repository/Register_Page/select_'  using regular expression

2561-04-01 13:07:20 - [TEST_STEP][PASSED] - selectOptionByValue: All options with value 'สูงกว่าปริญญาตรี' are selected in object 'Object Repository/Register_Page/select__1'  using regular expression

2561-04-01 13:07:20 - [MESSAGE][PASSED] - All options with value 'สูงกว่าปริญญาตรี' are selected in object 'Object Repository/Register_Page/select__1'  using regular expression

2561-04-01 13:07:20 - [TEST_STEP][PASSED] - selectOptionByValue: All options with value 'อื่นๆ' are selected in object 'Object Repository/Register_Page/select__2'  using regular expression

2561-04-01 13:07:20 - [MESSAGE][PASSED] - All options with value 'อื่นๆ' are selected in object 'Object Repository/Register_Page/select__2'  using regular expression

2561-04-01 13:07:20 - [TEST_STEP][PASSED] - setText: Text '3' is set on object 'Object Repository/Register_Page/input_ADDRESS_NO'

2561-04-01 13:07:20 - [MESSAGE][PASSED] - Text '3' is set on object 'Object Repository/Register_Page/input_ADDRESS_NO'

2561-04-01 13:07:20 - [TEST_STEP][PASSED] - setText: Text '10' is set on object 'Object Repository/Register_Page/input_ADDRESS_MOO'

2561-04-01 13:07:20 - [MESSAGE][PASSED] - Text '10' is set on object 'Object Repository/Register_Page/input_ADDRESS_MOO'

2561-04-01 13:07:20 - [TEST_STEP][PASSED] - setText: Text 'พหลโยธิน' is set on object 'Object Repository/Register_Page/input_ADDRESS_ROAD'

2561-04-01 13:07:20 - [MESSAGE][PASSED] - Text 'พหลโยธิน' is set on object 'Object Repository/Register_Page/input_ADDRESS_ROAD'

2561-04-01 13:07:20 - [TEST_STEP][PASSED] - delay: Delayed 2 second(s)

2561-04-01 13:07:22 - [MESSAGE][PASSED] - Delayed 2 second(s)

2561-04-01 13:07:22 - [TEST_STEP][PASSED] - selectOptionByValue: All options with value '45' are selected in object 'Object Repository/Register_Page/ADDRESS_PROVINCE' 

2561-04-01 13:07:22 - [MESSAGE][PASSED] - All options with value '45' are selected in object 'Object Repository/Register_Page/ADDRESS_PROVINCE' 

2561-04-01 13:07:22 - [TEST_STEP][PASSED] - delay: Delayed 2 second(s)

2561-04-01 13:07:24 - [MESSAGE][PASSED] - Delayed 2 second(s)

2561-04-01 13:07:24 - [TEST_STEP][PASSED] - selectOptionByValue: All options with value '665' are selected in object 'Object Repository/Register_Page/ADDRESS_DISTRICT' 

2561-04-01 13:07:25 - [MESSAGE][PASSED] - All options with value '665' are selected in object 'Object Repository/Register_Page/ADDRESS_DISTRICT' 

2561-04-01 13:07:25 - [TEST_STEP][PASSED] - delay: Delayed 2 second(s)

2561-04-01 13:07:27 - [MESSAGE][PASSED] - Delayed 2 second(s)

2561-04-01 13:07:27 - [TEST_STEP][PASSED] - selectOptionByValue: All options with value '14726' are selected in object 'Object Repository/Register_Page/ADDRESS_SUBDISTRICT' 

2561-04-01 13:07:27 - [MESSAGE][PASSED] - All options with value '14726' are selected in object 'Object Repository/Register_Page/ADDRESS_SUBDISTRICT' 

2561-04-01 13:07:27 - [TEST_STEP][PASSED] - setText: Text '57130' is set on object 'Object Repository/Register_Page/input_ADDRESS_POSTCODE'

2561-04-01 13:07:27 - [MESSAGE][PASSED] - Text '57130' is set on object 'Object Repository/Register_Page/input_ADDRESS_POSTCODE'

2561-04-01 13:07:27 - [TEST_STEP][PASSED] - selectOptionByValue: All options with value 'กำลังทำงาน' are selected in object 'Object Repository/Register_Page/select__3'  using regular expression

2561-04-01 13:07:27 - [MESSAGE][PASSED] - All options with value 'กำลังทำงาน' are selected in object 'Object Repository/Register_Page/select__3'  using regular expression

2561-04-01 13:07:27 - [TEST_STEP][PASSED] - setText: Text '3 หมู่ที่ 10 ต.โป่งผา อ.แม่สาย จ.เชียงราย' is set on object 'Object Repository/Register_Page/input_ADDRESS_ALL'

2561-04-01 13:07:27 - [MESSAGE][PASSED] - Text '3 หมู่ที่ 10 ต.โป่งผา อ.แม่สาย จ.เชียงราย' is set on object 'Object Repository/Register_Page/input_ADDRESS_ALL'

2561-04-01 13:07:27 - [TEST_STEP][PASSED] - setText: Text '053646789' is set on object 'Object Repository/Register_Page/input_PHONE'

2561-04-01 13:07:28 - [MESSAGE][PASSED] - Text '053646789' is set on object 'Object Repository/Register_Page/input_PHONE'

2561-04-01 13:07:28 - [TEST_STEP][PASSED] - setText: Text '0827975510' is set on object 'Object Repository/Register_Page/input_CELL_PHONE'

2561-04-01 13:07:28 - [MESSAGE][PASSED] - Text '0827975510' is set on object 'Object Repository/Register_Page/input_CELL_PHONE'

2561-04-01 13:07:28 - [TEST_STEP][PASSED] - setText: Text '025445687' is set on object 'Object Repository/Register_Page/input_FAX'

2561-04-01 13:07:28 - [MESSAGE][PASSED] - Text '025445687' is set on object 'Object Repository/Register_Page/input_FAX'

2561-04-01 13:07:28 - [TEST_STEP][PASSED] - click: Object: 'Object Repository/Register_Page/input_submit (1)' is clicked on

2561-04-01 13:07:29 - [MESSAGE][PASSED] - Object: 'Object Repository/Register_Page/input_submit (1)' is clicked on

2561-04-01 13:07:29 - [TEST_STEP][PASSED] - closeBrowser: Browser is closed

2561-04-01 13:07:29 - [MESSAGE][PASSED] - Browser is closed]]></system-out>
         <system-err><![CDATA[]]></system-err>
      </testcase>
      <testcase name="Test Cases/Register volunteer/Register47" classname="Test Cases/Register volunteer/Register47" status="PASSED">
         <system-out><![CDATA[2561-04-01 13:07:30 - [TEST_CASE][PASSED] - Test Cases/Register volunteer/Register47: Test Cases/Register volunteer/Register47

2561-04-01 13:07:30 - [TEST_STEP][PASSED] - openBrowser: Browser is opened with url: ''

2561-04-01 13:07:32 - [MESSAGE][PASSED] - Browser is opened with url: ''

2561-04-01 13:07:32 - [TEST_STEP][PASSED] - navigateToUrl: Navigate to 'http://vivblind.play2pay.me/' successfully

2561-04-01 13:07:37 - [MESSAGE][PASSED] - Navigate to 'http://vivblind.play2pay.me/' successfully

2561-04-01 13:07:37 - [TEST_STEP][PASSED] - click: Object: 'Object Repository/Register_Page/a_' is clicked on

2561-04-01 13:07:37 - [MESSAGE][PASSED] - Object: 'Object Repository/Register_Page/a_' is clicked on

2561-04-01 13:07:37 - [TEST_STEP][PASSED] - setText: Text '' is set on object 'Object Repository/Register_Page/input_EMAIL (1)'

2561-04-01 13:07:37 - [MESSAGE][PASSED] - Text '' is set on object 'Object Repository/Register_Page/input_EMAIL (1)'

2561-04-01 13:07:37 - [TEST_STEP][PASSED] - setText: Text '' is set on object 'Object Repository/Register_Page/input_PASSWORD'

2561-04-01 13:07:38 - [MESSAGE][PASSED] - Text '' is set on object 'Object Repository/Register_Page/input_PASSWORD'

2561-04-01 13:07:38 - [TEST_STEP][PASSED] - setText: Text '' is set on object 'Object Repository/Register_Page/input_password_confirmation'

2561-04-01 13:07:38 - [MESSAGE][PASSED] - Text '' is set on object 'Object Repository/Register_Page/input_password_confirmation'

2561-04-01 13:07:38 - [TEST_STEP][PASSED] - setText: Text '' is set on object 'Object Repository/Register_Page/input_FIRST_NAME_TH'

2561-04-01 13:07:38 - [MESSAGE][PASSED] - Text '' is set on object 'Object Repository/Register_Page/input_FIRST_NAME_TH'

2561-04-01 13:07:38 - [TEST_STEP][PASSED] - setText: Text '' is set on object 'Object Repository/Register_Page/input_LAST_NAME_TH'

2561-04-01 13:07:38 - [MESSAGE][PASSED] - Text '' is set on object 'Object Repository/Register_Page/input_LAST_NAME_TH'

2561-04-01 13:07:38 - [TEST_STEP][PASSED] - setText: Text '' is set on object 'Object Repository/Register_Page/input_FIRST_NAME_EN'

2561-04-01 13:07:38 - [MESSAGE][PASSED] - Text '' is set on object 'Object Repository/Register_Page/input_FIRST_NAME_EN'

2561-04-01 13:07:38 - [TEST_STEP][PASSED] - setText: Text '' is set on object 'Object Repository/Register_Page/input_LAST_NAME_EN'

2561-04-01 13:07:38 - [MESSAGE][PASSED] - Text '' is set on object 'Object Repository/Register_Page/input_LAST_NAME_EN'

2561-04-01 13:07:38 - [TEST_STEP][PASSED] - setText: Text '' is set on object 'Object Repository/Register_Page/input_BIRTH_DATE'

2561-04-01 13:07:38 - [MESSAGE][PASSED] - Text '' is set on object 'Object Repository/Register_Page/input_BIRTH_DATE'

2561-04-01 13:07:38 - [TEST_STEP][PASSED] - selectOptionByValue: All options with value '' are selected in object 'Object Repository/Register_Page/select_'  using regular expression

2561-04-01 13:07:38 - [MESSAGE][PASSED] - All options with value '' are selected in object 'Object Repository/Register_Page/select_'  using regular expression

2561-04-01 13:07:38 - [TEST_STEP][PASSED] - selectOptionByValue: All options with value '' are selected in object 'Object Repository/Register_Page/select__1'  using regular expression

2561-04-01 13:07:39 - [MESSAGE][PASSED] - All options with value '' are selected in object 'Object Repository/Register_Page/select__1'  using regular expression

2561-04-01 13:07:39 - [TEST_STEP][PASSED] - selectOptionByValue: All options with value '' are selected in object 'Object Repository/Register_Page/select__2'  using regular expression

2561-04-01 13:07:39 - [MESSAGE][PASSED] - All options with value '' are selected in object 'Object Repository/Register_Page/select__2'  using regular expression

2561-04-01 13:07:39 - [TEST_STEP][PASSED] - setText: Text '' is set on object 'Object Repository/Register_Page/input_ADDRESS_NO'

2561-04-01 13:07:39 - [MESSAGE][PASSED] - Text '' is set on object 'Object Repository/Register_Page/input_ADDRESS_NO'

2561-04-01 13:07:39 - [TEST_STEP][PASSED] - setText: Text '' is set on object 'Object Repository/Register_Page/input_ADDRESS_MOO'

2561-04-01 13:07:39 - [MESSAGE][PASSED] - Text '' is set on object 'Object Repository/Register_Page/input_ADDRESS_MOO'

2561-04-01 13:07:39 - [TEST_STEP][PASSED] - setText: Text '' is set on object 'Object Repository/Register_Page/input_ADDRESS_ROAD'

2561-04-01 13:07:39 - [MESSAGE][PASSED] - Text '' is set on object 'Object Repository/Register_Page/input_ADDRESS_ROAD'

2561-04-01 13:07:39 - [TEST_STEP][PASSED] - selectOptionByValue: All options with value '' are selected in object 'Object Repository/Register_Page/ADDRESS_PROVINCE' 

2561-04-01 13:07:39 - [MESSAGE][PASSED] - All options with value '' are selected in object 'Object Repository/Register_Page/ADDRESS_PROVINCE' 

2561-04-01 13:07:39 - [TEST_STEP][PASSED] - setText: Text '' is set on object 'Object Repository/Register_Page/input_ADDRESS_POSTCODE'

2561-04-01 13:07:39 - [MESSAGE][PASSED] - Text '' is set on object 'Object Repository/Register_Page/input_ADDRESS_POSTCODE'

2561-04-01 13:07:39 - [TEST_STEP][PASSED] - selectOptionByValue: All options with value '' are selected in object 'Object Repository/Register_Page/select__3'  using regular expression

2561-04-01 13:07:39 - [MESSAGE][PASSED] - All options with value '' are selected in object 'Object Repository/Register_Page/select__3'  using regular expression

2561-04-01 13:07:39 - [TEST_STEP][PASSED] - setText: Text '' is set on object 'Object Repository/Register_Page/input_ADDRESS_ALL'

2561-04-01 13:07:39 - [MESSAGE][PASSED] - Text '' is set on object 'Object Repository/Register_Page/input_ADDRESS_ALL'

2561-04-01 13:07:39 - [TEST_STEP][PASSED] - setText: Text '' is set on object 'Object Repository/Register_Page/input_PHONE'

2561-04-01 13:07:40 - [MESSAGE][PASSED] - Text '' is set on object 'Object Repository/Register_Page/input_PHONE'

2561-04-01 13:07:40 - [TEST_STEP][PASSED] - setText: Text '' is set on object 'Object Repository/Register_Page/input_CELL_PHONE'

2561-04-01 13:07:40 - [MESSAGE][PASSED] - Text '' is set on object 'Object Repository/Register_Page/input_CELL_PHONE'

2561-04-01 13:07:40 - [TEST_STEP][PASSED] - setText: Text '' is set on object 'Object Repository/Register_Page/input_FAX'

2561-04-01 13:07:40 - [MESSAGE][PASSED] - Text '' is set on object 'Object Repository/Register_Page/input_FAX'

2561-04-01 13:07:40 - [TEST_STEP][PASSED] - click: Object: 'Object Repository/Register_Page/input_submit (1)' is clicked on

2561-04-01 13:07:41 - [MESSAGE][PASSED] - Object: 'Object Repository/Register_Page/input_submit (1)' is clicked on

2561-04-01 13:07:41 - [TEST_STEP][PASSED] - verifyTextPresent: Text 'กรุณากรอกรหัสสมาชิก' is present on page 

2561-04-01 13:07:41 - [MESSAGE][PASSED] - Text 'กรุณากรอกรหัสสมาชิก' is present on page 

2561-04-01 13:07:41 - [TEST_STEP][PASSED] - verifyTextPresent: Text 'กรุณากรอกรหัสผ่าน' is present on page 

2561-04-01 13:07:41 - [MESSAGE][PASSED] - Text 'กรุณากรอกรหัสผ่าน' is present on page 

2561-04-01 13:07:41 - [TEST_STEP][PASSED] - verifyTextPresent: Text 'กรุณายืนยันรหัสผ่านของท่าน' is present on page 

2561-04-01 13:07:41 - [MESSAGE][PASSED] - Text 'กรุณายืนยันรหัสผ่านของท่าน' is present on page 

2561-04-01 13:07:41 - [TEST_STEP][PASSED] - verifyTextPresent: Text 'กรุณากรอกชื่อ' is present on page 

2561-04-01 13:07:41 - [MESSAGE][PASSED] - Text 'กรุณากรอกชื่อ' is present on page 

2561-04-01 13:07:41 - [TEST_STEP][PASSED] - verifyTextPresent: Text 'กรุณากรอกนามสกุล' is present on page 

2561-04-01 13:07:41 - [MESSAGE][PASSED] - Text 'กรุณากรอกนามสกุล' is present on page 

2561-04-01 13:07:41 - [TEST_STEP][PASSED] - verifyTextPresent: Text 'กรุณากรอกชื่อภาษาอังกฤษ' is present on page 

2561-04-01 13:07:41 - [MESSAGE][PASSED] - Text 'กรุณากรอกชื่อภาษาอังกฤษ' is present on page 

2561-04-01 13:07:41 - [TEST_STEP][PASSED] - verifyTextPresent: Text 'กรุณากรอกนามสกุลภาษาอังกฤษ' is present on page 

2561-04-01 13:07:41 - [MESSAGE][PASSED] - Text 'กรุณากรอกนามสกุลภาษาอังกฤษ' is present on page 

2561-04-01 13:07:41 - [TEST_STEP][PASSED] - verifyTextPresent: Text 'กรุณาเลือกศาสนา' is present on page 

2561-04-01 13:07:42 - [MESSAGE][PASSED] - Text 'กรุณาเลือกศาสนา' is present on page 

2561-04-01 13:07:42 - [TEST_STEP][PASSED] - verifyTextPresent: Text 'กรุณาเลือกระดับการศึกษา' is present on page 

2561-04-01 13:07:42 - [MESSAGE][PASSED] - Text 'กรุณาเลือกระดับการศึกษา' is present on page 

2561-04-01 13:07:42 - [TEST_STEP][PASSED] - verifyTextPresent: Text 'กรุณาเลือกอาชีพ' is present on page 

2561-04-01 13:07:42 - [MESSAGE][PASSED] - Text 'กรุณาเลือกอาชีพ' is present on page 

2561-04-01 13:07:42 - [TEST_STEP][PASSED] - verifyTextPresent: Text 'กรุณาเลือกจังหวัด' is present on page 

2561-04-01 13:07:42 - [MESSAGE][PASSED] - Text 'กรุณาเลือกจังหวัด' is present on page 

2561-04-01 13:07:42 - [TEST_STEP][PASSED] - verifyTextPresent: Text 'กรุณาเลือกอำเภอ' is present on page 

2561-04-01 13:07:42 - [MESSAGE][PASSED] - Text 'กรุณาเลือกอำเภอ' is present on page 

2561-04-01 13:07:42 - [TEST_STEP][PASSED] - verifyTextPresent: Text 'กรุณาเลือกตำบล' is present on page 

2561-04-01 13:07:42 - [MESSAGE][PASSED] - Text 'กรุณาเลือกตำบล' is present on page 

2561-04-01 13:07:42 - [TEST_STEP][PASSED] - verifyTextPresent: Text 'กรุณากรอกรหัสไปรษณีย์' is present on page 

2561-04-01 13:07:42 - [MESSAGE][PASSED] - Text 'กรุณากรอกรหัสไปรษณีย์' is present on page 

2561-04-01 13:07:42 - [TEST_STEP][PASSED] - verifyTextPresent: Text 'กรุณาเลือกสถานะ การศึกษา,ทำงาน' is present on page 

2561-04-01 13:07:43 - [MESSAGE][PASSED] - Text 'กรุณาเลือกสถานะ การศึกษา,ทำงาน' is present on page 

2561-04-01 13:07:43 - [TEST_STEP][PASSED] - verifyTextPresent: Text 'กรุณากรอกเบอร์มือถือ' is present on page 

2561-04-01 13:07:43 - [MESSAGE][PASSED] - Text 'กรุณากรอกเบอร์มือถือ' is present on page 

2561-04-01 13:07:43 - [TEST_STEP][PASSED] - closeBrowser: Browser is closed

2561-04-01 13:07:43 - [MESSAGE][PASSED] - Browser is closed]]></system-out>
         <system-err><![CDATA[]]></system-err>
      </testcase>
      <system-out><![CDATA[2561-04-01 12:52:20 - [TEST_SUITE][PASSED] - Register: Test Cases/Register volunteer/Register47]]></system-out>
      <system-err><![CDATA[]]></system-err>
   </testsuite>
</testsuites>
