<?xml version="1.0" encoding="UTF-8"?>
<testsuites name="Register" time="903" tests="47" failures="0" errors="0">
   <testsuite name="Register" tests="47" failures="0" errors="0" time="903" timestamp="2561-03-31 20:25:12" hostname="Administrator - SUPHISIT" id="Test Suites/RegisterV/Register">
      <properties>
         <property name="deviceName" value=""/>
         <property name="devicePlatform" value=""/>
         <property name="logFolder" value="C:\\Users\\Administrator\\Desktop\\Practice Test\\Reports\\RegisterV\\Register\\25610331_202506"/>
         <property name="logFiles" value="C:\\Users\\Administrator\\Desktop\\Practice Test\\Reports\\RegisterV\\Register\\25610331_202506\\execution0.log"/>
         <property name="attachments" value=""/>
         <property name="hostName" value="Administrator - SUPHISIT"/>
         <property name="os" value="Windows 10 64bit"/>
         <property name="katalonVersion" value="5.3.1.1"/>
         <property name="browser" value="Chrome 65.0.3325.181"/>
         <property name="hostAddress" value="192.168.219.1"/>
         <property name="sessionId" value="45d92fbd2eeb28a3effa4752c0e8a5fc"/>
         <property name="seleniumVersion" value="3.7.1"/>
         <property name="proxyInformation" value="ProxyInformation{proxyOption=NO_PROXY, proxyServerType=HTTP, password=, proxyServerAddress=, proxyServerPort=0}"/>
         <property name="platform" value="Windows 10"/>
      </properties>
      <testcase name="Test Cases/Register volunteer/Register01" classname="Test Cases/Register volunteer/Register01" status="PASSED">
         <system-out><![CDATA[2561-03-31 20:25:13 - [TEST_CASE][PASSED] - Test Cases/Register volunteer/Register01: Test Cases/Register volunteer/Register01

2561-03-31 20:25:13 - [TEST_STEP][PASSED] - Statement - randomString = CustomKeywords.generateEmail.genEmail.randomString("abcdefghijklmnopqrstuvwxty123456789", 10): generateEmail.genEmail.randomString is PASSED

2561-03-31 20:25:13 - [MESSAGE][PASSED] - generateEmail.genEmail.randomString is PASSED

2561-03-31 20:25:13 - [TEST_STEP][PASSED] - openBrowser: Browser is opened with url: ''

2561-03-31 20:25:24 - [MESSAGE][PASSED] - Browser is opened with url: ''

2561-03-31 20:25:24 - [TEST_STEP][PASSED] - navigateToUrl: Navigate to 'http://vivblind.play2pay.me/' successfully

2561-03-31 20:25:38 - [MESSAGE][PASSED] - Navigate to 'http://vivblind.play2pay.me/' successfully

2561-03-31 20:25:38 - [TEST_STEP][PASSED] - click: Object: 'Object Repository/Register_Page/a_' is clicked on

2561-03-31 20:25:39 - [MESSAGE][PASSED] - Object: 'Object Repository/Register_Page/a_' is clicked on

2561-03-31 20:25:39 - [TEST_STEP][PASSED] - setText: Text '55v9n9b7ef@gmail.com' is set on object 'Object Repository/Register_Page/input_EMAIL (1)'

2561-03-31 20:25:40 - [MESSAGE][PASSED] - Text '55v9n9b7ef@gmail.com' is set on object 'Object Repository/Register_Page/input_EMAIL (1)'

2561-03-31 20:25:40 - [TEST_STEP][PASSED] - setText: Text '0857098359' is set on object 'Object Repository/Register_Page/input_PASSWORD'

2561-03-31 20:25:40 - [MESSAGE][PASSED] - Text '0857098359' is set on object 'Object Repository/Register_Page/input_PASSWORD'

2561-03-31 20:25:40 - [TEST_STEP][PASSED] - setText: Text '0857098359' is set on object 'Object Repository/Register_Page/input_password_confirmation'

2561-03-31 20:25:40 - [MESSAGE][PASSED] - Text '0857098359' is set on object 'Object Repository/Register_Page/input_password_confirmation'

2561-03-31 20:25:40 - [TEST_STEP][PASSED] - uploadFile: File 'C:\Users\Administrator\Desktop\Test.jpg' sent to object: 'Object Repository/Register_Page/Upload File'

2561-03-31 20:25:41 - [MESSAGE][PASSED] - File 'C:\Users\Administrator\Desktop\Test.jpg' sent to object: 'Object Repository/Register_Page/Upload File'

2561-03-31 20:25:41 - [TEST_STEP][PASSED] - setText: Text 'ศุภิสิทธิ์ ' is set on object 'Object Repository/Register_Page/input_FIRST_NAME_TH'

2561-03-31 20:25:41 - [MESSAGE][PASSED] - Text 'ศุภิสิทธิ์ ' is set on object 'Object Repository/Register_Page/input_FIRST_NAME_TH'

2561-03-31 20:25:41 - [TEST_STEP][PASSED] - setText: Text 'ไข่กา' is set on object 'Object Repository/Register_Page/input_LAST_NAME_TH'

2561-03-31 20:25:41 - [MESSAGE][PASSED] - Text 'ไข่กา' is set on object 'Object Repository/Register_Page/input_LAST_NAME_TH'

2561-03-31 20:25:41 - [TEST_STEP][PASSED] - setText: Text 'Suphisit' is set on object 'Object Repository/Register_Page/input_FIRST_NAME_EN'

2561-03-31 20:25:42 - [MESSAGE][PASSED] - Text 'Suphisit' is set on object 'Object Repository/Register_Page/input_FIRST_NAME_EN'

2561-03-31 20:25:42 - [TEST_STEP][PASSED] - setText: Text 'Khaika' is set on object 'Object Repository/Register_Page/input_LAST_NAME_EN'

2561-03-31 20:25:42 - [MESSAGE][PASSED] - Text 'Khaika' is set on object 'Object Repository/Register_Page/input_LAST_NAME_EN'

2561-03-31 20:25:42 - [TEST_STEP][PASSED] - setText: Text '13/10/1994' is set on object 'Object Repository/Register_Page/input_BIRTH_DATE'

2561-03-31 20:25:42 - [MESSAGE][PASSED] - Text '13/10/1994' is set on object 'Object Repository/Register_Page/input_BIRTH_DATE'

2561-03-31 20:25:42 - [TEST_STEP][PASSED] - selectOptionByValue: All options with value 'พุทธ' are selected in object 'Object Repository/Register_Page/select_'  using regular expression

2561-03-31 20:25:42 - [MESSAGE][PASSED] - All options with value 'พุทธ' are selected in object 'Object Repository/Register_Page/select_'  using regular expression

2561-03-31 20:25:42 - [TEST_STEP][PASSED] - selectOptionByValue: All options with value 'ปริญญาตรี' are selected in object 'Object Repository/Register_Page/select__1'  using regular expression

2561-03-31 20:25:43 - [MESSAGE][PASSED] - All options with value 'ปริญญาตรี' are selected in object 'Object Repository/Register_Page/select__1'  using regular expression

2561-03-31 20:25:43 - [TEST_STEP][PASSED] - selectOptionByValue: All options with value 'อื่นๆ' are selected in object 'Object Repository/Register_Page/select__2'  using regular expression

2561-03-31 20:25:43 - [MESSAGE][PASSED] - All options with value 'อื่นๆ' are selected in object 'Object Repository/Register_Page/select__2'  using regular expression

2561-03-31 20:25:43 - [TEST_STEP][PASSED] - setText: Text '3' is set on object 'Object Repository/Register_Page/input_ADDRESS_NO'

2561-03-31 20:25:43 - [MESSAGE][PASSED] - Text '3' is set on object 'Object Repository/Register_Page/input_ADDRESS_NO'

2561-03-31 20:25:43 - [TEST_STEP][PASSED] - setText: Text '10' is set on object 'Object Repository/Register_Page/input_ADDRESS_MOO'

2561-03-31 20:25:43 - [MESSAGE][PASSED] - Text '10' is set on object 'Object Repository/Register_Page/input_ADDRESS_MOO'

2561-03-31 20:25:43 - [TEST_STEP][PASSED] - setText: Text 'พหลโยธิน' is set on object 'Object Repository/Register_Page/input_ADDRESS_ROAD'

2561-03-31 20:25:43 - [MESSAGE][PASSED] - Text 'พหลโยธิน' is set on object 'Object Repository/Register_Page/input_ADDRESS_ROAD'

2561-03-31 20:25:43 - [TEST_STEP][PASSED] - delay: Delayed 2 second(s)

2561-03-31 20:25:46 - [MESSAGE][PASSED] - Delayed 2 second(s)

2561-03-31 20:25:46 - [TEST_STEP][PASSED] - selectOptionByValue: All options with value '45' are selected in object 'Object Repository/Register_Page/ADDRESS_PROVINCE' 

2561-03-31 20:25:46 - [MESSAGE][PASSED] - All options with value '45' are selected in object 'Object Repository/Register_Page/ADDRESS_PROVINCE' 

2561-03-31 20:25:46 - [TEST_STEP][PASSED] - delay: Delayed 2 second(s)

2561-03-31 20:25:48 - [MESSAGE][PASSED] - Delayed 2 second(s)

2561-03-31 20:25:48 - [TEST_STEP][PASSED] - selectOptionByValue: All options with value '665' are selected in object 'Object Repository/Register_Page/ADDRESS_DISTRICT' 

2561-03-31 20:25:48 - [MESSAGE][PASSED] - All options with value '665' are selected in object 'Object Repository/Register_Page/ADDRESS_DISTRICT' 

2561-03-31 20:25:48 - [TEST_STEP][PASSED] - delay: Delayed 2 second(s)

2561-03-31 20:25:50 - [MESSAGE][PASSED] - Delayed 2 second(s)

2561-03-31 20:25:50 - [TEST_STEP][PASSED] - selectOptionByValue: All options with value '14726' are selected in object 'Object Repository/Register_Page/ADDRESS_SUBDISTRICT' 

2561-03-31 20:25:50 - [MESSAGE][PASSED] - All options with value '14726' are selected in object 'Object Repository/Register_Page/ADDRESS_SUBDISTRICT' 

2561-03-31 20:25:50 - [TEST_STEP][PASSED] - setText: Text '57130' is set on object 'Object Repository/Register_Page/input_ADDRESS_POSTCODE'

2561-03-31 20:25:50 - [MESSAGE][PASSED] - Text '57130' is set on object 'Object Repository/Register_Page/input_ADDRESS_POSTCODE'

2561-03-31 20:25:50 - [TEST_STEP][PASSED] - selectOptionByValue: All options with value 'กำลังทำงาน' are selected in object 'Object Repository/Register_Page/select__3'  using regular expression

2561-03-31 20:25:50 - [MESSAGE][PASSED] - All options with value 'กำลังทำงาน' are selected in object 'Object Repository/Register_Page/select__3'  using regular expression

2561-03-31 20:25:50 - [TEST_STEP][PASSED] - setText: Text '3 หมู่ที่ 10 ต.โป่งผา อ.แม่สาย จ.เชียงราย' is set on object 'Object Repository/Register_Page/input_ADDRESS_ALL'

2561-03-31 20:25:51 - [MESSAGE][PASSED] - Text '3 หมู่ที่ 10 ต.โป่งผา อ.แม่สาย จ.เชียงราย' is set on object 'Object Repository/Register_Page/input_ADDRESS_ALL'

2561-03-31 20:25:51 - [TEST_STEP][PASSED] - setText: Text '053646789' is set on object 'Object Repository/Register_Page/input_PHONE'

2561-03-31 20:25:51 - [MESSAGE][PASSED] - Text '053646789' is set on object 'Object Repository/Register_Page/input_PHONE'

2561-03-31 20:25:51 - [TEST_STEP][PASSED] - setText: Text '0827975510' is set on object 'Object Repository/Register_Page/input_CELL_PHONE'

2561-03-31 20:25:51 - [MESSAGE][PASSED] - Text '0827975510' is set on object 'Object Repository/Register_Page/input_CELL_PHONE'

2561-03-31 20:25:51 - [TEST_STEP][PASSED] - setText: Text '025445687' is set on object 'Object Repository/Register_Page/input_FAX'

2561-03-31 20:25:52 - [MESSAGE][PASSED] - Text '025445687' is set on object 'Object Repository/Register_Page/input_FAX'

2561-03-31 20:25:52 - [TEST_STEP][PASSED] - click: Object: 'Object Repository/Register_Page/input_submit (1)' is clicked on

2561-03-31 20:25:56 - [MESSAGE][PASSED] - Object: 'Object Repository/Register_Page/input_submit (1)' is clicked on

2561-03-31 20:25:56 - [TEST_STEP][PASSED] - verifyTextPresent: Text 'ขอบคุณสำหรับการลงทะเบียนโปรดตรวจสอบที่อีเมลของท่านเพื่อทำการระบุตัวตน' is present on page 

2561-03-31 20:25:56 - [MESSAGE][PASSED] - Text 'ขอบคุณสำหรับการลงทะเบียนโปรดตรวจสอบที่อีเมลของท่านเพื่อทำการระบุตัวตน' is present on page 

2561-03-31 20:25:56 - [TEST_STEP][PASSED] - closeBrowser: Browser is closed

2561-03-31 20:25:57 - [MESSAGE][PASSED] - Browser is closed]]></system-out>
         <system-err><![CDATA[]]></system-err>
      </testcase>
      <testcase name="Test Cases/Register volunteer/Register02" classname="Test Cases/Register volunteer/Register02" status="PASSED">
         <system-out><![CDATA[2561-03-31 20:25:57 - [TEST_CASE][PASSED] - Test Cases/Register volunteer/Register02: Test Cases/Register volunteer/Register02

2561-03-31 20:25:57 - [TEST_STEP][PASSED] - openBrowser: Browser is opened with url: ''

2561-03-31 20:26:01 - [MESSAGE][PASSED] - Browser is opened with url: ''

2561-03-31 20:26:01 - [TEST_STEP][PASSED] - navigateToUrl: Navigate to 'http://vivblind.play2pay.me/' successfully

2561-03-31 20:26:09 - [MESSAGE][PASSED] - Navigate to 'http://vivblind.play2pay.me/' successfully

2561-03-31 20:26:09 - [TEST_STEP][PASSED] - click: Object: 'Object Repository/Register_Page/a_' is clicked on

2561-03-31 20:26:09 - [MESSAGE][PASSED] - Object: 'Object Repository/Register_Page/a_' is clicked on

2561-03-31 20:26:09 - [TEST_STEP][PASSED] - setText: Text 'suphisit1@gmail.com' is set on object 'Object Repository/Register_Page/input_EMAIL (1)'

2561-03-31 20:26:10 - [MESSAGE][PASSED] - Text 'suphisit1@gmail.com' is set on object 'Object Repository/Register_Page/input_EMAIL (1)'

2561-03-31 20:26:10 - [TEST_STEP][PASSED] - setText: Text '0857098359' is set on object 'Object Repository/Register_Page/input_PASSWORD'

2561-03-31 20:26:10 - [MESSAGE][PASSED] - Text '0857098359' is set on object 'Object Repository/Register_Page/input_PASSWORD'

2561-03-31 20:26:10 - [TEST_STEP][PASSED] - setText: Text '1234567890' is set on object 'Object Repository/Register_Page/input_password_confirmation'

2561-03-31 20:26:10 - [MESSAGE][PASSED] - Text '1234567890' is set on object 'Object Repository/Register_Page/input_password_confirmation'

2561-03-31 20:26:10 - [TEST_STEP][PASSED] - uploadFile: File 'C:\Users\Administrator\Desktop\Test.jpg' sent to object: 'Object Repository/Register_Page/Upload File'

2561-03-31 20:26:10 - [MESSAGE][PASSED] - File 'C:\Users\Administrator\Desktop\Test.jpg' sent to object: 'Object Repository/Register_Page/Upload File'

2561-03-31 20:26:10 - [TEST_STEP][PASSED] - setText: Text 'ศุภิสิทธิ์ ' is set on object 'Object Repository/Register_Page/input_FIRST_NAME_TH'

2561-03-31 20:26:10 - [MESSAGE][PASSED] - Text 'ศุภิสิทธิ์ ' is set on object 'Object Repository/Register_Page/input_FIRST_NAME_TH'

2561-03-31 20:26:10 - [TEST_STEP][PASSED] - setText: Text 'ไข่กา' is set on object 'Object Repository/Register_Page/input_LAST_NAME_TH'

2561-03-31 20:26:10 - [MESSAGE][PASSED] - Text 'ไข่กา' is set on object 'Object Repository/Register_Page/input_LAST_NAME_TH'

2561-03-31 20:26:10 - [TEST_STEP][PASSED] - setText: Text 'Suphisit' is set on object 'Object Repository/Register_Page/input_FIRST_NAME_EN'

2561-03-31 20:26:11 - [MESSAGE][PASSED] - Text 'Suphisit' is set on object 'Object Repository/Register_Page/input_FIRST_NAME_EN'

2561-03-31 20:26:11 - [TEST_STEP][PASSED] - setText: Text 'Khaika' is set on object 'Object Repository/Register_Page/input_LAST_NAME_EN'

2561-03-31 20:26:11 - [MESSAGE][PASSED] - Text 'Khaika' is set on object 'Object Repository/Register_Page/input_LAST_NAME_EN'

2561-03-31 20:26:11 - [TEST_STEP][PASSED] - setText: Text '13/10/1994' is set on object 'Object Repository/Register_Page/input_BIRTH_DATE'

2561-03-31 20:26:11 - [MESSAGE][PASSED] - Text '13/10/1994' is set on object 'Object Repository/Register_Page/input_BIRTH_DATE'

2561-03-31 20:26:11 - [TEST_STEP][PASSED] - selectOptionByValue: All options with value 'พุทธ' are selected in object 'Object Repository/Register_Page/select_'  using regular expression

2561-03-31 20:26:11 - [MESSAGE][PASSED] - All options with value 'พุทธ' are selected in object 'Object Repository/Register_Page/select_'  using regular expression

2561-03-31 20:26:11 - [TEST_STEP][PASSED] - selectOptionByValue: All options with value 'ปริญญาตรี' are selected in object 'Object Repository/Register_Page/select__1'  using regular expression

2561-03-31 20:26:11 - [MESSAGE][PASSED] - All options with value 'ปริญญาตรี' are selected in object 'Object Repository/Register_Page/select__1'  using regular expression

2561-03-31 20:26:11 - [TEST_STEP][PASSED] - selectOptionByValue: All options with value 'อื่นๆ' are selected in object 'Object Repository/Register_Page/select__2'  using regular expression

2561-03-31 20:26:12 - [MESSAGE][PASSED] - All options with value 'อื่นๆ' are selected in object 'Object Repository/Register_Page/select__2'  using regular expression

2561-03-31 20:26:12 - [TEST_STEP][PASSED] - setText: Text '3' is set on object 'Object Repository/Register_Page/input_ADDRESS_NO'

2561-03-31 20:26:12 - [MESSAGE][PASSED] - Text '3' is set on object 'Object Repository/Register_Page/input_ADDRESS_NO'

2561-03-31 20:26:12 - [TEST_STEP][PASSED] - setText: Text '10' is set on object 'Object Repository/Register_Page/input_ADDRESS_MOO'

2561-03-31 20:26:12 - [MESSAGE][PASSED] - Text '10' is set on object 'Object Repository/Register_Page/input_ADDRESS_MOO'

2561-03-31 20:26:12 - [TEST_STEP][PASSED] - setText: Text 'พหลโยธิน' is set on object 'Object Repository/Register_Page/input_ADDRESS_ROAD'

2561-03-31 20:26:12 - [MESSAGE][PASSED] - Text 'พหลโยธิน' is set on object 'Object Repository/Register_Page/input_ADDRESS_ROAD'

2561-03-31 20:26:12 - [TEST_STEP][PASSED] - delay: Delayed 2 second(s)

2561-03-31 20:26:14 - [MESSAGE][PASSED] - Delayed 2 second(s)

2561-03-31 20:26:14 - [TEST_STEP][PASSED] - selectOptionByValue: All options with value '45' are selected in object 'Object Repository/Register_Page/ADDRESS_PROVINCE' 

2561-03-31 20:26:14 - [MESSAGE][PASSED] - All options with value '45' are selected in object 'Object Repository/Register_Page/ADDRESS_PROVINCE' 

2561-03-31 20:26:14 - [TEST_STEP][PASSED] - delay: Delayed 2 second(s)

2561-03-31 20:26:16 - [MESSAGE][PASSED] - Delayed 2 second(s)

2561-03-31 20:26:16 - [TEST_STEP][PASSED] - selectOptionByValue: All options with value '665' are selected in object 'Object Repository/Register_Page/ADDRESS_DISTRICT' 

2561-03-31 20:26:16 - [MESSAGE][PASSED] - All options with value '665' are selected in object 'Object Repository/Register_Page/ADDRESS_DISTRICT' 

2561-03-31 20:26:16 - [TEST_STEP][PASSED] - delay: Delayed 2 second(s)

2561-03-31 20:26:18 - [MESSAGE][PASSED] - Delayed 2 second(s)

2561-03-31 20:26:18 - [TEST_STEP][PASSED] - selectOptionByValue: All options with value '14726' are selected in object 'Object Repository/Register_Page/ADDRESS_SUBDISTRICT' 

2561-03-31 20:26:18 - [MESSAGE][PASSED] - All options with value '14726' are selected in object 'Object Repository/Register_Page/ADDRESS_SUBDISTRICT' 

2561-03-31 20:26:18 - [TEST_STEP][PASSED] - setText: Text '57130' is set on object 'Object Repository/Register_Page/input_ADDRESS_POSTCODE'

2561-03-31 20:26:19 - [MESSAGE][PASSED] - Text '57130' is set on object 'Object Repository/Register_Page/input_ADDRESS_POSTCODE'

2561-03-31 20:26:19 - [TEST_STEP][PASSED] - selectOptionByValue: All options with value 'กำลังทำงาน' are selected in object 'Object Repository/Register_Page/select__3'  using regular expression

2561-03-31 20:26:19 - [MESSAGE][PASSED] - All options with value 'กำลังทำงาน' are selected in object 'Object Repository/Register_Page/select__3'  using regular expression

2561-03-31 20:26:19 - [TEST_STEP][PASSED] - setText: Text '3 หมู่ที่ 10 ต.โป่งผา อ.แม่สาย จ.เชียงราย' is set on object 'Object Repository/Register_Page/input_ADDRESS_ALL'

2561-03-31 20:26:19 - [MESSAGE][PASSED] - Text '3 หมู่ที่ 10 ต.โป่งผา อ.แม่สาย จ.เชียงราย' is set on object 'Object Repository/Register_Page/input_ADDRESS_ALL'

2561-03-31 20:26:19 - [TEST_STEP][PASSED] - setText: Text '053646789' is set on object 'Object Repository/Register_Page/input_PHONE'

2561-03-31 20:26:19 - [MESSAGE][PASSED] - Text '053646789' is set on object 'Object Repository/Register_Page/input_PHONE'

2561-03-31 20:26:19 - [TEST_STEP][PASSED] - setText: Text '0827975510' is set on object 'Object Repository/Register_Page/input_CELL_PHONE'

2561-03-31 20:26:19 - [MESSAGE][PASSED] - Text '0827975510' is set on object 'Object Repository/Register_Page/input_CELL_PHONE'

2561-03-31 20:26:19 - [TEST_STEP][PASSED] - setText: Text '025445687' is set on object 'Object Repository/Register_Page/input_FAX'

2561-03-31 20:26:20 - [MESSAGE][PASSED] - Text '025445687' is set on object 'Object Repository/Register_Page/input_FAX'

2561-03-31 20:26:20 - [TEST_STEP][PASSED] - click: Object: 'Object Repository/Register_Page/input_submit (1)' is clicked on

2561-03-31 20:26:20 - [MESSAGE][PASSED] - Object: 'Object Repository/Register_Page/input_submit (1)' is clicked on

2561-03-31 20:26:20 - [TEST_STEP][PASSED] - verifyTextPresent: Text 'รหัสผ่านของท่านไม่ตรงกัน' is present on page 

2561-03-31 20:26:21 - [MESSAGE][PASSED] - Text 'รหัสผ่านของท่านไม่ตรงกัน' is present on page 

2561-03-31 20:26:21 - [TEST_STEP][PASSED] - closeBrowser: Browser is closed

2561-03-31 20:26:21 - [MESSAGE][PASSED] - Browser is closed]]></system-out>
         <system-err><![CDATA[]]></system-err>
      </testcase>
      <testcase name="Test Cases/Register volunteer/Register03" classname="Test Cases/Register volunteer/Register03" status="PASSED">
         <system-out><![CDATA[2561-03-31 20:26:21 - [TEST_CASE][PASSED] - Test Cases/Register volunteer/Register03: Test Cases/Register volunteer/Register03

2561-03-31 20:26:21 - [TEST_STEP][PASSED] - openBrowser: Browser is opened with url: ''

2561-03-31 20:26:25 - [MESSAGE][PASSED] - Browser is opened with url: ''

2561-03-31 20:26:25 - [TEST_STEP][PASSED] - navigateToUrl: Navigate to 'http://vivblind.play2pay.me/' successfully

2561-03-31 20:26:31 - [MESSAGE][PASSED] - Navigate to 'http://vivblind.play2pay.me/' successfully

2561-03-31 20:26:31 - [TEST_STEP][PASSED] - click: Object: 'Object Repository/Register_Page/a_' is clicked on

2561-03-31 20:26:32 - [MESSAGE][PASSED] - Object: 'Object Repository/Register_Page/a_' is clicked on

2561-03-31 20:26:32 - [TEST_STEP][PASSED] - setText: Text 'suphisit1@gmail.com' is set on object 'Object Repository/Register_Page/input_EMAIL (1)'

2561-03-31 20:26:33 - [MESSAGE][PASSED] - Text 'suphisit1@gmail.com' is set on object 'Object Repository/Register_Page/input_EMAIL (1)'

2561-03-31 20:26:33 - [TEST_STEP][PASSED] - setText: Text '012' is set on object 'Object Repository/Register_Page/input_PASSWORD'

2561-03-31 20:26:33 - [MESSAGE][PASSED] - Text '012' is set on object 'Object Repository/Register_Page/input_PASSWORD'

2561-03-31 20:26:33 - [TEST_STEP][PASSED] - setText: Text '012' is set on object 'Object Repository/Register_Page/input_password_confirmation'

2561-03-31 20:26:33 - [MESSAGE][PASSED] - Text '012' is set on object 'Object Repository/Register_Page/input_password_confirmation'

2561-03-31 20:26:33 - [TEST_STEP][PASSED] - uploadFile: File 'C:\Users\Administrator\Desktop\Test.jpg' sent to object: 'Object Repository/Register_Page/Upload File'

2561-03-31 20:26:33 - [MESSAGE][PASSED] - File 'C:\Users\Administrator\Desktop\Test.jpg' sent to object: 'Object Repository/Register_Page/Upload File'

2561-03-31 20:26:33 - [TEST_STEP][PASSED] - setText: Text 'ศุภิสิทธิ์ ' is set on object 'Object Repository/Register_Page/input_FIRST_NAME_TH'

2561-03-31 20:26:33 - [MESSAGE][PASSED] - Text 'ศุภิสิทธิ์ ' is set on object 'Object Repository/Register_Page/input_FIRST_NAME_TH'

2561-03-31 20:26:33 - [TEST_STEP][PASSED] - setText: Text 'ไข่กา' is set on object 'Object Repository/Register_Page/input_LAST_NAME_TH'

2561-03-31 20:26:33 - [MESSAGE][PASSED] - Text 'ไข่กา' is set on object 'Object Repository/Register_Page/input_LAST_NAME_TH'

2561-03-31 20:26:33 - [TEST_STEP][PASSED] - setText: Text 'Suphisit' is set on object 'Object Repository/Register_Page/input_FIRST_NAME_EN'

2561-03-31 20:26:33 - [MESSAGE][PASSED] - Text 'Suphisit' is set on object 'Object Repository/Register_Page/input_FIRST_NAME_EN'

2561-03-31 20:26:33 - [TEST_STEP][PASSED] - setText: Text 'Khaika' is set on object 'Object Repository/Register_Page/input_LAST_NAME_EN'

2561-03-31 20:26:34 - [MESSAGE][PASSED] - Text 'Khaika' is set on object 'Object Repository/Register_Page/input_LAST_NAME_EN'

2561-03-31 20:26:34 - [TEST_STEP][PASSED] - setText: Text '13/10/1994' is set on object 'Object Repository/Register_Page/input_BIRTH_DATE'

2561-03-31 20:26:34 - [MESSAGE][PASSED] - Text '13/10/1994' is set on object 'Object Repository/Register_Page/input_BIRTH_DATE'

2561-03-31 20:26:34 - [TEST_STEP][PASSED] - selectOptionByValue: All options with value 'พุทธ' are selected in object 'Object Repository/Register_Page/select_'  using regular expression

2561-03-31 20:26:34 - [MESSAGE][PASSED] - All options with value 'พุทธ' are selected in object 'Object Repository/Register_Page/select_'  using regular expression

2561-03-31 20:26:34 - [TEST_STEP][PASSED] - selectOptionByValue: All options with value 'ปริญญาตรี' are selected in object 'Object Repository/Register_Page/select__1'  using regular expression

2561-03-31 20:26:34 - [MESSAGE][PASSED] - All options with value 'ปริญญาตรี' are selected in object 'Object Repository/Register_Page/select__1'  using regular expression

2561-03-31 20:26:34 - [TEST_STEP][PASSED] - selectOptionByValue: All options with value 'อื่นๆ' are selected in object 'Object Repository/Register_Page/select__2'  using regular expression

2561-03-31 20:26:35 - [MESSAGE][PASSED] - All options with value 'อื่นๆ' are selected in object 'Object Repository/Register_Page/select__2'  using regular expression

2561-03-31 20:26:35 - [TEST_STEP][PASSED] - setText: Text '3' is set on object 'Object Repository/Register_Page/input_ADDRESS_NO'

2561-03-31 20:26:35 - [MESSAGE][PASSED] - Text '3' is set on object 'Object Repository/Register_Page/input_ADDRESS_NO'

2561-03-31 20:26:35 - [TEST_STEP][PASSED] - setText: Text '10' is set on object 'Object Repository/Register_Page/input_ADDRESS_MOO'

2561-03-31 20:26:35 - [MESSAGE][PASSED] - Text '10' is set on object 'Object Repository/Register_Page/input_ADDRESS_MOO'

2561-03-31 20:26:35 - [TEST_STEP][PASSED] - setText: Text 'พหลโยธิน' is set on object 'Object Repository/Register_Page/input_ADDRESS_ROAD'

2561-03-31 20:26:35 - [MESSAGE][PASSED] - Text 'พหลโยธิน' is set on object 'Object Repository/Register_Page/input_ADDRESS_ROAD'

2561-03-31 20:26:35 - [TEST_STEP][PASSED] - delay: Delayed 2 second(s)

2561-03-31 20:26:37 - [MESSAGE][PASSED] - Delayed 2 second(s)

2561-03-31 20:26:37 - [TEST_STEP][PASSED] - selectOptionByValue: All options with value '45' are selected in object 'Object Repository/Register_Page/ADDRESS_PROVINCE' 

2561-03-31 20:26:37 - [MESSAGE][PASSED] - All options with value '45' are selected in object 'Object Repository/Register_Page/ADDRESS_PROVINCE' 

2561-03-31 20:26:37 - [TEST_STEP][PASSED] - delay: Delayed 2 second(s)

2561-03-31 20:26:39 - [MESSAGE][PASSED] - Delayed 2 second(s)

2561-03-31 20:26:39 - [TEST_STEP][PASSED] - selectOptionByValue: All options with value '665' are selected in object 'Object Repository/Register_Page/ADDRESS_DISTRICT' 

2561-03-31 20:26:39 - [MESSAGE][PASSED] - All options with value '665' are selected in object 'Object Repository/Register_Page/ADDRESS_DISTRICT' 

2561-03-31 20:26:39 - [TEST_STEP][PASSED] - delay: Delayed 2 second(s)

2561-03-31 20:26:41 - [MESSAGE][PASSED] - Delayed 2 second(s)

2561-03-31 20:26:41 - [TEST_STEP][PASSED] - selectOptionByValue: All options with value '14726' are selected in object 'Object Repository/Register_Page/ADDRESS_SUBDISTRICT' 

2561-03-31 20:26:41 - [MESSAGE][PASSED] - All options with value '14726' are selected in object 'Object Repository/Register_Page/ADDRESS_SUBDISTRICT' 

2561-03-31 20:26:41 - [TEST_STEP][PASSED] - setText: Text '57130' is set on object 'Object Repository/Register_Page/input_ADDRESS_POSTCODE'

2561-03-31 20:26:41 - [MESSAGE][PASSED] - Text '57130' is set on object 'Object Repository/Register_Page/input_ADDRESS_POSTCODE'

2561-03-31 20:26:41 - [TEST_STEP][PASSED] - selectOptionByValue: All options with value 'กำลังทำงาน' are selected in object 'Object Repository/Register_Page/select__3'  using regular expression

2561-03-31 20:26:42 - [MESSAGE][PASSED] - All options with value 'กำลังทำงาน' are selected in object 'Object Repository/Register_Page/select__3'  using regular expression

2561-03-31 20:26:42 - [TEST_STEP][PASSED] - setText: Text '3 หมู่ที่ 10 ต.โป่งผา อ.แม่สาย จ.เชียงราย' is set on object 'Object Repository/Register_Page/input_ADDRESS_ALL'

2561-03-31 20:26:42 - [MESSAGE][PASSED] - Text '3 หมู่ที่ 10 ต.โป่งผา อ.แม่สาย จ.เชียงราย' is set on object 'Object Repository/Register_Page/input_ADDRESS_ALL'

2561-03-31 20:26:42 - [TEST_STEP][PASSED] - setText: Text '053646789' is set on object 'Object Repository/Register_Page/input_PHONE'

2561-03-31 20:26:42 - [MESSAGE][PASSED] - Text '053646789' is set on object 'Object Repository/Register_Page/input_PHONE'

2561-03-31 20:26:42 - [TEST_STEP][PASSED] - setText: Text '0827975510' is set on object 'Object Repository/Register_Page/input_CELL_PHONE'

2561-03-31 20:26:42 - [MESSAGE][PASSED] - Text '0827975510' is set on object 'Object Repository/Register_Page/input_CELL_PHONE'

2561-03-31 20:26:42 - [TEST_STEP][PASSED] - setText: Text '025445687' is set on object 'Object Repository/Register_Page/input_FAX'

2561-03-31 20:26:43 - [MESSAGE][PASSED] - Text '025445687' is set on object 'Object Repository/Register_Page/input_FAX'

2561-03-31 20:26:43 - [TEST_STEP][PASSED] - click: Object: 'Object Repository/Register_Page/input_submit (1)' is clicked on

2561-03-31 20:26:43 - [MESSAGE][PASSED] - Object: 'Object Repository/Register_Page/input_submit (1)' is clicked on

2561-03-31 20:26:43 - [TEST_STEP][PASSED] - verifyTextPresent: Text 'กรุณากรอกรหัสผ่านของท่านอย่างน้อย4ตัว' is present on page 

2561-03-31 20:26:43 - [MESSAGE][PASSED] - Text 'กรุณากรอกรหัสผ่านของท่านอย่างน้อย4ตัว' is present on page 

2561-03-31 20:26:43 - [TEST_STEP][PASSED] - closeBrowser: Browser is closed

2561-03-31 20:26:44 - [MESSAGE][PASSED] - Browser is closed]]></system-out>
         <system-err><![CDATA[]]></system-err>
      </testcase>
      <testcase name="Test Cases/Register volunteer/Register04" classname="Test Cases/Register volunteer/Register04" status="PASSED">
         <system-out><![CDATA[2561-03-31 20:26:44 - [TEST_CASE][PASSED] - Test Cases/Register volunteer/Register04: Test Cases/Register volunteer/Register04

2561-03-31 20:26:44 - [TEST_STEP][PASSED] - openBrowser: Browser is opened with url: ''

2561-03-31 20:26:49 - [MESSAGE][PASSED] - Browser is opened with url: ''

2561-03-31 20:26:49 - [TEST_STEP][PASSED] - navigateToUrl: Navigate to 'http://vivblind.play2pay.me/' successfully

2561-03-31 20:26:53 - [MESSAGE][PASSED] - Navigate to 'http://vivblind.play2pay.me/' successfully

2561-03-31 20:26:53 - [TEST_STEP][PASSED] - click: Object: 'Object Repository/Register_Page/a_' is clicked on

2561-03-31 20:26:54 - [MESSAGE][PASSED] - Object: 'Object Repository/Register_Page/a_' is clicked on

2561-03-31 20:26:54 - [TEST_STEP][PASSED] - setText: Text 'suphisit1@gmail.com' is set on object 'Object Repository/Register_Page/input_EMAIL (1)'

2561-03-31 20:26:54 - [MESSAGE][PASSED] - Text 'suphisit1@gmail.com' is set on object 'Object Repository/Register_Page/input_EMAIL (1)'

2561-03-31 20:26:54 - [TEST_STEP][PASSED] - setText: Text '' is set on object 'Object Repository/Register_Page/input_PASSWORD'

2561-03-31 20:26:54 - [MESSAGE][PASSED] - Text '' is set on object 'Object Repository/Register_Page/input_PASSWORD'

2561-03-31 20:26:54 - [TEST_STEP][PASSED] - setText: Text '' is set on object 'Object Repository/Register_Page/input_password_confirmation'

2561-03-31 20:26:54 - [MESSAGE][PASSED] - Text '' is set on object 'Object Repository/Register_Page/input_password_confirmation'

2561-03-31 20:26:54 - [TEST_STEP][PASSED] - uploadFile: File 'C:\Users\Administrator\Desktop\Test.jpg' sent to object: 'Object Repository/Register_Page/Upload File'

2561-03-31 20:26:54 - [MESSAGE][PASSED] - File 'C:\Users\Administrator\Desktop\Test.jpg' sent to object: 'Object Repository/Register_Page/Upload File'

2561-03-31 20:26:54 - [TEST_STEP][PASSED] - setText: Text 'ศุภิสิทธิ์ ' is set on object 'Object Repository/Register_Page/input_FIRST_NAME_TH'

2561-03-31 20:26:54 - [MESSAGE][PASSED] - Text 'ศุภิสิทธิ์ ' is set on object 'Object Repository/Register_Page/input_FIRST_NAME_TH'

2561-03-31 20:26:54 - [TEST_STEP][PASSED] - setText: Text 'ไข่กา' is set on object 'Object Repository/Register_Page/input_LAST_NAME_TH'

2561-03-31 20:26:55 - [MESSAGE][PASSED] - Text 'ไข่กา' is set on object 'Object Repository/Register_Page/input_LAST_NAME_TH'

2561-03-31 20:26:55 - [TEST_STEP][PASSED] - setText: Text 'Suphisit' is set on object 'Object Repository/Register_Page/input_FIRST_NAME_EN'

2561-03-31 20:26:55 - [MESSAGE][PASSED] - Text 'Suphisit' is set on object 'Object Repository/Register_Page/input_FIRST_NAME_EN'

2561-03-31 20:26:55 - [TEST_STEP][PASSED] - setText: Text 'Khaika' is set on object 'Object Repository/Register_Page/input_LAST_NAME_EN'

2561-03-31 20:26:55 - [MESSAGE][PASSED] - Text 'Khaika' is set on object 'Object Repository/Register_Page/input_LAST_NAME_EN'

2561-03-31 20:26:55 - [TEST_STEP][PASSED] - setText: Text '13/10/1994' is set on object 'Object Repository/Register_Page/input_BIRTH_DATE'

2561-03-31 20:26:55 - [MESSAGE][PASSED] - Text '13/10/1994' is set on object 'Object Repository/Register_Page/input_BIRTH_DATE'

2561-03-31 20:26:55 - [TEST_STEP][PASSED] - selectOptionByValue: All options with value 'พุทธ' are selected in object 'Object Repository/Register_Page/select_'  using regular expression

2561-03-31 20:26:55 - [MESSAGE][PASSED] - All options with value 'พุทธ' are selected in object 'Object Repository/Register_Page/select_'  using regular expression

2561-03-31 20:26:55 - [TEST_STEP][PASSED] - selectOptionByValue: All options with value 'ปริญญาตรี' are selected in object 'Object Repository/Register_Page/select__1'  using regular expression

2561-03-31 20:26:56 - [MESSAGE][PASSED] - All options with value 'ปริญญาตรี' are selected in object 'Object Repository/Register_Page/select__1'  using regular expression

2561-03-31 20:26:56 - [TEST_STEP][PASSED] - selectOptionByValue: All options with value 'อื่นๆ' are selected in object 'Object Repository/Register_Page/select__2'  using regular expression

2561-03-31 20:26:56 - [MESSAGE][PASSED] - All options with value 'อื่นๆ' are selected in object 'Object Repository/Register_Page/select__2'  using regular expression

2561-03-31 20:26:56 - [TEST_STEP][PASSED] - setText: Text '3' is set on object 'Object Repository/Register_Page/input_ADDRESS_NO'

2561-03-31 20:26:56 - [MESSAGE][PASSED] - Text '3' is set on object 'Object Repository/Register_Page/input_ADDRESS_NO'

2561-03-31 20:26:56 - [TEST_STEP][PASSED] - setText: Text '10' is set on object 'Object Repository/Register_Page/input_ADDRESS_MOO'

2561-03-31 20:26:56 - [MESSAGE][PASSED] - Text '10' is set on object 'Object Repository/Register_Page/input_ADDRESS_MOO'

2561-03-31 20:26:56 - [TEST_STEP][PASSED] - setText: Text 'พหลโยธิน' is set on object 'Object Repository/Register_Page/input_ADDRESS_ROAD'

2561-03-31 20:26:56 - [MESSAGE][PASSED] - Text 'พหลโยธิน' is set on object 'Object Repository/Register_Page/input_ADDRESS_ROAD'

2561-03-31 20:26:56 - [TEST_STEP][PASSED] - delay: Delayed 2 second(s)

2561-03-31 20:26:58 - [MESSAGE][PASSED] - Delayed 2 second(s)

2561-03-31 20:26:58 - [TEST_STEP][PASSED] - selectOptionByValue: All options with value '45' are selected in object 'Object Repository/Register_Page/ADDRESS_PROVINCE' 

2561-03-31 20:26:58 - [MESSAGE][PASSED] - All options with value '45' are selected in object 'Object Repository/Register_Page/ADDRESS_PROVINCE' 

2561-03-31 20:26:58 - [TEST_STEP][PASSED] - delay: Delayed 2 second(s)

2561-03-31 20:27:00 - [MESSAGE][PASSED] - Delayed 2 second(s)

2561-03-31 20:27:00 - [TEST_STEP][PASSED] - selectOptionByValue: All options with value '665' are selected in object 'Object Repository/Register_Page/ADDRESS_DISTRICT' 

2561-03-31 20:27:01 - [MESSAGE][PASSED] - All options with value '665' are selected in object 'Object Repository/Register_Page/ADDRESS_DISTRICT' 

2561-03-31 20:27:01 - [TEST_STEP][PASSED] - delay: Delayed 2 second(s)

2561-03-31 20:27:03 - [MESSAGE][PASSED] - Delayed 2 second(s)

2561-03-31 20:27:03 - [TEST_STEP][PASSED] - selectOptionByValue: All options with value '14726' are selected in object 'Object Repository/Register_Page/ADDRESS_SUBDISTRICT' 

2561-03-31 20:27:03 - [MESSAGE][PASSED] - All options with value '14726' are selected in object 'Object Repository/Register_Page/ADDRESS_SUBDISTRICT' 

2561-03-31 20:27:03 - [TEST_STEP][PASSED] - setText: Text '57130' is set on object 'Object Repository/Register_Page/input_ADDRESS_POSTCODE'

2561-03-31 20:27:03 - [MESSAGE][PASSED] - Text '57130' is set on object 'Object Repository/Register_Page/input_ADDRESS_POSTCODE'

2561-03-31 20:27:03 - [TEST_STEP][PASSED] - selectOptionByValue: All options with value 'กำลังทำงาน' are selected in object 'Object Repository/Register_Page/select__3'  using regular expression

2561-03-31 20:27:03 - [MESSAGE][PASSED] - All options with value 'กำลังทำงาน' are selected in object 'Object Repository/Register_Page/select__3'  using regular expression

2561-03-31 20:27:03 - [TEST_STEP][PASSED] - setText: Text '3 หมู่ที่ 10 ต.โป่งผา อ.แม่สาย จ.เชียงราย' is set on object 'Object Repository/Register_Page/input_ADDRESS_ALL'

2561-03-31 20:27:03 - [MESSAGE][PASSED] - Text '3 หมู่ที่ 10 ต.โป่งผา อ.แม่สาย จ.เชียงราย' is set on object 'Object Repository/Register_Page/input_ADDRESS_ALL'

2561-03-31 20:27:03 - [TEST_STEP][PASSED] - setText: Text '053646789' is set on object 'Object Repository/Register_Page/input_PHONE'

2561-03-31 20:27:04 - [MESSAGE][PASSED] - Text '053646789' is set on object 'Object Repository/Register_Page/input_PHONE'

2561-03-31 20:27:04 - [TEST_STEP][PASSED] - setText: Text '0827975510' is set on object 'Object Repository/Register_Page/input_CELL_PHONE'

2561-03-31 20:27:04 - [MESSAGE][PASSED] - Text '0827975510' is set on object 'Object Repository/Register_Page/input_CELL_PHONE'

2561-03-31 20:27:04 - [TEST_STEP][PASSED] - setText: Text '025445687' is set on object 'Object Repository/Register_Page/input_FAX'

2561-03-31 20:27:04 - [MESSAGE][PASSED] - Text '025445687' is set on object 'Object Repository/Register_Page/input_FAX'

2561-03-31 20:27:04 - [TEST_STEP][PASSED] - click: Object: 'Object Repository/Register_Page/input_submit (1)' is clicked on

2561-03-31 20:27:05 - [MESSAGE][PASSED] - Object: 'Object Repository/Register_Page/input_submit (1)' is clicked on

2561-03-31 20:27:05 - [TEST_STEP][PASSED] - verifyTextPresent: Text 'กรุณากรอกรหัสผ่าน' is present on page 

2561-03-31 20:27:05 - [MESSAGE][PASSED] - Text 'กรุณากรอกรหัสผ่าน' is present on page 

2561-03-31 20:27:05 - [TEST_STEP][PASSED] - verifyTextPresent: Text 'กรุณายืนยันรหัสผ่านของท่าน' is present on page 

2561-03-31 20:27:05 - [MESSAGE][PASSED] - Text 'กรุณายืนยันรหัสผ่านของท่าน' is present on page 

2561-03-31 20:27:05 - [TEST_STEP][PASSED] - closeBrowser: Browser is closed

2561-03-31 20:27:06 - [MESSAGE][PASSED] - Browser is closed]]></system-out>
         <system-err><![CDATA[]]></system-err>
      </testcase>
      <testcase name="Test Cases/Register volunteer/Register05" classname="Test Cases/Register volunteer/Register05" status="PASSED">
         <system-out><![CDATA[2561-03-31 20:27:06 - [TEST_CASE][PASSED] - Test Cases/Register volunteer/Register05: Test Cases/Register volunteer/Register05

2561-03-31 20:27:06 - [TEST_STEP][PASSED] - openBrowser: Browser is opened with url: ''

2561-03-31 20:27:09 - [MESSAGE][PASSED] - Browser is opened with url: ''

2561-03-31 20:27:09 - [TEST_STEP][PASSED] - navigateToUrl: Navigate to 'http://vivblind.play2pay.me/' successfully

2561-03-31 20:27:14 - [MESSAGE][PASSED] - Navigate to 'http://vivblind.play2pay.me/' successfully

2561-03-31 20:27:14 - [TEST_STEP][PASSED] - click: Object: 'Object Repository/Register_Page/a_' is clicked on

2561-03-31 20:27:15 - [MESSAGE][PASSED] - Object: 'Object Repository/Register_Page/a_' is clicked on

2561-03-31 20:27:15 - [TEST_STEP][PASSED] - setText: Text 'suphisit1@gmail.com' is set on object 'Object Repository/Register_Page/input_EMAIL (1)'

2561-03-31 20:27:15 - [MESSAGE][PASSED] - Text 'suphisit1@gmail.com' is set on object 'Object Repository/Register_Page/input_EMAIL (1)'

2561-03-31 20:27:15 - [TEST_STEP][PASSED] - setText: Text '0857098359' is set on object 'Object Repository/Register_Page/input_PASSWORD'

2561-03-31 20:27:15 - [MESSAGE][PASSED] - Text '0857098359' is set on object 'Object Repository/Register_Page/input_PASSWORD'

2561-03-31 20:27:15 - [TEST_STEP][PASSED] - setText: Text '0857098359' is set on object 'Object Repository/Register_Page/input_password_confirmation'

2561-03-31 20:27:15 - [MESSAGE][PASSED] - Text '0857098359' is set on object 'Object Repository/Register_Page/input_password_confirmation'

2561-03-31 20:27:15 - [TEST_STEP][PASSED] - setText: Text 'ศุภิสิทธิ์ ' is set on object 'Object Repository/Register_Page/input_FIRST_NAME_TH'

2561-03-31 20:27:15 - [MESSAGE][PASSED] - Text 'ศุภิสิทธิ์ ' is set on object 'Object Repository/Register_Page/input_FIRST_NAME_TH'

2561-03-31 20:27:15 - [TEST_STEP][PASSED] - setText: Text 'ไข่กา' is set on object 'Object Repository/Register_Page/input_LAST_NAME_TH'

2561-03-31 20:27:16 - [MESSAGE][PASSED] - Text 'ไข่กา' is set on object 'Object Repository/Register_Page/input_LAST_NAME_TH'

2561-03-31 20:27:16 - [TEST_STEP][PASSED] - setText: Text 'Suphisit' is set on object 'Object Repository/Register_Page/input_FIRST_NAME_EN'

2561-03-31 20:27:16 - [MESSAGE][PASSED] - Text 'Suphisit' is set on object 'Object Repository/Register_Page/input_FIRST_NAME_EN'

2561-03-31 20:27:16 - [TEST_STEP][PASSED] - setText: Text 'Khaika' is set on object 'Object Repository/Register_Page/input_LAST_NAME_EN'

2561-03-31 20:27:16 - [MESSAGE][PASSED] - Text 'Khaika' is set on object 'Object Repository/Register_Page/input_LAST_NAME_EN'

2561-03-31 20:27:16 - [TEST_STEP][PASSED] - setText: Text '13/10/1994' is set on object 'Object Repository/Register_Page/input_BIRTH_DATE'

2561-03-31 20:27:16 - [MESSAGE][PASSED] - Text '13/10/1994' is set on object 'Object Repository/Register_Page/input_BIRTH_DATE'

2561-03-31 20:27:16 - [TEST_STEP][PASSED] - selectOptionByValue: All options with value 'พุทธ' are selected in object 'Object Repository/Register_Page/select_'  using regular expression

2561-03-31 20:27:16 - [MESSAGE][PASSED] - All options with value 'พุทธ' are selected in object 'Object Repository/Register_Page/select_'  using regular expression

2561-03-31 20:27:16 - [TEST_STEP][PASSED] - selectOptionByValue: All options with value 'ปริญญาตรี' are selected in object 'Object Repository/Register_Page/select__1'  using regular expression

2561-03-31 20:27:16 - [MESSAGE][PASSED] - All options with value 'ปริญญาตรี' are selected in object 'Object Repository/Register_Page/select__1'  using regular expression

2561-03-31 20:27:16 - [TEST_STEP][PASSED] - selectOptionByValue: All options with value 'อื่นๆ' are selected in object 'Object Repository/Register_Page/select__2'  using regular expression

2561-03-31 20:27:17 - [MESSAGE][PASSED] - All options with value 'อื่นๆ' are selected in object 'Object Repository/Register_Page/select__2'  using regular expression

2561-03-31 20:27:17 - [TEST_STEP][PASSED] - setText: Text '3' is set on object 'Object Repository/Register_Page/input_ADDRESS_NO'

2561-03-31 20:27:17 - [MESSAGE][PASSED] - Text '3' is set on object 'Object Repository/Register_Page/input_ADDRESS_NO'

2561-03-31 20:27:17 - [TEST_STEP][PASSED] - setText: Text '10' is set on object 'Object Repository/Register_Page/input_ADDRESS_MOO'

2561-03-31 20:27:17 - [MESSAGE][PASSED] - Text '10' is set on object 'Object Repository/Register_Page/input_ADDRESS_MOO'

2561-03-31 20:27:17 - [TEST_STEP][PASSED] - setText: Text 'พหลโยธิน' is set on object 'Object Repository/Register_Page/input_ADDRESS_ROAD'

2561-03-31 20:27:17 - [MESSAGE][PASSED] - Text 'พหลโยธิน' is set on object 'Object Repository/Register_Page/input_ADDRESS_ROAD'

2561-03-31 20:27:17 - [TEST_STEP][PASSED] - delay: Delayed 2 second(s)

2561-03-31 20:27:19 - [MESSAGE][PASSED] - Delayed 2 second(s)

2561-03-31 20:27:19 - [TEST_STEP][PASSED] - selectOptionByValue: All options with value '45' are selected in object 'Object Repository/Register_Page/ADDRESS_PROVINCE' 

2561-03-31 20:27:19 - [MESSAGE][PASSED] - All options with value '45' are selected in object 'Object Repository/Register_Page/ADDRESS_PROVINCE' 

2561-03-31 20:27:19 - [TEST_STEP][PASSED] - delay: Delayed 2 second(s)

2561-03-31 20:27:21 - [MESSAGE][PASSED] - Delayed 2 second(s)

2561-03-31 20:27:21 - [TEST_STEP][PASSED] - selectOptionByValue: All options with value '665' are selected in object 'Object Repository/Register_Page/ADDRESS_DISTRICT' 

2561-03-31 20:27:21 - [MESSAGE][PASSED] - All options with value '665' are selected in object 'Object Repository/Register_Page/ADDRESS_DISTRICT' 

2561-03-31 20:27:21 - [TEST_STEP][PASSED] - delay: Delayed 2 second(s)

2561-03-31 20:27:23 - [MESSAGE][PASSED] - Delayed 2 second(s)

2561-03-31 20:27:23 - [TEST_STEP][PASSED] - selectOptionByValue: All options with value '14726' are selected in object 'Object Repository/Register_Page/ADDRESS_SUBDISTRICT' 

2561-03-31 20:27:23 - [MESSAGE][PASSED] - All options with value '14726' are selected in object 'Object Repository/Register_Page/ADDRESS_SUBDISTRICT' 

2561-03-31 20:27:23 - [TEST_STEP][PASSED] - setText: Text '57130' is set on object 'Object Repository/Register_Page/input_ADDRESS_POSTCODE'

2561-03-31 20:27:24 - [MESSAGE][PASSED] - Text '57130' is set on object 'Object Repository/Register_Page/input_ADDRESS_POSTCODE'

2561-03-31 20:27:24 - [TEST_STEP][PASSED] - selectOptionByValue: All options with value 'กำลังทำงาน' are selected in object 'Object Repository/Register_Page/select__3'  using regular expression

2561-03-31 20:27:24 - [MESSAGE][PASSED] - All options with value 'กำลังทำงาน' are selected in object 'Object Repository/Register_Page/select__3'  using regular expression

2561-03-31 20:27:24 - [TEST_STEP][PASSED] - setText: Text '3 หมู่ที่ 10 ต.โป่งผา อ.แม่สาย จ.เชียงราย' is set on object 'Object Repository/Register_Page/input_ADDRESS_ALL'

2561-03-31 20:27:24 - [MESSAGE][PASSED] - Text '3 หมู่ที่ 10 ต.โป่งผา อ.แม่สาย จ.เชียงราย' is set on object 'Object Repository/Register_Page/input_ADDRESS_ALL'

2561-03-31 20:27:24 - [TEST_STEP][PASSED] - setText: Text '053646789' is set on object 'Object Repository/Register_Page/input_PHONE'

2561-03-31 20:27:24 - [MESSAGE][PASSED] - Text '053646789' is set on object 'Object Repository/Register_Page/input_PHONE'

2561-03-31 20:27:24 - [TEST_STEP][PASSED] - setText: Text '0827975510' is set on object 'Object Repository/Register_Page/input_CELL_PHONE'

2561-03-31 20:27:24 - [MESSAGE][PASSED] - Text '0827975510' is set on object 'Object Repository/Register_Page/input_CELL_PHONE'

2561-03-31 20:27:24 - [TEST_STEP][PASSED] - setText: Text '025445687' is set on object 'Object Repository/Register_Page/input_FAX'

2561-03-31 20:27:25 - [MESSAGE][PASSED] - Text '025445687' is set on object 'Object Repository/Register_Page/input_FAX'

2561-03-31 20:27:25 - [TEST_STEP][PASSED] - click: Object: 'Object Repository/Register_Page/input_submit (1)' is clicked on

2561-03-31 20:27:25 - [MESSAGE][PASSED] - Object: 'Object Repository/Register_Page/input_submit (1)' is clicked on

2561-03-31 20:27:25 - [TEST_STEP][PASSED] - closeBrowser: Browser is closed

2561-03-31 20:27:26 - [MESSAGE][PASSED] - Browser is closed]]></system-out>
         <system-err><![CDATA[]]></system-err>
      </testcase>
      <testcase name="Test Cases/Register volunteer/Register06" classname="Test Cases/Register volunteer/Register06" status="PASSED">
         <system-out><![CDATA[2561-03-31 20:27:26 - [TEST_CASE][PASSED] - Test Cases/Register volunteer/Register06: Test Cases/Register volunteer/Register06

2561-03-31 20:27:26 - [TEST_STEP][PASSED] - openBrowser: Browser is opened with url: ''

2561-03-31 20:27:30 - [MESSAGE][PASSED] - Browser is opened with url: ''

2561-03-31 20:27:30 - [TEST_STEP][PASSED] - navigateToUrl: Navigate to 'http://vivblind.play2pay.me/' successfully

2561-03-31 20:27:34 - [MESSAGE][PASSED] - Navigate to 'http://vivblind.play2pay.me/' successfully

2561-03-31 20:27:34 - [TEST_STEP][PASSED] - click: Object: 'Object Repository/Register_Page/a_' is clicked on

2561-03-31 20:27:34 - [MESSAGE][PASSED] - Object: 'Object Repository/Register_Page/a_' is clicked on

2561-03-31 20:27:34 - [TEST_STEP][PASSED] - setText: Text 'suphisit1@gmail.com' is set on object 'Object Repository/Register_Page/input_EMAIL (1)'

2561-03-31 20:27:35 - [MESSAGE][PASSED] - Text 'suphisit1@gmail.com' is set on object 'Object Repository/Register_Page/input_EMAIL (1)'

2561-03-31 20:27:35 - [TEST_STEP][PASSED] - setText: Text '0857098359' is set on object 'Object Repository/Register_Page/input_PASSWORD'

2561-03-31 20:27:35 - [MESSAGE][PASSED] - Text '0857098359' is set on object 'Object Repository/Register_Page/input_PASSWORD'

2561-03-31 20:27:35 - [TEST_STEP][PASSED] - setText: Text '0857098359' is set on object 'Object Repository/Register_Page/input_password_confirmation'

2561-03-31 20:27:35 - [MESSAGE][PASSED] - Text '0857098359' is set on object 'Object Repository/Register_Page/input_password_confirmation'

2561-03-31 20:27:35 - [TEST_STEP][PASSED] - uploadFile: File 'C:\Users\Administrator\Desktop\Test.jpg' sent to object: 'Object Repository/Register_Page/Upload File'

2561-03-31 20:27:35 - [MESSAGE][PASSED] - File 'C:\Users\Administrator\Desktop\Test.jpg' sent to object: 'Object Repository/Register_Page/Upload File'

2561-03-31 20:27:35 - [TEST_STEP][PASSED] - setText: Text '' is set on object 'Object Repository/Register_Page/input_FIRST_NAME_TH'

2561-03-31 20:27:35 - [MESSAGE][PASSED] - Text '' is set on object 'Object Repository/Register_Page/input_FIRST_NAME_TH'

2561-03-31 20:27:35 - [TEST_STEP][PASSED] - setText: Text '' is set on object 'Object Repository/Register_Page/input_LAST_NAME_TH'

2561-03-31 20:27:35 - [MESSAGE][PASSED] - Text '' is set on object 'Object Repository/Register_Page/input_LAST_NAME_TH'

2561-03-31 20:27:35 - [TEST_STEP][PASSED] - setText: Text 'Suphisit' is set on object 'Object Repository/Register_Page/input_FIRST_NAME_EN'

2561-03-31 20:27:35 - [MESSAGE][PASSED] - Text 'Suphisit' is set on object 'Object Repository/Register_Page/input_FIRST_NAME_EN'

2561-03-31 20:27:35 - [TEST_STEP][PASSED] - setText: Text 'Khaika' is set on object 'Object Repository/Register_Page/input_LAST_NAME_EN'

2561-03-31 20:27:35 - [MESSAGE][PASSED] - Text 'Khaika' is set on object 'Object Repository/Register_Page/input_LAST_NAME_EN'

2561-03-31 20:27:35 - [TEST_STEP][PASSED] - setText: Text '13/10/1994' is set on object 'Object Repository/Register_Page/input_BIRTH_DATE'

2561-03-31 20:27:36 - [MESSAGE][PASSED] - Text '13/10/1994' is set on object 'Object Repository/Register_Page/input_BIRTH_DATE'

2561-03-31 20:27:36 - [TEST_STEP][PASSED] - selectOptionByValue: All options with value 'พุทธ' are selected in object 'Object Repository/Register_Page/select_'  using regular expression

2561-03-31 20:27:36 - [MESSAGE][PASSED] - All options with value 'พุทธ' are selected in object 'Object Repository/Register_Page/select_'  using regular expression

2561-03-31 20:27:36 - [TEST_STEP][PASSED] - selectOptionByValue: All options with value 'ปริญญาตรี' are selected in object 'Object Repository/Register_Page/select__1'  using regular expression

2561-03-31 20:27:36 - [MESSAGE][PASSED] - All options with value 'ปริญญาตรี' are selected in object 'Object Repository/Register_Page/select__1'  using regular expression

2561-03-31 20:27:36 - [TEST_STEP][PASSED] - selectOptionByValue: All options with value 'อื่นๆ' are selected in object 'Object Repository/Register_Page/select__2'  using regular expression

2561-03-31 20:27:36 - [MESSAGE][PASSED] - All options with value 'อื่นๆ' are selected in object 'Object Repository/Register_Page/select__2'  using regular expression

2561-03-31 20:27:36 - [TEST_STEP][PASSED] - setText: Text '3' is set on object 'Object Repository/Register_Page/input_ADDRESS_NO'

2561-03-31 20:27:36 - [MESSAGE][PASSED] - Text '3' is set on object 'Object Repository/Register_Page/input_ADDRESS_NO'

2561-03-31 20:27:36 - [TEST_STEP][PASSED] - setText: Text '10' is set on object 'Object Repository/Register_Page/input_ADDRESS_MOO'

2561-03-31 20:27:36 - [MESSAGE][PASSED] - Text '10' is set on object 'Object Repository/Register_Page/input_ADDRESS_MOO'

2561-03-31 20:27:36 - [TEST_STEP][PASSED] - setText: Text 'พหลโยธิน' is set on object 'Object Repository/Register_Page/input_ADDRESS_ROAD'

2561-03-31 20:27:37 - [MESSAGE][PASSED] - Text 'พหลโยธิน' is set on object 'Object Repository/Register_Page/input_ADDRESS_ROAD'

2561-03-31 20:27:37 - [TEST_STEP][PASSED] - delay: Delayed 2 second(s)

2561-03-31 20:27:39 - [MESSAGE][PASSED] - Delayed 2 second(s)

2561-03-31 20:27:39 - [TEST_STEP][PASSED] - selectOptionByValue: All options with value '45' are selected in object 'Object Repository/Register_Page/ADDRESS_PROVINCE' 

2561-03-31 20:27:39 - [MESSAGE][PASSED] - All options with value '45' are selected in object 'Object Repository/Register_Page/ADDRESS_PROVINCE' 

2561-03-31 20:27:39 - [TEST_STEP][PASSED] - delay: Delayed 2 second(s)

2561-03-31 20:27:41 - [MESSAGE][PASSED] - Delayed 2 second(s)

2561-03-31 20:27:41 - [TEST_STEP][PASSED] - selectOptionByValue: All options with value '665' are selected in object 'Object Repository/Register_Page/ADDRESS_DISTRICT' 

2561-03-31 20:27:41 - [MESSAGE][PASSED] - All options with value '665' are selected in object 'Object Repository/Register_Page/ADDRESS_DISTRICT' 

2561-03-31 20:27:41 - [TEST_STEP][PASSED] - delay: Delayed 2 second(s)

2561-03-31 20:27:43 - [MESSAGE][PASSED] - Delayed 2 second(s)

2561-03-31 20:27:43 - [TEST_STEP][PASSED] - selectOptionByValue: All options with value '14726' are selected in object 'Object Repository/Register_Page/ADDRESS_SUBDISTRICT' 

2561-03-31 20:27:43 - [MESSAGE][PASSED] - All options with value '14726' are selected in object 'Object Repository/Register_Page/ADDRESS_SUBDISTRICT' 

2561-03-31 20:27:43 - [TEST_STEP][PASSED] - setText: Text '57130' is set on object 'Object Repository/Register_Page/input_ADDRESS_POSTCODE'

2561-03-31 20:27:43 - [MESSAGE][PASSED] - Text '57130' is set on object 'Object Repository/Register_Page/input_ADDRESS_POSTCODE'

2561-03-31 20:27:43 - [TEST_STEP][PASSED] - selectOptionByValue: All options with value 'กำลังทำงาน' are selected in object 'Object Repository/Register_Page/select__3'  using regular expression

2561-03-31 20:27:43 - [MESSAGE][PASSED] - All options with value 'กำลังทำงาน' are selected in object 'Object Repository/Register_Page/select__3'  using regular expression

2561-03-31 20:27:43 - [TEST_STEP][PASSED] - setText: Text '3 หมู่ที่ 10 ต.โป่งผา อ.แม่สาย จ.เชียงราย' is set on object 'Object Repository/Register_Page/input_ADDRESS_ALL'

2561-03-31 20:27:44 - [MESSAGE][PASSED] - Text '3 หมู่ที่ 10 ต.โป่งผา อ.แม่สาย จ.เชียงราย' is set on object 'Object Repository/Register_Page/input_ADDRESS_ALL'

2561-03-31 20:27:44 - [TEST_STEP][PASSED] - setText: Text '053646789' is set on object 'Object Repository/Register_Page/input_PHONE'

2561-03-31 20:27:44 - [MESSAGE][PASSED] - Text '053646789' is set on object 'Object Repository/Register_Page/input_PHONE'

2561-03-31 20:27:44 - [TEST_STEP][PASSED] - setText: Text '0827975510' is set on object 'Object Repository/Register_Page/input_CELL_PHONE'

2561-03-31 20:27:44 - [MESSAGE][PASSED] - Text '0827975510' is set on object 'Object Repository/Register_Page/input_CELL_PHONE'

2561-03-31 20:27:44 - [TEST_STEP][PASSED] - setText: Text '025445687' is set on object 'Object Repository/Register_Page/input_FAX'

2561-03-31 20:27:44 - [MESSAGE][PASSED] - Text '025445687' is set on object 'Object Repository/Register_Page/input_FAX'

2561-03-31 20:27:44 - [TEST_STEP][PASSED] - click: Object: 'Object Repository/Register_Page/input_submit (1)' is clicked on

2561-03-31 20:27:45 - [MESSAGE][PASSED] - Object: 'Object Repository/Register_Page/input_submit (1)' is clicked on

2561-03-31 20:27:45 - [TEST_STEP][PASSED] - verifyTextPresent: Text 'กรุณากรอกชื่อ' is present on page 

2561-03-31 20:27:45 - [MESSAGE][PASSED] - Text 'กรุณากรอกชื่อ' is present on page 

2561-03-31 20:27:45 - [TEST_STEP][PASSED] - verifyTextPresent: Text 'กรุณากรอกนามสกุล' is present on page 

2561-03-31 20:27:45 - [MESSAGE][PASSED] - Text 'กรุณากรอกนามสกุล' is present on page 

2561-03-31 20:27:45 - [TEST_STEP][PASSED] - closeBrowser: Browser is closed

2561-03-31 20:27:46 - [MESSAGE][PASSED] - Browser is closed]]></system-out>
         <system-err><![CDATA[]]></system-err>
      </testcase>
      <testcase name="Test Cases/Register volunteer/Register07" classname="Test Cases/Register volunteer/Register07" status="PASSED">
         <system-out><![CDATA[2561-03-31 20:27:46 - [TEST_CASE][PASSED] - Test Cases/Register volunteer/Register07: Test Cases/Register volunteer/Register07

2561-03-31 20:27:46 - [TEST_STEP][PASSED] - openBrowser: Browser is opened with url: ''

2561-03-31 20:27:52 - [MESSAGE][PASSED] - Browser is opened with url: ''

2561-03-31 20:27:52 - [TEST_STEP][PASSED] - navigateToUrl: Navigate to 'http://vivblind.play2pay.me/' successfully

2561-03-31 20:28:01 - [MESSAGE][PASSED] - Navigate to 'http://vivblind.play2pay.me/' successfully

2561-03-31 20:28:01 - [TEST_STEP][PASSED] - click: Object: 'Object Repository/Register_Page/a_' is clicked on

2561-03-31 20:28:01 - [MESSAGE][PASSED] - Object: 'Object Repository/Register_Page/a_' is clicked on

2561-03-31 20:28:01 - [TEST_STEP][PASSED] - setText: Text 'suphisit1@gmail.com' is set on object 'Object Repository/Register_Page/input_EMAIL (1)'

2561-03-31 20:28:02 - [MESSAGE][PASSED] - Text 'suphisit1@gmail.com' is set on object 'Object Repository/Register_Page/input_EMAIL (1)'

2561-03-31 20:28:02 - [TEST_STEP][PASSED] - setText: Text '0857098359' is set on object 'Object Repository/Register_Page/input_PASSWORD'

2561-03-31 20:28:02 - [MESSAGE][PASSED] - Text '0857098359' is set on object 'Object Repository/Register_Page/input_PASSWORD'

2561-03-31 20:28:02 - [TEST_STEP][PASSED] - setText: Text '0857098359' is set on object 'Object Repository/Register_Page/input_password_confirmation'

2561-03-31 20:28:02 - [MESSAGE][PASSED] - Text '0857098359' is set on object 'Object Repository/Register_Page/input_password_confirmation'

2561-03-31 20:28:02 - [TEST_STEP][PASSED] - uploadFile: File 'C:\Users\Administrator\Desktop\Test.jpg' sent to object: 'Object Repository/Register_Page/Upload File'

2561-03-31 20:28:02 - [MESSAGE][PASSED] - File 'C:\Users\Administrator\Desktop\Test.jpg' sent to object: 'Object Repository/Register_Page/Upload File'

2561-03-31 20:28:02 - [TEST_STEP][PASSED] - setText: Text '' is set on object 'Object Repository/Register_Page/input_FIRST_NAME_TH'

2561-03-31 20:28:02 - [MESSAGE][PASSED] - Text '' is set on object 'Object Repository/Register_Page/input_FIRST_NAME_TH'

2561-03-31 20:28:02 - [TEST_STEP][PASSED] - setText: Text 'ไข่กา' is set on object 'Object Repository/Register_Page/input_LAST_NAME_TH'

2561-03-31 20:28:02 - [MESSAGE][PASSED] - Text 'ไข่กา' is set on object 'Object Repository/Register_Page/input_LAST_NAME_TH'

2561-03-31 20:28:02 - [TEST_STEP][PASSED] - setText: Text 'Suphisit' is set on object 'Object Repository/Register_Page/input_FIRST_NAME_EN'

2561-03-31 20:28:02 - [MESSAGE][PASSED] - Text 'Suphisit' is set on object 'Object Repository/Register_Page/input_FIRST_NAME_EN'

2561-03-31 20:28:02 - [TEST_STEP][PASSED] - setText: Text 'Khaika' is set on object 'Object Repository/Register_Page/input_LAST_NAME_EN'

2561-03-31 20:28:03 - [MESSAGE][PASSED] - Text 'Khaika' is set on object 'Object Repository/Register_Page/input_LAST_NAME_EN'

2561-03-31 20:28:03 - [TEST_STEP][PASSED] - setText: Text '13/10/1994' is set on object 'Object Repository/Register_Page/input_BIRTH_DATE'

2561-03-31 20:28:03 - [MESSAGE][PASSED] - Text '13/10/1994' is set on object 'Object Repository/Register_Page/input_BIRTH_DATE'

2561-03-31 20:28:03 - [TEST_STEP][PASSED] - selectOptionByValue: All options with value 'พุทธ' are selected in object 'Object Repository/Register_Page/select_'  using regular expression

2561-03-31 20:28:03 - [MESSAGE][PASSED] - All options with value 'พุทธ' are selected in object 'Object Repository/Register_Page/select_'  using regular expression

2561-03-31 20:28:03 - [TEST_STEP][PASSED] - selectOptionByValue: All options with value 'ปริญญาตรี' are selected in object 'Object Repository/Register_Page/select__1'  using regular expression

2561-03-31 20:28:03 - [MESSAGE][PASSED] - All options with value 'ปริญญาตรี' are selected in object 'Object Repository/Register_Page/select__1'  using regular expression

2561-03-31 20:28:03 - [TEST_STEP][PASSED] - selectOptionByValue: All options with value 'อื่นๆ' are selected in object 'Object Repository/Register_Page/select__2'  using regular expression

2561-03-31 20:28:03 - [MESSAGE][PASSED] - All options with value 'อื่นๆ' are selected in object 'Object Repository/Register_Page/select__2'  using regular expression

2561-03-31 20:28:03 - [TEST_STEP][PASSED] - setText: Text '3' is set on object 'Object Repository/Register_Page/input_ADDRESS_NO'

2561-03-31 20:28:04 - [MESSAGE][PASSED] - Text '3' is set on object 'Object Repository/Register_Page/input_ADDRESS_NO'

2561-03-31 20:28:04 - [TEST_STEP][PASSED] - setText: Text '10' is set on object 'Object Repository/Register_Page/input_ADDRESS_MOO'

2561-03-31 20:28:04 - [MESSAGE][PASSED] - Text '10' is set on object 'Object Repository/Register_Page/input_ADDRESS_MOO'

2561-03-31 20:28:04 - [TEST_STEP][PASSED] - setText: Text 'พหลโยธิน' is set on object 'Object Repository/Register_Page/input_ADDRESS_ROAD'

2561-03-31 20:28:04 - [MESSAGE][PASSED] - Text 'พหลโยธิน' is set on object 'Object Repository/Register_Page/input_ADDRESS_ROAD'

2561-03-31 20:28:04 - [TEST_STEP][PASSED] - delay: Delayed 2 second(s)

2561-03-31 20:28:06 - [MESSAGE][PASSED] - Delayed 2 second(s)

2561-03-31 20:28:06 - [TEST_STEP][PASSED] - selectOptionByValue: All options with value '45' are selected in object 'Object Repository/Register_Page/ADDRESS_PROVINCE' 

2561-03-31 20:28:06 - [MESSAGE][PASSED] - All options with value '45' are selected in object 'Object Repository/Register_Page/ADDRESS_PROVINCE' 

2561-03-31 20:28:06 - [TEST_STEP][PASSED] - delay: Delayed 2 second(s)

2561-03-31 20:28:08 - [MESSAGE][PASSED] - Delayed 2 second(s)

2561-03-31 20:28:08 - [TEST_STEP][PASSED] - selectOptionByValue: All options with value '665' are selected in object 'Object Repository/Register_Page/ADDRESS_DISTRICT' 

2561-03-31 20:28:08 - [MESSAGE][PASSED] - All options with value '665' are selected in object 'Object Repository/Register_Page/ADDRESS_DISTRICT' 

2561-03-31 20:28:08 - [TEST_STEP][PASSED] - delay: Delayed 2 second(s)

2561-03-31 20:28:10 - [MESSAGE][PASSED] - Delayed 2 second(s)

2561-03-31 20:28:10 - [TEST_STEP][PASSED] - selectOptionByValue: All options with value '14726' are selected in object 'Object Repository/Register_Page/ADDRESS_SUBDISTRICT' 

2561-03-31 20:28:10 - [MESSAGE][PASSED] - All options with value '14726' are selected in object 'Object Repository/Register_Page/ADDRESS_SUBDISTRICT' 

2561-03-31 20:28:10 - [TEST_STEP][PASSED] - setText: Text '57130' is set on object 'Object Repository/Register_Page/input_ADDRESS_POSTCODE'

2561-03-31 20:28:10 - [MESSAGE][PASSED] - Text '57130' is set on object 'Object Repository/Register_Page/input_ADDRESS_POSTCODE'

2561-03-31 20:28:10 - [TEST_STEP][PASSED] - selectOptionByValue: All options with value 'กำลังทำงาน' are selected in object 'Object Repository/Register_Page/select__3'  using regular expression

2561-03-31 20:28:11 - [MESSAGE][PASSED] - All options with value 'กำลังทำงาน' are selected in object 'Object Repository/Register_Page/select__3'  using regular expression

2561-03-31 20:28:11 - [TEST_STEP][PASSED] - setText: Text '3 หมู่ที่ 10 ต.โป่งผา อ.แม่สาย จ.เชียงราย' is set on object 'Object Repository/Register_Page/input_ADDRESS_ALL'

2561-03-31 20:28:11 - [MESSAGE][PASSED] - Text '3 หมู่ที่ 10 ต.โป่งผา อ.แม่สาย จ.เชียงราย' is set on object 'Object Repository/Register_Page/input_ADDRESS_ALL'

2561-03-31 20:28:11 - [TEST_STEP][PASSED] - setText: Text '053646789' is set on object 'Object Repository/Register_Page/input_PHONE'

2561-03-31 20:28:11 - [MESSAGE][PASSED] - Text '053646789' is set on object 'Object Repository/Register_Page/input_PHONE'

2561-03-31 20:28:11 - [TEST_STEP][PASSED] - setText: Text '0827975510' is set on object 'Object Repository/Register_Page/input_CELL_PHONE'

2561-03-31 20:28:11 - [MESSAGE][PASSED] - Text '0827975510' is set on object 'Object Repository/Register_Page/input_CELL_PHONE'

2561-03-31 20:28:11 - [TEST_STEP][PASSED] - setText: Text '025445687' is set on object 'Object Repository/Register_Page/input_FAX'

2561-03-31 20:28:11 - [MESSAGE][PASSED] - Text '025445687' is set on object 'Object Repository/Register_Page/input_FAX'

2561-03-31 20:28:11 - [TEST_STEP][PASSED] - click: Object: 'Object Repository/Register_Page/input_submit (1)' is clicked on

2561-03-31 20:28:12 - [MESSAGE][PASSED] - Object: 'Object Repository/Register_Page/input_submit (1)' is clicked on

2561-03-31 20:28:12 - [TEST_STEP][PASSED] - verifyTextPresent: Text 'กรุณากรอกชื่อ' is present on page 

2561-03-31 20:28:12 - [MESSAGE][PASSED] - Text 'กรุณากรอกชื่อ' is present on page 

2561-03-31 20:28:12 - [TEST_STEP][PASSED] - closeBrowser: Browser is closed

2561-03-31 20:28:13 - [MESSAGE][PASSED] - Browser is closed]]></system-out>
         <system-err><![CDATA[]]></system-err>
      </testcase>
      <testcase name="Test Cases/Register volunteer/Register08" classname="Test Cases/Register volunteer/Register08" status="PASSED">
         <system-out><![CDATA[2561-03-31 20:28:13 - [TEST_CASE][PASSED] - Test Cases/Register volunteer/Register08: Test Cases/Register volunteer/Register08

2561-03-31 20:28:13 - [TEST_STEP][PASSED] - openBrowser: Browser is opened with url: ''

2561-03-31 20:28:17 - [MESSAGE][PASSED] - Browser is opened with url: ''

2561-03-31 20:28:17 - [TEST_STEP][PASSED] - navigateToUrl: Navigate to 'http://vivblind.play2pay.me/' successfully

2561-03-31 20:28:24 - [MESSAGE][PASSED] - Navigate to 'http://vivblind.play2pay.me/' successfully

2561-03-31 20:28:24 - [TEST_STEP][PASSED] - click: Object: 'Object Repository/Register_Page/a_' is clicked on

2561-03-31 20:28:24 - [MESSAGE][PASSED] - Object: 'Object Repository/Register_Page/a_' is clicked on

2561-03-31 20:28:24 - [TEST_STEP][PASSED] - setText: Text 'suphisit1@gmail.com' is set on object 'Object Repository/Register_Page/input_EMAIL (1)'

2561-03-31 20:28:25 - [MESSAGE][PASSED] - Text 'suphisit1@gmail.com' is set on object 'Object Repository/Register_Page/input_EMAIL (1)'

2561-03-31 20:28:25 - [TEST_STEP][PASSED] - setText: Text '0857098359' is set on object 'Object Repository/Register_Page/input_PASSWORD'

2561-03-31 20:28:25 - [MESSAGE][PASSED] - Text '0857098359' is set on object 'Object Repository/Register_Page/input_PASSWORD'

2561-03-31 20:28:25 - [TEST_STEP][PASSED] - setText: Text '0857098359' is set on object 'Object Repository/Register_Page/input_password_confirmation'

2561-03-31 20:28:25 - [MESSAGE][PASSED] - Text '0857098359' is set on object 'Object Repository/Register_Page/input_password_confirmation'

2561-03-31 20:28:25 - [TEST_STEP][PASSED] - uploadFile: File 'C:\Users\Administrator\Desktop\Test.jpg' sent to object: 'Object Repository/Register_Page/Upload File'

2561-03-31 20:28:25 - [MESSAGE][PASSED] - File 'C:\Users\Administrator\Desktop\Test.jpg' sent to object: 'Object Repository/Register_Page/Upload File'

2561-03-31 20:28:25 - [TEST_STEP][PASSED] - setText: Text 'ศุภิสิทธิ์' is set on object 'Object Repository/Register_Page/input_FIRST_NAME_TH'

2561-03-31 20:28:25 - [MESSAGE][PASSED] - Text 'ศุภิสิทธิ์' is set on object 'Object Repository/Register_Page/input_FIRST_NAME_TH'

2561-03-31 20:28:25 - [TEST_STEP][PASSED] - setText: Text '' is set on object 'Object Repository/Register_Page/input_LAST_NAME_TH'

2561-03-31 20:28:25 - [MESSAGE][PASSED] - Text '' is set on object 'Object Repository/Register_Page/input_LAST_NAME_TH'

2561-03-31 20:28:25 - [TEST_STEP][PASSED] - setText: Text 'Suphisit' is set on object 'Object Repository/Register_Page/input_FIRST_NAME_EN'

2561-03-31 20:28:25 - [MESSAGE][PASSED] - Text 'Suphisit' is set on object 'Object Repository/Register_Page/input_FIRST_NAME_EN'

2561-03-31 20:28:25 - [TEST_STEP][PASSED] - setText: Text 'Khaika' is set on object 'Object Repository/Register_Page/input_LAST_NAME_EN'

2561-03-31 20:28:26 - [MESSAGE][PASSED] - Text 'Khaika' is set on object 'Object Repository/Register_Page/input_LAST_NAME_EN'

2561-03-31 20:28:26 - [TEST_STEP][PASSED] - setText: Text '13/10/1994' is set on object 'Object Repository/Register_Page/input_BIRTH_DATE'

2561-03-31 20:28:26 - [MESSAGE][PASSED] - Text '13/10/1994' is set on object 'Object Repository/Register_Page/input_BIRTH_DATE'

2561-03-31 20:28:26 - [TEST_STEP][PASSED] - selectOptionByValue: All options with value 'พุทธ' are selected in object 'Object Repository/Register_Page/select_'  using regular expression

2561-03-31 20:28:26 - [MESSAGE][PASSED] - All options with value 'พุทธ' are selected in object 'Object Repository/Register_Page/select_'  using regular expression

2561-03-31 20:28:26 - [TEST_STEP][PASSED] - selectOptionByValue: All options with value 'ปริญญาตรี' are selected in object 'Object Repository/Register_Page/select__1'  using regular expression

2561-03-31 20:28:26 - [MESSAGE][PASSED] - All options with value 'ปริญญาตรี' are selected in object 'Object Repository/Register_Page/select__1'  using regular expression

2561-03-31 20:28:26 - [TEST_STEP][PASSED] - selectOptionByValue: All options with value 'อื่นๆ' are selected in object 'Object Repository/Register_Page/select__2'  using regular expression

2561-03-31 20:28:26 - [MESSAGE][PASSED] - All options with value 'อื่นๆ' are selected in object 'Object Repository/Register_Page/select__2'  using regular expression

2561-03-31 20:28:26 - [TEST_STEP][PASSED] - setText: Text '3' is set on object 'Object Repository/Register_Page/input_ADDRESS_NO'

2561-03-31 20:28:26 - [MESSAGE][PASSED] - Text '3' is set on object 'Object Repository/Register_Page/input_ADDRESS_NO'

2561-03-31 20:28:26 - [TEST_STEP][PASSED] - setText: Text '10' is set on object 'Object Repository/Register_Page/input_ADDRESS_MOO'

2561-03-31 20:28:27 - [MESSAGE][PASSED] - Text '10' is set on object 'Object Repository/Register_Page/input_ADDRESS_MOO'

2561-03-31 20:28:27 - [TEST_STEP][PASSED] - setText: Text 'พหลโยธิน' is set on object 'Object Repository/Register_Page/input_ADDRESS_ROAD'

2561-03-31 20:28:27 - [MESSAGE][PASSED] - Text 'พหลโยธิน' is set on object 'Object Repository/Register_Page/input_ADDRESS_ROAD'

2561-03-31 20:28:27 - [TEST_STEP][PASSED] - delay: Delayed 2 second(s)

2561-03-31 20:28:29 - [MESSAGE][PASSED] - Delayed 2 second(s)

2561-03-31 20:28:29 - [TEST_STEP][PASSED] - selectOptionByValue: All options with value '45' are selected in object 'Object Repository/Register_Page/ADDRESS_PROVINCE' 

2561-03-31 20:28:29 - [MESSAGE][PASSED] - All options with value '45' are selected in object 'Object Repository/Register_Page/ADDRESS_PROVINCE' 

2561-03-31 20:28:29 - [TEST_STEP][PASSED] - delay: Delayed 2 second(s)

2561-03-31 20:28:31 - [MESSAGE][PASSED] - Delayed 2 second(s)

2561-03-31 20:28:31 - [TEST_STEP][PASSED] - selectOptionByValue: All options with value '665' are selected in object 'Object Repository/Register_Page/ADDRESS_DISTRICT' 

2561-03-31 20:28:31 - [MESSAGE][PASSED] - All options with value '665' are selected in object 'Object Repository/Register_Page/ADDRESS_DISTRICT' 

2561-03-31 20:28:31 - [TEST_STEP][PASSED] - delay: Delayed 2 second(s)

2561-03-31 20:28:33 - [MESSAGE][PASSED] - Delayed 2 second(s)

2561-03-31 20:28:33 - [TEST_STEP][PASSED] - selectOptionByValue: All options with value '14726' are selected in object 'Object Repository/Register_Page/ADDRESS_SUBDISTRICT' 

2561-03-31 20:28:33 - [MESSAGE][PASSED] - All options with value '14726' are selected in object 'Object Repository/Register_Page/ADDRESS_SUBDISTRICT' 

2561-03-31 20:28:33 - [TEST_STEP][PASSED] - setText: Text '57130' is set on object 'Object Repository/Register_Page/input_ADDRESS_POSTCODE'

2561-03-31 20:28:33 - [MESSAGE][PASSED] - Text '57130' is set on object 'Object Repository/Register_Page/input_ADDRESS_POSTCODE'

2561-03-31 20:28:33 - [TEST_STEP][PASSED] - selectOptionByValue: All options with value 'กำลังทำงาน' are selected in object 'Object Repository/Register_Page/select__3'  using regular expression

2561-03-31 20:28:34 - [MESSAGE][PASSED] - All options with value 'กำลังทำงาน' are selected in object 'Object Repository/Register_Page/select__3'  using regular expression

2561-03-31 20:28:34 - [TEST_STEP][PASSED] - setText: Text '3 หมู่ที่ 10 ต.โป่งผา อ.แม่สาย จ.เชียงราย' is set on object 'Object Repository/Register_Page/input_ADDRESS_ALL'

2561-03-31 20:28:34 - [MESSAGE][PASSED] - Text '3 หมู่ที่ 10 ต.โป่งผา อ.แม่สาย จ.เชียงราย' is set on object 'Object Repository/Register_Page/input_ADDRESS_ALL'

2561-03-31 20:28:34 - [TEST_STEP][PASSED] - setText: Text '053646789' is set on object 'Object Repository/Register_Page/input_PHONE'

2561-03-31 20:28:34 - [MESSAGE][PASSED] - Text '053646789' is set on object 'Object Repository/Register_Page/input_PHONE'

2561-03-31 20:28:34 - [TEST_STEP][PASSED] - setText: Text '0827975510' is set on object 'Object Repository/Register_Page/input_CELL_PHONE'

2561-03-31 20:28:34 - [MESSAGE][PASSED] - Text '0827975510' is set on object 'Object Repository/Register_Page/input_CELL_PHONE'

2561-03-31 20:28:34 - [TEST_STEP][PASSED] - setText: Text '025445687' is set on object 'Object Repository/Register_Page/input_FAX'

2561-03-31 20:28:34 - [MESSAGE][PASSED] - Text '025445687' is set on object 'Object Repository/Register_Page/input_FAX'

2561-03-31 20:28:34 - [TEST_STEP][PASSED] - click: Object: 'Object Repository/Register_Page/input_submit (1)' is clicked on

2561-03-31 20:28:35 - [MESSAGE][PASSED] - Object: 'Object Repository/Register_Page/input_submit (1)' is clicked on

2561-03-31 20:28:35 - [TEST_STEP][PASSED] - verifyTextPresent: Text 'กรุณากรอกนามสกุล' is present on page 

2561-03-31 20:28:35 - [MESSAGE][PASSED] - Text 'กรุณากรอกนามสกุล' is present on page 

2561-03-31 20:28:35 - [TEST_STEP][PASSED] - closeBrowser: Browser is closed

2561-03-31 20:28:36 - [MESSAGE][PASSED] - Browser is closed]]></system-out>
         <system-err><![CDATA[]]></system-err>
      </testcase>
      <testcase name="Test Cases/Register volunteer/Register09" classname="Test Cases/Register volunteer/Register09" status="PASSED">
         <system-out><![CDATA[2561-03-31 20:28:36 - [TEST_CASE][PASSED] - Test Cases/Register volunteer/Register09: Test Cases/Register volunteer/Register09

2561-03-31 20:28:36 - [TEST_STEP][PASSED] - openBrowser: Browser is opened with url: ''

2561-03-31 20:28:39 - [MESSAGE][PASSED] - Browser is opened with url: ''

2561-03-31 20:28:39 - [TEST_STEP][PASSED] - navigateToUrl: Navigate to 'http://vivblind.play2pay.me/' successfully

2561-03-31 20:28:44 - [MESSAGE][PASSED] - Navigate to 'http://vivblind.play2pay.me/' successfully

2561-03-31 20:28:44 - [TEST_STEP][PASSED] - click: Object: 'Object Repository/Register_Page/a_' is clicked on

2561-03-31 20:28:45 - [MESSAGE][PASSED] - Object: 'Object Repository/Register_Page/a_' is clicked on

2561-03-31 20:28:45 - [TEST_STEP][PASSED] - setText: Text 'suphisit1@gmail.com' is set on object 'Object Repository/Register_Page/input_EMAIL (1)'

2561-03-31 20:28:45 - [MESSAGE][PASSED] - Text 'suphisit1@gmail.com' is set on object 'Object Repository/Register_Page/input_EMAIL (1)'

2561-03-31 20:28:45 - [TEST_STEP][PASSED] - setText: Text '0857098359' is set on object 'Object Repository/Register_Page/input_PASSWORD'

2561-03-31 20:28:45 - [MESSAGE][PASSED] - Text '0857098359' is set on object 'Object Repository/Register_Page/input_PASSWORD'

2561-03-31 20:28:45 - [TEST_STEP][PASSED] - setText: Text '0857098359' is set on object 'Object Repository/Register_Page/input_password_confirmation'

2561-03-31 20:28:45 - [MESSAGE][PASSED] - Text '0857098359' is set on object 'Object Repository/Register_Page/input_password_confirmation'

2561-03-31 20:28:45 - [TEST_STEP][PASSED] - uploadFile: File 'C:\Users\Administrator\Desktop\Test.jpg' sent to object: 'Object Repository/Register_Page/Upload File'

2561-03-31 20:28:45 - [MESSAGE][PASSED] - File 'C:\Users\Administrator\Desktop\Test.jpg' sent to object: 'Object Repository/Register_Page/Upload File'

2561-03-31 20:28:45 - [TEST_STEP][PASSED] - setText: Text 'ศุภิสิทธิ์' is set on object 'Object Repository/Register_Page/input_FIRST_NAME_TH'

2561-03-31 20:28:46 - [MESSAGE][PASSED] - Text 'ศุภิสิทธิ์' is set on object 'Object Repository/Register_Page/input_FIRST_NAME_TH'

2561-03-31 20:28:46 - [TEST_STEP][PASSED] - setText: Text 'ไข่กา' is set on object 'Object Repository/Register_Page/input_LAST_NAME_TH'

2561-03-31 20:28:46 - [MESSAGE][PASSED] - Text 'ไข่กา' is set on object 'Object Repository/Register_Page/input_LAST_NAME_TH'

2561-03-31 20:28:46 - [TEST_STEP][PASSED] - setText: Text '' is set on object 'Object Repository/Register_Page/input_FIRST_NAME_EN'

2561-03-31 20:28:46 - [MESSAGE][PASSED] - Text '' is set on object 'Object Repository/Register_Page/input_FIRST_NAME_EN'

2561-03-31 20:28:46 - [TEST_STEP][PASSED] - setText: Text '' is set on object 'Object Repository/Register_Page/input_LAST_NAME_EN'

2561-03-31 20:28:46 - [MESSAGE][PASSED] - Text '' is set on object 'Object Repository/Register_Page/input_LAST_NAME_EN'

2561-03-31 20:28:46 - [TEST_STEP][PASSED] - setText: Text '13/10/1994' is set on object 'Object Repository/Register_Page/input_BIRTH_DATE'

2561-03-31 20:28:46 - [MESSAGE][PASSED] - Text '13/10/1994' is set on object 'Object Repository/Register_Page/input_BIRTH_DATE'

2561-03-31 20:28:46 - [TEST_STEP][PASSED] - selectOptionByValue: All options with value 'พุทธ' are selected in object 'Object Repository/Register_Page/select_'  using regular expression

2561-03-31 20:28:46 - [MESSAGE][PASSED] - All options with value 'พุทธ' are selected in object 'Object Repository/Register_Page/select_'  using regular expression

2561-03-31 20:28:46 - [TEST_STEP][PASSED] - selectOptionByValue: All options with value 'ปริญญาตรี' are selected in object 'Object Repository/Register_Page/select__1'  using regular expression

2561-03-31 20:28:47 - [MESSAGE][PASSED] - All options with value 'ปริญญาตรี' are selected in object 'Object Repository/Register_Page/select__1'  using regular expression

2561-03-31 20:28:47 - [TEST_STEP][PASSED] - selectOptionByValue: All options with value 'อื่นๆ' are selected in object 'Object Repository/Register_Page/select__2'  using regular expression

2561-03-31 20:28:47 - [MESSAGE][PASSED] - All options with value 'อื่นๆ' are selected in object 'Object Repository/Register_Page/select__2'  using regular expression

2561-03-31 20:28:47 - [TEST_STEP][PASSED] - setText: Text '3' is set on object 'Object Repository/Register_Page/input_ADDRESS_NO'

2561-03-31 20:28:47 - [MESSAGE][PASSED] - Text '3' is set on object 'Object Repository/Register_Page/input_ADDRESS_NO'

2561-03-31 20:28:47 - [TEST_STEP][PASSED] - setText: Text '10' is set on object 'Object Repository/Register_Page/input_ADDRESS_MOO'

2561-03-31 20:28:47 - [MESSAGE][PASSED] - Text '10' is set on object 'Object Repository/Register_Page/input_ADDRESS_MOO'

2561-03-31 20:28:47 - [TEST_STEP][PASSED] - setText: Text 'พหลโยธิน' is set on object 'Object Repository/Register_Page/input_ADDRESS_ROAD'

2561-03-31 20:28:47 - [MESSAGE][PASSED] - Text 'พหลโยธิน' is set on object 'Object Repository/Register_Page/input_ADDRESS_ROAD'

2561-03-31 20:28:47 - [TEST_STEP][PASSED] - delay: Delayed 2 second(s)

2561-03-31 20:28:49 - [MESSAGE][PASSED] - Delayed 2 second(s)

2561-03-31 20:28:49 - [TEST_STEP][PASSED] - selectOptionByValue: All options with value '45' are selected in object 'Object Repository/Register_Page/ADDRESS_PROVINCE' 

2561-03-31 20:28:49 - [MESSAGE][PASSED] - All options with value '45' are selected in object 'Object Repository/Register_Page/ADDRESS_PROVINCE' 

2561-03-31 20:28:49 - [TEST_STEP][PASSED] - delay: Delayed 2 second(s)

2561-03-31 20:28:51 - [MESSAGE][PASSED] - Delayed 2 second(s)

2561-03-31 20:28:51 - [TEST_STEP][PASSED] - selectOptionByValue: All options with value '665' are selected in object 'Object Repository/Register_Page/ADDRESS_DISTRICT' 

2561-03-31 20:28:51 - [MESSAGE][PASSED] - All options with value '665' are selected in object 'Object Repository/Register_Page/ADDRESS_DISTRICT' 

2561-03-31 20:28:51 - [TEST_STEP][PASSED] - delay: Delayed 2 second(s)

2561-03-31 20:28:53 - [MESSAGE][PASSED] - Delayed 2 second(s)

[...]

2561-03-31 20:39:44 - [TEST_STEP][PASSED] - click: Object: 'Object Repository/Register_Page/input_submit (1)' is clicked on

2561-03-31 20:39:45 - [MESSAGE][PASSED] - Object: 'Object Repository/Register_Page/input_submit (1)' is clicked on

2561-03-31 20:39:45 - [TEST_STEP][PASSED] - verifyTextPresent: Text 'กรุณากรอกเบอร์มือถือ' is present on page 

2561-03-31 20:39:46 - [MESSAGE][PASSED] - Text 'กรุณากรอกเบอร์มือถือ' is present on page 

2561-03-31 20:39:46 - [TEST_STEP][PASSED] - closeBrowser: Browser is closed

2561-03-31 20:39:46 - [MESSAGE][PASSED] - Browser is closed]]></system-out>
         <system-err><![CDATA[]]></system-err>
      </testcase>
      <testcase name="Test Cases/Register volunteer/Register46" classname="Test Cases/Register volunteer/Register46" status="PASSED">
         <system-out><![CDATA[2561-03-31 20:39:46 - [TEST_CASE][PASSED] - Test Cases/Register volunteer/Register46: Test Cases/Register volunteer/Register46

2561-03-31 20:39:46 - [TEST_STEP][PASSED] - openBrowser: Browser is opened with url: ''

2561-03-31 20:39:48 - [MESSAGE][PASSED] - Browser is opened with url: ''

2561-03-31 20:39:48 - [TEST_STEP][PASSED] - navigateToUrl: Navigate to 'http://vivblind.play2pay.me/' successfully

2561-03-31 20:39:53 - [MESSAGE][PASSED] - Navigate to 'http://vivblind.play2pay.me/' successfully

2561-03-31 20:39:53 - [TEST_STEP][PASSED] - click: Object: 'Object Repository/Register_Page/a_' is clicked on

2561-03-31 20:39:53 - [MESSAGE][PASSED] - Object: 'Object Repository/Register_Page/a_' is clicked on

2561-03-31 20:39:53 - [TEST_STEP][PASSED] - setText: Text 'suphisit1@gmail.com' is set on object 'Object Repository/Register_Page/input_EMAIL (1)'

2561-03-31 20:39:54 - [MESSAGE][PASSED] - Text 'suphisit1@gmail.com' is set on object 'Object Repository/Register_Page/input_EMAIL (1)'

2561-03-31 20:39:54 - [TEST_STEP][PASSED] - setText: Text '0857098359' is set on object 'Object Repository/Register_Page/input_PASSWORD'

2561-03-31 20:39:54 - [MESSAGE][PASSED] - Text '0857098359' is set on object 'Object Repository/Register_Page/input_PASSWORD'

2561-03-31 20:39:54 - [TEST_STEP][PASSED] - setText: Text '0857098359' is set on object 'Object Repository/Register_Page/input_password_confirmation'

2561-03-31 20:39:54 - [MESSAGE][PASSED] - Text '0857098359' is set on object 'Object Repository/Register_Page/input_password_confirmation'

2561-03-31 20:39:54 - [TEST_STEP][PASSED] - uploadFile: File 'C:\Users\Administrator\Desktop\Test.jpg' sent to object: 'Object Repository/Register_Page/Upload File'

2561-03-31 20:39:54 - [MESSAGE][PASSED] - File 'C:\Users\Administrator\Desktop\Test.jpg' sent to object: 'Object Repository/Register_Page/Upload File'

2561-03-31 20:39:54 - [TEST_STEP][PASSED] - setText: Text 'ศุภิสิทธิ์ ' is set on object 'Object Repository/Register_Page/input_FIRST_NAME_TH'

2561-03-31 20:39:54 - [MESSAGE][PASSED] - Text 'ศุภิสิทธิ์ ' is set on object 'Object Repository/Register_Page/input_FIRST_NAME_TH'

2561-03-31 20:39:54 - [TEST_STEP][PASSED] - setText: Text 'ไข่กา' is set on object 'Object Repository/Register_Page/input_LAST_NAME_TH'

2561-03-31 20:39:54 - [MESSAGE][PASSED] - Text 'ไข่กา' is set on object 'Object Repository/Register_Page/input_LAST_NAME_TH'

2561-03-31 20:39:54 - [TEST_STEP][PASSED] - setText: Text 'Suphisit' is set on object 'Object Repository/Register_Page/input_FIRST_NAME_EN'

2561-03-31 20:39:54 - [MESSAGE][PASSED] - Text 'Suphisit' is set on object 'Object Repository/Register_Page/input_FIRST_NAME_EN'

2561-03-31 20:39:54 - [TEST_STEP][PASSED] - setText: Text 'Khaika' is set on object 'Object Repository/Register_Page/input_LAST_NAME_EN'

2561-03-31 20:39:55 - [MESSAGE][PASSED] - Text 'Khaika' is set on object 'Object Repository/Register_Page/input_LAST_NAME_EN'

2561-03-31 20:39:55 - [TEST_STEP][PASSED] - setText: Text '13/10/1994' is set on object 'Object Repository/Register_Page/input_BIRTH_DATE'

2561-03-31 20:39:55 - [MESSAGE][PASSED] - Text '13/10/1994' is set on object 'Object Repository/Register_Page/input_BIRTH_DATE'

2561-03-31 20:39:55 - [TEST_STEP][PASSED] - selectOptionByValue: All options with value 'อื่นๆ' are selected in object 'Object Repository/Register_Page/select_'  using regular expression

2561-03-31 20:39:55 - [MESSAGE][PASSED] - All options with value 'อื่นๆ' are selected in object 'Object Repository/Register_Page/select_'  using regular expression

2561-03-31 20:39:55 - [TEST_STEP][PASSED] - selectOptionByValue: All options with value 'สูงกว่าปริญญาตรี' are selected in object 'Object Repository/Register_Page/select__1'  using regular expression

2561-03-31 20:39:55 - [MESSAGE][PASSED] - All options with value 'สูงกว่าปริญญาตรี' are selected in object 'Object Repository/Register_Page/select__1'  using regular expression

2561-03-31 20:39:55 - [TEST_STEP][PASSED] - selectOptionByValue: All options with value 'อื่นๆ' are selected in object 'Object Repository/Register_Page/select__2'  using regular expression

2561-03-31 20:39:55 - [MESSAGE][PASSED] - All options with value 'อื่นๆ' are selected in object 'Object Repository/Register_Page/select__2'  using regular expression

2561-03-31 20:39:55 - [TEST_STEP][PASSED] - setText: Text '3' is set on object 'Object Repository/Register_Page/input_ADDRESS_NO'

2561-03-31 20:39:55 - [MESSAGE][PASSED] - Text '3' is set on object 'Object Repository/Register_Page/input_ADDRESS_NO'

2561-03-31 20:39:55 - [TEST_STEP][PASSED] - setText: Text '10' is set on object 'Object Repository/Register_Page/input_ADDRESS_MOO'

2561-03-31 20:39:56 - [MESSAGE][PASSED] - Text '10' is set on object 'Object Repository/Register_Page/input_ADDRESS_MOO'

2561-03-31 20:39:56 - [TEST_STEP][PASSED] - setText: Text 'พหลโยธิน' is set on object 'Object Repository/Register_Page/input_ADDRESS_ROAD'

2561-03-31 20:39:56 - [MESSAGE][PASSED] - Text 'พหลโยธิน' is set on object 'Object Repository/Register_Page/input_ADDRESS_ROAD'

2561-03-31 20:39:56 - [TEST_STEP][PASSED] - delay: Delayed 2 second(s)

2561-03-31 20:39:58 - [MESSAGE][PASSED] - Delayed 2 second(s)

2561-03-31 20:39:58 - [TEST_STEP][PASSED] - selectOptionByValue: All options with value '45' are selected in object 'Object Repository/Register_Page/ADDRESS_PROVINCE' 

2561-03-31 20:39:58 - [MESSAGE][PASSED] - All options with value '45' are selected in object 'Object Repository/Register_Page/ADDRESS_PROVINCE' 

2561-03-31 20:39:58 - [TEST_STEP][PASSED] - delay: Delayed 2 second(s)

2561-03-31 20:40:00 - [MESSAGE][PASSED] - Delayed 2 second(s)

2561-03-31 20:40:00 - [TEST_STEP][PASSED] - selectOptionByValue: All options with value '665' are selected in object 'Object Repository/Register_Page/ADDRESS_DISTRICT' 

2561-03-31 20:40:00 - [MESSAGE][PASSED] - All options with value '665' are selected in object 'Object Repository/Register_Page/ADDRESS_DISTRICT' 

2561-03-31 20:40:00 - [TEST_STEP][PASSED] - delay: Delayed 2 second(s)

2561-03-31 20:40:02 - [MESSAGE][PASSED] - Delayed 2 second(s)

2561-03-31 20:40:02 - [TEST_STEP][PASSED] - selectOptionByValue: All options with value '14726' are selected in object 'Object Repository/Register_Page/ADDRESS_SUBDISTRICT' 

2561-03-31 20:40:02 - [MESSAGE][PASSED] - All options with value '14726' are selected in object 'Object Repository/Register_Page/ADDRESS_SUBDISTRICT' 

2561-03-31 20:40:02 - [TEST_STEP][PASSED] - setText: Text '57130' is set on object 'Object Repository/Register_Page/input_ADDRESS_POSTCODE'

2561-03-31 20:40:02 - [MESSAGE][PASSED] - Text '57130' is set on object 'Object Repository/Register_Page/input_ADDRESS_POSTCODE'

2561-03-31 20:40:02 - [TEST_STEP][PASSED] - selectOptionByValue: All options with value 'กำลังทำงาน' are selected in object 'Object Repository/Register_Page/select__3'  using regular expression

2561-03-31 20:40:02 - [MESSAGE][PASSED] - All options with value 'กำลังทำงาน' are selected in object 'Object Repository/Register_Page/select__3'  using regular expression

2561-03-31 20:40:02 - [TEST_STEP][PASSED] - setText: Text '3 หมู่ที่ 10 ต.โป่งผา อ.แม่สาย จ.เชียงราย' is set on object 'Object Repository/Register_Page/input_ADDRESS_ALL'

2561-03-31 20:40:03 - [MESSAGE][PASSED] - Text '3 หมู่ที่ 10 ต.โป่งผา อ.แม่สาย จ.เชียงราย' is set on object 'Object Repository/Register_Page/input_ADDRESS_ALL'

2561-03-31 20:40:03 - [TEST_STEP][PASSED] - setText: Text '053646789' is set on object 'Object Repository/Register_Page/input_PHONE'

2561-03-31 20:40:03 - [MESSAGE][PASSED] - Text '053646789' is set on object 'Object Repository/Register_Page/input_PHONE'

2561-03-31 20:40:03 - [TEST_STEP][PASSED] - setText: Text '0827975510' is set on object 'Object Repository/Register_Page/input_CELL_PHONE'

2561-03-31 20:40:03 - [MESSAGE][PASSED] - Text '0827975510' is set on object 'Object Repository/Register_Page/input_CELL_PHONE'

2561-03-31 20:40:03 - [TEST_STEP][PASSED] - setText: Text '025445687' is set on object 'Object Repository/Register_Page/input_FAX'

2561-03-31 20:40:03 - [MESSAGE][PASSED] - Text '025445687' is set on object 'Object Repository/Register_Page/input_FAX'

2561-03-31 20:40:03 - [TEST_STEP][PASSED] - click: Object: 'Object Repository/Register_Page/input_submit (1)' is clicked on

2561-03-31 20:40:04 - [MESSAGE][PASSED] - Object: 'Object Repository/Register_Page/input_submit (1)' is clicked on

2561-03-31 20:40:04 - [TEST_STEP][PASSED] - closeBrowser: Browser is closed

2561-03-31 20:40:05 - [MESSAGE][PASSED] - Browser is closed]]></system-out>
         <system-err><![CDATA[]]></system-err>
      </testcase>
      <testcase name="Test Cases/Register volunteer/Register47" classname="Test Cases/Register volunteer/Register47" status="PASSED">
         <system-out><![CDATA[2561-03-31 20:40:05 - [TEST_CASE][PASSED] - Test Cases/Register volunteer/Register47: Test Cases/Register volunteer/Register47

2561-03-31 20:40:05 - [TEST_STEP][PASSED] - openBrowser: Browser is opened with url: ''

2561-03-31 20:40:07 - [MESSAGE][PASSED] - Browser is opened with url: ''

2561-03-31 20:40:07 - [TEST_STEP][PASSED] - navigateToUrl: Navigate to 'http://vivblind.play2pay.me/' successfully

2561-03-31 20:40:10 - [MESSAGE][PASSED] - Navigate to 'http://vivblind.play2pay.me/' successfully

2561-03-31 20:40:10 - [TEST_STEP][PASSED] - click: Object: 'Object Repository/Register_Page/a_' is clicked on

2561-03-31 20:40:11 - [MESSAGE][PASSED] - Object: 'Object Repository/Register_Page/a_' is clicked on

2561-03-31 20:40:11 - [TEST_STEP][PASSED] - setText: Text '' is set on object 'Object Repository/Register_Page/input_EMAIL (1)'

2561-03-31 20:40:11 - [MESSAGE][PASSED] - Text '' is set on object 'Object Repository/Register_Page/input_EMAIL (1)'

2561-03-31 20:40:11 - [TEST_STEP][PASSED] - setText: Text '' is set on object 'Object Repository/Register_Page/input_PASSWORD'

2561-03-31 20:40:11 - [MESSAGE][PASSED] - Text '' is set on object 'Object Repository/Register_Page/input_PASSWORD'

2561-03-31 20:40:11 - [TEST_STEP][PASSED] - setText: Text '' is set on object 'Object Repository/Register_Page/input_password_confirmation'

2561-03-31 20:40:11 - [MESSAGE][PASSED] - Text '' is set on object 'Object Repository/Register_Page/input_password_confirmation'

2561-03-31 20:40:11 - [TEST_STEP][PASSED] - setText: Text '' is set on object 'Object Repository/Register_Page/input_FIRST_NAME_TH'

2561-03-31 20:40:11 - [MESSAGE][PASSED] - Text '' is set on object 'Object Repository/Register_Page/input_FIRST_NAME_TH'

2561-03-31 20:40:11 - [TEST_STEP][PASSED] - setText: Text '' is set on object 'Object Repository/Register_Page/input_LAST_NAME_TH'

2561-03-31 20:40:11 - [MESSAGE][PASSED] - Text '' is set on object 'Object Repository/Register_Page/input_LAST_NAME_TH'

2561-03-31 20:40:11 - [TEST_STEP][PASSED] - setText: Text '' is set on object 'Object Repository/Register_Page/input_FIRST_NAME_EN'

2561-03-31 20:40:11 - [MESSAGE][PASSED] - Text '' is set on object 'Object Repository/Register_Page/input_FIRST_NAME_EN'

2561-03-31 20:40:11 - [TEST_STEP][PASSED] - setText: Text '' is set on object 'Object Repository/Register_Page/input_LAST_NAME_EN'

2561-03-31 20:40:11 - [MESSAGE][PASSED] - Text '' is set on object 'Object Repository/Register_Page/input_LAST_NAME_EN'

2561-03-31 20:40:11 - [TEST_STEP][PASSED] - setText: Text '' is set on object 'Object Repository/Register_Page/input_BIRTH_DATE'

2561-03-31 20:40:12 - [MESSAGE][PASSED] - Text '' is set on object 'Object Repository/Register_Page/input_BIRTH_DATE'

2561-03-31 20:40:12 - [TEST_STEP][PASSED] - selectOptionByValue: All options with value '' are selected in object 'Object Repository/Register_Page/select_'  using regular expression

2561-03-31 20:40:12 - [MESSAGE][PASSED] - All options with value '' are selected in object 'Object Repository/Register_Page/select_'  using regular expression

2561-03-31 20:40:12 - [TEST_STEP][PASSED] - selectOptionByValue: All options with value '' are selected in object 'Object Repository/Register_Page/select__1'  using regular expression

2561-03-31 20:40:12 - [MESSAGE][PASSED] - All options with value '' are selected in object 'Object Repository/Register_Page/select__1'  using regular expression

2561-03-31 20:40:12 - [TEST_STEP][PASSED] - selectOptionByValue: All options with value '' are selected in object 'Object Repository/Register_Page/select__2'  using regular expression

2561-03-31 20:40:12 - [MESSAGE][PASSED] - All options with value '' are selected in object 'Object Repository/Register_Page/select__2'  using regular expression

2561-03-31 20:40:12 - [TEST_STEP][PASSED] - setText: Text '' is set on object 'Object Repository/Register_Page/input_ADDRESS_NO'

2561-03-31 20:40:12 - [MESSAGE][PASSED] - Text '' is set on object 'Object Repository/Register_Page/input_ADDRESS_NO'

2561-03-31 20:40:12 - [TEST_STEP][PASSED] - setText: Text '' is set on object 'Object Repository/Register_Page/input_ADDRESS_MOO'

2561-03-31 20:40:12 - [MESSAGE][PASSED] - Text '' is set on object 'Object Repository/Register_Page/input_ADDRESS_MOO'

2561-03-31 20:40:12 - [TEST_STEP][PASSED] - setText: Text '' is set on object 'Object Repository/Register_Page/input_ADDRESS_ROAD'

2561-03-31 20:40:12 - [MESSAGE][PASSED] - Text '' is set on object 'Object Repository/Register_Page/input_ADDRESS_ROAD'

2561-03-31 20:40:12 - [TEST_STEP][PASSED] - selectOptionByValue: All options with value '' are selected in object 'Object Repository/Register_Page/ADDRESS_PROVINCE' 

2561-03-31 20:40:12 - [MESSAGE][PASSED] - All options with value '' are selected in object 'Object Repository/Register_Page/ADDRESS_PROVINCE' 

2561-03-31 20:40:12 - [TEST_STEP][PASSED] - setText: Text '' is set on object 'Object Repository/Register_Page/input_ADDRESS_POSTCODE'

2561-03-31 20:40:12 - [MESSAGE][PASSED] - Text '' is set on object 'Object Repository/Register_Page/input_ADDRESS_POSTCODE'

2561-03-31 20:40:12 - [TEST_STEP][PASSED] - selectOptionByValue: All options with value '' are selected in object 'Object Repository/Register_Page/select__3'  using regular expression

2561-03-31 20:40:13 - [MESSAGE][PASSED] - All options with value '' are selected in object 'Object Repository/Register_Page/select__3'  using regular expression

2561-03-31 20:40:13 - [TEST_STEP][PASSED] - setText: Text '' is set on object 'Object Repository/Register_Page/input_ADDRESS_ALL'

2561-03-31 20:40:13 - [MESSAGE][PASSED] - Text '' is set on object 'Object Repository/Register_Page/input_ADDRESS_ALL'

2561-03-31 20:40:13 - [TEST_STEP][PASSED] - setText: Text '' is set on object 'Object Repository/Register_Page/input_PHONE'

2561-03-31 20:40:13 - [MESSAGE][PASSED] - Text '' is set on object 'Object Repository/Register_Page/input_PHONE'

2561-03-31 20:40:13 - [TEST_STEP][PASSED] - setText: Text '' is set on object 'Object Repository/Register_Page/input_CELL_PHONE'

2561-03-31 20:40:13 - [MESSAGE][PASSED] - Text '' is set on object 'Object Repository/Register_Page/input_CELL_PHONE'

2561-03-31 20:40:13 - [TEST_STEP][PASSED] - setText: Text '' is set on object 'Object Repository/Register_Page/input_FAX'

2561-03-31 20:40:13 - [MESSAGE][PASSED] - Text '' is set on object 'Object Repository/Register_Page/input_FAX'

2561-03-31 20:40:13 - [TEST_STEP][PASSED] - click: Object: 'Object Repository/Register_Page/input_submit (1)' is clicked on

2561-03-31 20:40:14 - [MESSAGE][PASSED] - Object: 'Object Repository/Register_Page/input_submit (1)' is clicked on

2561-03-31 20:40:14 - [TEST_STEP][PASSED] - verifyTextPresent: Text 'กรุณากรอกรหัสสมาชิก' is present on page 

2561-03-31 20:40:14 - [MESSAGE][PASSED] - Text 'กรุณากรอกรหัสสมาชิก' is present on page 

2561-03-31 20:40:14 - [TEST_STEP][PASSED] - verifyTextPresent: Text 'กรุณากรอกรหัสผ่าน' is present on page 

2561-03-31 20:40:14 - [MESSAGE][PASSED] - Text 'กรุณากรอกรหัสผ่าน' is present on page 

2561-03-31 20:40:14 - [TEST_STEP][PASSED] - verifyTextPresent: Text 'กรุณายืนยันรหัสผ่านของท่าน' is present on page 

2561-03-31 20:40:14 - [MESSAGE][PASSED] - Text 'กรุณายืนยันรหัสผ่านของท่าน' is present on page 

2561-03-31 20:40:14 - [TEST_STEP][PASSED] - verifyTextPresent: Text 'กรุณากรอกชื่อ' is present on page 

2561-03-31 20:40:14 - [MESSAGE][PASSED] - Text 'กรุณากรอกชื่อ' is present on page 

2561-03-31 20:40:14 - [TEST_STEP][PASSED] - verifyTextPresent: Text 'กรุณากรอกนามสกุล' is present on page 

2561-03-31 20:40:14 - [MESSAGE][PASSED] - Text 'กรุณากรอกนามสกุล' is present on page 

2561-03-31 20:40:14 - [TEST_STEP][PASSED] - verifyTextPresent: Text 'กรุณากรอกชื่อภาษาอังกฤษ' is present on page 

2561-03-31 20:40:14 - [MESSAGE][PASSED] - Text 'กรุณากรอกชื่อภาษาอังกฤษ' is present on page 

2561-03-31 20:40:14 - [TEST_STEP][PASSED] - verifyTextPresent: Text 'กรุณากรอกนามสกุลภาษาอังกฤษ' is present on page 

2561-03-31 20:40:14 - [MESSAGE][PASSED] - Text 'กรุณากรอกนามสกุลภาษาอังกฤษ' is present on page 

2561-03-31 20:40:14 - [TEST_STEP][PASSED] - verifyTextPresent: Text 'กรุณาเลือกศาสนา' is present on page 

2561-03-31 20:40:15 - [MESSAGE][PASSED] - Text 'กรุณาเลือกศาสนา' is present on page 

2561-03-31 20:40:15 - [TEST_STEP][PASSED] - verifyTextPresent: Text 'กรุณาเลือกระดับการศึกษา' is present on page 

2561-03-31 20:40:15 - [MESSAGE][PASSED] - Text 'กรุณาเลือกระดับการศึกษา' is present on page 

2561-03-31 20:40:15 - [TEST_STEP][PASSED] - verifyTextPresent: Text 'กรุณาเลือกอาชีพ' is present on page 

2561-03-31 20:40:15 - [MESSAGE][PASSED] - Text 'กรุณาเลือกอาชีพ' is present on page 

2561-03-31 20:40:15 - [TEST_STEP][PASSED] - verifyTextPresent: Text 'กรุณาเลือกจังหวัด' is present on page 

2561-03-31 20:40:15 - [MESSAGE][PASSED] - Text 'กรุณาเลือกจังหวัด' is present on page 

2561-03-31 20:40:15 - [TEST_STEP][PASSED] - verifyTextPresent: Text 'กรุณาเลือกอำเภอ' is present on page 

2561-03-31 20:40:15 - [MESSAGE][PASSED] - Text 'กรุณาเลือกอำเภอ' is present on page 

2561-03-31 20:40:15 - [TEST_STEP][PASSED] - verifyTextPresent: Text 'กรุณาเลือกตำบล' is present on page 

2561-03-31 20:40:15 - [MESSAGE][PASSED] - Text 'กรุณาเลือกตำบล' is present on page 

2561-03-31 20:40:15 - [TEST_STEP][PASSED] - verifyTextPresent: Text 'กรุณากรอกรหัสไปรษณีย์' is present on page 

2561-03-31 20:40:15 - [MESSAGE][PASSED] - Text 'กรุณากรอกรหัสไปรษณีย์' is present on page 

2561-03-31 20:40:15 - [TEST_STEP][PASSED] - verifyTextPresent: Text 'กรุณาเลือกสถานะ การศึกษา,ทำงาน' is present on page 

2561-03-31 20:40:15 - [MESSAGE][PASSED] - Text 'กรุณาเลือกสถานะ การศึกษา,ทำงาน' is present on page 

2561-03-31 20:40:15 - [TEST_STEP][PASSED] - verifyTextPresent: Text 'กรุณากรอกเบอร์มือถือ' is present on page 

2561-03-31 20:40:16 - [MESSAGE][PASSED] - Text 'กรุณากรอกเบอร์มือถือ' is present on page 

2561-03-31 20:40:16 - [TEST_STEP][PASSED] - closeBrowser: Browser is closed

2561-03-31 20:40:16 - [MESSAGE][PASSED] - Browser is closed]]></system-out>
         <system-err><![CDATA[]]></system-err>
      </testcase>
      <system-out><![CDATA[2561-03-31 20:25:12 - [TEST_SUITE][PASSED] - Register: Test Cases/Register volunteer/Register47]]></system-out>
      <system-err><![CDATA[]]></system-err>
   </testsuite>
</testsuites>
